#
# There is insufficient memory for the Java Runtime Environment to continue.
# Native memory allocation (mmap) failed to map 253755392 bytes for G1 virtual space
# Possible reasons:
#   The system is out of physical RAM or swap space
#   The process is running with CompressedOops enabled, and the Java Heap may be blocking the growth of the native heap
# Possible solutions:
#   Reduce memory load on the system
#   Increase physical memory or swap space
#   Check if swap backing store is full
#   Decrease Java heap size (-Xmx/-Xms)
#   Decrease number of Java threads
#   Decrease Java thread stack sizes (-Xss)
#   Set larger code cache with -XX:ReservedCodeCacheSize=
#   JVM is running with Unscaled Compressed Oops mode in which the Java heap is
#     placed in the first 4GB address space. The Java Heap base address is the
#     maximum limit for the native heap growth. Please use -XX:HeapBaseMinAddress
#     to set the Java Heap base and to place the Java Heap above 4GB virtual address.
# This output file may be truncated or incomplete.
#
#  Out of Memory Error (os_windows.cpp:3769), pid=21460, tid=3092
#
# JRE version: OpenJDK Runtime Environment (17.0.6) (build 17.0.6+0-b2043.56-9746777)
# Java VM: OpenJDK 64-Bit Server VM (17.0.6+0-b2043.56-9746777, mixed mode, tiered, compressed oops, compressed class ptrs, g1 gc, windows-amd64)
# No core dump will be written. Minidumps are not enabled by default on client versions of Windows
#

---------------  S U M M A R Y ------------

Command Line: --add-opens=java.base/java.util=ALL-UNNAMED --add-opens=java.base/java.lang=ALL-UNNAMED --add-opens=java.base/java.lang.invoke=ALL-UNNAMED --add-opens=java.prefs/java.util.prefs=ALL-UNNAMED --add-opens=java.base/java.nio.charset=ALL-UNNAMED --add-opens=java.base/java.net=ALL-UNNAMED --add-opens=java.base/java.util.concurrent.atomic=ALL-UNNAMED -Xmx2048m -Dfile.encoding=UTF-8 -Duser.country=US -Duser.language=en -Duser.variant org.gradle.launcher.daemon.bootstrap.GradleDaemon 8.0

Host: 11th Gen Intel(R) Core(TM) i3-1115G4 @ 3.00GHz, 4 cores, 7G,  Windows 11 , 64 bit Build 22621 (10.0.22621.1485)
Time: Wed May  3 22:38:51 2023 SE Asia Standard Time elapsed time: 24.724959 seconds (0d 0h 0m 24s)

---------------  T H R E A D  ---------------

Current thread (0x000001d270566a30):  VMThread "VM Thread" [stack: 0x00000022f8100000,0x00000022f8200000] [id=3092]

Stack: [0x00000022f8100000,0x00000022f8200000]
Native frames: (J=compiled Java code, j=interpreted, Vv=VM code, C=native code)
V  [jvm.dll+0x683b8a]
V  [jvm.dll+0x842694]
V  [jvm.dll+0x843e3e]
V  [jvm.dll+0x8444a3]
V  [jvm.dll+0x249b75]
V  [jvm.dll+0x680a59]
V  [jvm.dll+0x674f4a]
V  [jvm.dll+0x309acb]
V  [jvm.dll+0x310f86]
V  [jvm.dll+0x3608ee]
V  [jvm.dll+0x360b1f]
V  [jvm.dll+0x2dfbf8]
V  [jvm.dll+0x2ddec4]
V  [jvm.dll+0x2dd4cc]
V  [jvm.dll+0x321f3b]
V  [jvm.dll+0x84897b]
V  [jvm.dll+0x8496b4]
V  [jvm.dll+0x849bcd]
V  [jvm.dll+0x849fa4]
V  [jvm.dll+0x84a070]
V  [jvm.dll+0x7f263a]
V  [jvm.dll+0x6829c5]
C  [ucrtbase.dll+0x29363]
C  [KERNEL32.DLL+0x1269d]
C  [ntdll.dll+0x5a9f8]

VM_Operation (0x00000022f9dfe470): G1CollectForAllocation, mode: safepoint, requested by thread 0x000001d2728f9090


---------------  P R O C E S S  ---------------

Threads class SMR info:
_java_thread_list=0x000001d27a21fcc0, length=86, elements={
0x000001d256fa6730, 0x000001d270568d70, 0x000001d27056d930, 0x000001d270596670,
0x000001d270597120, 0x000001d270597ad0, 0x000001d27101c4f0, 0x000001d27101d1d0,
0x000001d27101fc80, 0x000001d271087030, 0x000001d27119ee30, 0x000001d2711a5320,
0x000001d272514eb0, 0x000001d2734375a0, 0x000001d2729a9a70, 0x000001d27348df70,
0x000001d27360e010, 0x000001d2734689b0, 0x000001d27347da00, 0x000001d2728f9560,
0x000001d2728f73b0, 0x000001d2728f6070, 0x000001d2728f6540, 0x000001d2728f7880,
0x000001d2728f9090, 0x000001d2728f9a30, 0x000001d2728f7d50, 0x000001d2728f8bc0,
0x000001d2728f6a10, 0x000001d2728f86f0, 0x000001d2728f6ee0, 0x000001d27430fa00,
0x000001d27430fed0, 0x000001d274310d40, 0x000001d2743168b0, 0x000001d274312080,
0x000001d274311bb0, 0x000001d274311210, 0x000001d274315570, 0x000001d274313d60,
0x000001d2743103a0, 0x000001d274312a20, 0x000001d27430f530, 0x000001d274315a40,
0x000001d274312ef0, 0x000001d274314230, 0x000001d2743163e0, 0x000001d274314bd0,
0x000001d27578ca40, 0x000001d275789080, 0x000001d27578cf10, 0x000001d275789550,
0x000001d275789ef0, 0x000001d275788210, 0x000001d27578a3c0, 0x000001d27578c0a0,
0x000001d27578d3e0, 0x000001d2757886e0, 0x000001d27578a890, 0x000001d27578d8b0,
0x000001d27578ad60, 0x000001d27578c570, 0x000001d275786060, 0x000001d275788bb0,
0x000001d275786530, 0x000001d27578b230, 0x000001d27578b700, 0x000001d275789a20,
0x000001d27578bbd0, 0x000001d275787d40, 0x000001d275786a00, 0x000001d275786ed0,
0x000001d2757873a0, 0x000001d275787870, 0x000001d27378b320, 0x000001d273789170,
0x000001d273789b10, 0x000001d273784940, 0x000001d273788ca0, 0x000001d2737852e0,
0x000001d27378b7f0, 0x000001d273787e30, 0x000001d273785c80, 0x000001d273786150,
0x000001d273783fa0, 0x000001d2737887d0
}

Java Threads: ( => current thread )
  0x000001d256fa6730 JavaThread "main" [_thread_blocked, id=10508, stack(0x00000022f7b00000,0x00000022f7c00000)]
  0x000001d270568d70 JavaThread "Reference Handler" daemon [_thread_blocked, id=6648, stack(0x00000022f8200000,0x00000022f8300000)]
  0x000001d27056d930 JavaThread "Finalizer" daemon [_thread_blocked, id=12688, stack(0x00000022f8300000,0x00000022f8400000)]
  0x000001d270596670 JavaThread "Signal Dispatcher" daemon [_thread_blocked, id=668, stack(0x00000022f8400000,0x00000022f8500000)]
  0x000001d270597120 JavaThread "Attach Listener" daemon [_thread_blocked, id=16876, stack(0x00000022f8500000,0x00000022f8600000)]
  0x000001d270597ad0 JavaThread "Service Thread" daemon [_thread_blocked, id=19144, stack(0x00000022f8600000,0x00000022f8700000)]
  0x000001d27101c4f0 JavaThread "Monitor Deflation Thread" daemon [_thread_blocked, id=8184, stack(0x00000022f8700000,0x00000022f8800000)]
  0x000001d27101d1d0 JavaThread "C2 CompilerThread0" daemon [_thread_blocked, id=1912, stack(0x00000022f8800000,0x00000022f8900000)]
  0x000001d27101fc80 JavaThread "C1 CompilerThread0" daemon [_thread_blocked, id=17976, stack(0x00000022f8900000,0x00000022f8a00000)]
  0x000001d271087030 JavaThread "Sweeper thread" daemon [_thread_blocked, id=4140, stack(0x00000022f8a00000,0x00000022f8b00000)]
  0x000001d27119ee30 JavaThread "Common-Cleaner" daemon [_thread_blocked, id=19812, stack(0x00000022f8b00000,0x00000022f8c00000)]
  0x000001d2711a5320 JavaThread "Notification Thread" daemon [_thread_blocked, id=1424, stack(0x00000022f8c00000,0x00000022f8d00000)]
  0x000001d272514eb0 JavaThread "Daemon health stats" [_thread_blocked, id=22372, stack(0x00000022f9100000,0x00000022f9200000)]
  0x000001d2734375a0 JavaThread "Incoming local TCP Connector on port 57292" [_thread_in_native, id=19328, stack(0x00000022f9200000,0x00000022f9300000)]
  0x000001d2729a9a70 JavaThread "Daemon periodic checks" [_thread_blocked, id=19988, stack(0x00000022f9300000,0x00000022f9400000)]
  0x000001d27348df70 JavaThread "Daemon" [_thread_blocked, id=17500, stack(0x00000022f9400000,0x00000022f9500000)]
  0x000001d27360e010 JavaThread "Handler for socket connection from /127.0.0.1:57292 to /127.0.0.1:57293" [_thread_in_native, id=14212, stack(0x00000022f9500000,0x00000022f9600000)]
  0x000001d2734689b0 JavaThread "Cancel handler" [_thread_blocked, id=23560, stack(0x00000022f9600000,0x00000022f9700000)]
  0x000001d27347da00 JavaThread "Daemon worker" [_thread_blocked, id=4936, stack(0x00000022f9700000,0x00000022f9800000)]
  0x000001d2728f9560 JavaThread "Asynchronous log dispatcher for DefaultDaemonConnection: socket connection from /127.0.0.1:57292 to /127.0.0.1:57293" [_thread_blocked, id=3684, stack(0x00000022f9800000,0x00000022f9900000)]
  0x000001d2728f73b0 JavaThread "Stdin handler" [_thread_blocked, id=2164, stack(0x00000022f9900000,0x00000022f9a00000)]
  0x000001d2728f6070 JavaThread "Daemon client event forwarder" [_thread_blocked, id=23720, stack(0x00000022f9a00000,0x00000022f9b00000)]
  0x000001d2728f6540 JavaThread "Cache worker for journal cache (C:\Users\lenovo\.gradle\caches\journal-1)" [_thread_blocked, id=3380, stack(0x00000022f9b00000,0x00000022f9c00000)]
  0x000001d2728f7880 JavaThread "File lock request listener" [_thread_in_native, id=14780, stack(0x00000022f9c00000,0x00000022f9d00000)]
  0x000001d2728f9090 JavaThread "Cache worker for file hash cache (C:\Users\lenovo\.gradle\caches\8.0\fileHashes)" [_thread_blocked, id=22036, stack(0x00000022f9d00000,0x00000022f9e00000)]
  0x000001d2728f9a30 JavaThread "File watcher server" daemon [_thread_blocked, id=4680, stack(0x00000022f9e00000,0x00000022f9f00000)]
  0x000001d2728f7d50 JavaThread "File watcher consumer" daemon [_thread_blocked, id=15664, stack(0x00000022f9f00000,0x00000022fa000000)]
  0x000001d2728f8bc0 JavaThread "Cache worker for checksums cache (C:\MyData\Project\Adisti\.gradle\8.0\checksums)" [_thread_blocked, id=8608, stack(0x00000022fa000000,0x00000022fa100000)]
  0x000001d2728f6a10 JavaThread "Cache worker for cache directory md-rule (C:\Users\lenovo\.gradle\caches\8.0\md-rule)" [_thread_blocked, id=15136, stack(0x00000022fa100000,0x00000022fa200000)]
  0x000001d2728f86f0 JavaThread "Cache worker for file content cache (C:\Users\lenovo\.gradle\caches\8.0\fileContent)" [_thread_blocked, id=23240, stack(0x00000022fa200000,0x00000022fa300000)]
  0x000001d2728f6ee0 JavaThread "Cache worker for file hash cache (C:\MyData\Project\Adisti\.gradle\8.0\fileHashes)" [_thread_blocked, id=18380, stack(0x00000022fa300000,0x00000022fa400000)]
  0x000001d27430fa00 JavaThread "Cache worker for cache directory md-supplier (C:\Users\lenovo\.gradle\caches\8.0\md-supplier)" [_thread_blocked, id=14744, stack(0x00000022fa400000,0x00000022fa500000)]
  0x000001d27430fed0 JavaThread "Cache worker for execution history cache (C:\Users\lenovo\.gradle\caches\8.0\executionHistory)" [_thread_blocked, id=23544, stack(0x00000022fa500000,0x00000022fa600000)]
  0x000001d274310d40 JavaThread "jar transforms" [_thread_blocked, id=14696, stack(0x00000022fa600000,0x00000022fa700000)]
  0x000001d2743168b0 JavaThread "jar transforms Thread 2" [_thread_blocked, id=18688, stack(0x00000022fa700000,0x00000022fa800000)]
  0x000001d274312080 JavaThread "jar transforms Thread 3" [_thread_blocked, id=7844, stack(0x00000022fa800000,0x00000022fa900000)]
  0x000001d274311bb0 JavaThread "jar transforms Thread 4" [_thread_blocked, id=11464, stack(0x00000022fa900000,0x00000022faa00000)]
  0x000001d274311210 JavaThread "Cache worker for dependencies-accessors (C:\MyData\Project\Adisti\.gradle\8.0\dependencies-accessors)" [_thread_blocked, id=11340, stack(0x00000022faa00000,0x00000022fab00000)]
  0x000001d274315570 JavaThread "Cache worker for Build Output Cleanup Cache (C:\MyData\Project\Adisti\.gradle\buildOutputCleanup)" [_thread_blocked, id=21992, stack(0x00000022fab00000,0x00000022fac00000)]
  0x000001d274313d60 JavaThread "Unconstrained build operations" [_thread_blocked, id=13328, stack(0x00000022fad00000,0x00000022fae00000)]
  0x000001d2743103a0 JavaThread "Unconstrained build operations Thread 2" [_thread_blocked, id=7712, stack(0x00000022fae00000,0x00000022faf00000)]
  0x000001d274312a20 JavaThread "Unconstrained build operations Thread 3" [_thread_blocked, id=13960, stack(0x00000022faf00000,0x00000022fb000000)]
  0x000001d27430f530 JavaThread "Unconstrained build operations Thread 4" [_thread_blocked, id=2096, stack(0x00000022fb000000,0x00000022fb100000)]
  0x000001d274315a40 JavaThread "Unconstrained build operations Thread 5" [_thread_blocked, id=19920, stack(0x00000022fb100000,0x00000022fb200000)]
  0x000001d274312ef0 JavaThread "Unconstrained build operations Thread 6" [_thread_blocked, id=21400, stack(0x00000022fb200000,0x00000022fb300000)]
  0x000001d274314230 JavaThread "Unconstrained build operations Thread 7" [_thread_blocked, id=24436, stack(0x00000022fb300000,0x00000022fb400000)]
  0x000001d2743163e0 JavaThread "Unconstrained build operations Thread 8" [_thread_blocked, id=15968, stack(0x00000022fb400000,0x00000022fb500000)]
  0x000001d274314bd0 JavaThread "Unconstrained build operations Thread 9" [_thread_blocked, id=7136, stack(0x00000022fb500000,0x00000022fb600000)]
  0x000001d27578ca40 JavaThread "Unconstrained build operations Thread 10" [_thread_blocked, id=7764, stack(0x00000022fb600000,0x00000022fb700000)]
  0x000001d275789080 JavaThread "Unconstrained build operations Thread 11" [_thread_blocked, id=11860, stack(0x00000022fb700000,0x00000022fb800000)]
  0x000001d27578cf10 JavaThread "Unconstrained build operations Thread 12" [_thread_blocked, id=11600, stack(0x00000022fb800000,0x00000022fb900000)]
  0x000001d275789550 JavaThread "Unconstrained build operations Thread 13" [_thread_blocked, id=14404, stack(0x00000022fb900000,0x00000022fba00000)]
  0x000001d275789ef0 JavaThread "Unconstrained build operations Thread 14" [_thread_blocked, id=14168, stack(0x00000022fba00000,0x00000022fbb00000)]
  0x000001d275788210 JavaThread "Unconstrained build operations Thread 15" [_thread_blocked, id=21512, stack(0x00000022fbb00000,0x00000022fbc00000)]
  0x000001d27578a3c0 JavaThread "Unconstrained build operations Thread 16" [_thread_blocked, id=16192, stack(0x00000022fbc00000,0x00000022fbd00000)]
  0x000001d27578c0a0 JavaThread "Unconstrained build operations Thread 17" [_thread_blocked, id=21252, stack(0x00000022fbd00000,0x00000022fbe00000)]
  0x000001d27578d3e0 JavaThread "Unconstrained build operations Thread 18" [_thread_blocked, id=7356, stack(0x00000022fbe00000,0x00000022fbf00000)]
  0x000001d2757886e0 JavaThread "Unconstrained build operations Thread 19" [_thread_blocked, id=24164, stack(0x00000022fbf00000,0x00000022fc000000)]
  0x000001d27578a890 JavaThread "Unconstrained build operations Thread 20" [_thread_blocked, id=20228, stack(0x00000022fc000000,0x00000022fc100000)]
  0x000001d27578d8b0 JavaThread "Unconstrained build operations Thread 21" [_thread_blocked, id=14128, stack(0x00000022fc100000,0x00000022fc200000)]
  0x000001d27578ad60 JavaThread "Unconstrained build operations Thread 22" [_thread_blocked, id=22676, stack(0x00000022fc200000,0x00000022fc300000)]
  0x000001d27578c570 JavaThread "Unconstrained build operations Thread 23" [_thread_blocked, id=5784, stack(0x00000022fc300000,0x00000022fc400000)]
  0x000001d275786060 JavaThread "Unconstrained build operations Thread 24" [_thread_blocked, id=3888, stack(0x00000022fc400000,0x00000022fc500000)]
  0x000001d275788bb0 JavaThread "Unconstrained build operations Thread 25" [_thread_blocked, id=9148, stack(0x00000022fc500000,0x00000022fc600000)]
  0x000001d275786530 JavaThread "Unconstrained build operations Thread 26" [_thread_blocked, id=12796, stack(0x00000022fc600000,0x00000022fc700000)]
  0x000001d27578b230 JavaThread "Unconstrained build operations Thread 27" [_thread_blocked, id=3688, stack(0x00000022fc700000,0x00000022fc800000)]
  0x000001d27578b700 JavaThread "Unconstrained build operations Thread 28" [_thread_blocked, id=13352, stack(0x00000022fc800000,0x00000022fc900000)]
  0x000001d275789a20 JavaThread "Unconstrained build operations Thread 29" [_thread_blocked, id=22828, stack(0x00000022fc900000,0x00000022fca00000)]
  0x000001d27578bbd0 JavaThread "Unconstrained build operations Thread 30" [_thread_blocked, id=11796, stack(0x00000022fca00000,0x00000022fcb00000)]
  0x000001d275787d40 JavaThread "Unconstrained build operations Thread 31" [_thread_blocked, id=2688, stack(0x00000022fcb00000,0x00000022fcc00000)]
  0x000001d275786a00 JavaThread "Unconstrained build operations Thread 32" [_thread_blocked, id=10192, stack(0x00000022fcc00000,0x00000022fcd00000)]
  0x000001d275786ed0 JavaThread "Unconstrained build operations Thread 33" [_thread_blocked, id=19608, stack(0x00000022fcd00000,0x00000022fce00000)]
  0x000001d2757873a0 JavaThread "Unconstrained build operations Thread 34" [_thread_blocked, id=4268, stack(0x00000022fce00000,0x00000022fcf00000)]
  0x000001d275787870 JavaThread "Unconstrained build operations Thread 35" [_thread_blocked, id=9116, stack(0x00000022fcf00000,0x00000022fd000000)]
  0x000001d27378b320 JavaThread "Unconstrained build operations Thread 36" [_thread_blocked, id=23872, stack(0x00000022fd000000,0x00000022fd100000)]
  0x000001d273789170 JavaThread "Unconstrained build operations Thread 37" [_thread_blocked, id=11296, stack(0x00000022fd100000,0x00000022fd200000)]
  0x000001d273789b10 JavaThread "Unconstrained build operations Thread 38" [_thread_blocked, id=20908, stack(0x00000022fd200000,0x00000022fd300000)]
  0x000001d273784940 JavaThread "Unconstrained build operations Thread 39" [_thread_blocked, id=21984, stack(0x00000022fd300000,0x00000022fd400000)]
  0x000001d273788ca0 JavaThread "Unconstrained build operations Thread 40" [_thread_blocked, id=6796, stack(0x00000022fd400000,0x00000022fd500000)]
  0x000001d2737852e0 JavaThread "build event listener" [_thread_blocked, id=23932, stack(0x00000022fac00000,0x00000022fad00000)]
  0x000001d27378b7f0 JavaThread "Memory manager" [_thread_blocked, id=15920, stack(0x00000022fd500000,0x00000022fd600000)]
  0x000001d273787e30 JavaThread "included builds" [_thread_blocked, id=17832, stack(0x00000022fd700000,0x00000022fd800000)]
  0x000001d273785c80 JavaThread "Execution worker" [_thread_blocked, id=19780, stack(0x00000022fd800000,0x00000022fd900000)]
  0x000001d273786150 JavaThread "Execution worker Thread 2" [_thread_blocked, id=18008, stack(0x00000022fd900000,0x00000022fda00000)]
  0x000001d273783fa0 JavaThread "Execution worker Thread 3" [_thread_blocked, id=23164, stack(0x00000022fda00000,0x00000022fdb00000)]
  0x000001d2737887d0 JavaThread "Cache worker for execution history cache (C:\MyData\Project\Adisti\.gradle\8.0\executionHistory)" [_thread_blocked, id=21096, stack(0x00000022fdb00000,0x00000022fdc00000)]

Other Threads:
=>0x000001d270566a30 VMThread "VM Thread" [stack: 0x00000022f8100000,0x00000022f8200000] [id=3092]
  0x000001d2704ee110 WatcherThread [stack: 0x00000022f8d00000,0x00000022f8e00000] [id=21476]
  0x000001d257000f60 GCTaskThread "GC Thread#0" [stack: 0x00000022f7c00000,0x00000022f7d00000] [id=19532]
  0x000001d271877d80 GCTaskThread "GC Thread#1" [stack: 0x00000022f8e00000,0x00000022f8f00000] [id=9988]
  0x000001d271878030 GCTaskThread "GC Thread#2" [stack: 0x00000022f8f00000,0x00000022f9000000] [id=17924]
  0x000001d271f3af60 GCTaskThread "GC Thread#3" [stack: 0x00000022f9000000,0x00000022f9100000] [id=620]
  0x000001d257011ea0 ConcurrentGCThread "G1 Main Marker" [stack: 0x00000022f7d00000,0x00000022f7e00000] [id=19784]
  0x000001d2570128b0 ConcurrentGCThread "G1 Conc#0" [stack: 0x00000022f7e00000,0x00000022f7f00000] [id=2016]
  0x000001d257069a70 ConcurrentGCThread "G1 Refine#0" [stack: 0x00000022f7f00000,0x00000022f8000000] [id=7972]
  0x000001d277eb4e10 ConcurrentGCThread "G1 Refine#1" [stack: 0x00000022fd600000,0x00000022fd700000] [id=5280]
  0x000001d2703c05f0 ConcurrentGCThread "G1 Service" [stack: 0x00000022f8000000,0x00000022f8100000] [id=23144]

Threads with active compile tasks:
C2 CompilerThread0    24751 9481       4       org.gradle.cache.internal.btree.BTreePersistentIndexedCache$IndexBlock::read (94 bytes)

VM state: at safepoint (normal execution)

VM Mutex/Monitor currently owned by a thread:  ([mutex/lock_event])
[0x000001d256fa0110] Threads_lock - owner thread: 0x000001d270566a30
[0x000001d256fa0a10] Heap_lock - owner thread: 0x000001d2728f9090

Heap address: 0x0000000080000000, size: 2048 MB, Compressed Oops mode: 32-bit

CDS archive(s) not mapped
Compressed class space mapped at: 0x0000000100000000-0x0000000140000000, reserved size: 1073741824
Narrow klass base: 0x0000000000000000, Narrow klass shift: 3, Narrow klass range: 0x140000000

GC Precious Log:
 CPUs: 4 total, 4 available
 Memory: 7991M
 Large Page Support: Disabled
 NUMA Support: Disabled
 Compressed Oops: Enabled (32-bit)
 Heap Region Size: 1M
 Heap Min Capacity: 8M
 Heap Initial Capacity: 126M
 Heap Max Capacity: 2G
 Pre-touch: Disabled
 Parallel Workers: 4
 Concurrent Workers: 1
 Concurrent Refinement Workers: 4
 Periodic GC: Disabled

Heap:
 garbage-first heap   total 160768K, used 81920K [0x0000000080000000, 0x0000000100000000)
  region size 1024K, 7 young (7168K), 7 survivors (7168K)
 Metaspace       used 86420K, committed 87040K, reserved 1130496K
  class space    used 11905K, committed 12160K, reserved 1048576K

Heap Regions: E=young(eden), S=young(survivor), O=old, HS=humongous(starts), HC=humongous(continues), CS=collection set, F=free, OA=open archive, CA=closed archive, TAMS=top-at-mark-start (previous, next)
|   0|0x0000000080000000, 0x0000000080100000, 0x0000000080100000|100%| O|  |TAMS 0x0000000080100000, 0x0000000080000000| Untracked 
|   1|0x0000000080100000, 0x0000000080200000, 0x0000000080200000|100%| O|  |TAMS 0x0000000080200000, 0x0000000080100000| Untracked 
|   2|0x0000000080200000, 0x0000000080300000, 0x0000000080300000|100%|HS|  |TAMS 0x0000000080300000, 0x0000000080200000| Complete 
|   3|0x0000000080300000, 0x0000000080400000, 0x0000000080400000|100%|HC|  |TAMS 0x0000000080400000, 0x0000000080300000| Complete 
|   4|0x0000000080400000, 0x0000000080500000, 0x0000000080500000|100%|HC|  |TAMS 0x0000000080500000, 0x0000000080400000| Complete 
|   5|0x0000000080500000, 0x0000000080600000, 0x0000000080600000|100%|HC|  |TAMS 0x0000000080600000, 0x0000000080500000| Complete 
|   6|0x0000000080600000, 0x0000000080700000, 0x0000000080700000|100%| O|  |TAMS 0x0000000080700000, 0x0000000080600000| Untracked 
|   7|0x0000000080700000, 0x0000000080800000, 0x0000000080800000|100%| O|  |TAMS 0x0000000080800000, 0x0000000080700000| Untracked 
|   8|0x0000000080800000, 0x0000000080900000, 0x0000000080900000|100%| O|  |TAMS 0x0000000080900000, 0x0000000080800000| Untracked 
|   9|0x0000000080900000, 0x0000000080a00000, 0x0000000080a00000|100%| O|  |TAMS 0x0000000080a00000, 0x0000000080900000| Untracked 
|  10|0x0000000080a00000, 0x0000000080b00000, 0x0000000080b00000|100%| O|  |TAMS 0x0000000080b00000, 0x0000000080a00000| Untracked 
|  11|0x0000000080b00000, 0x0000000080c00000, 0x0000000080c00000|100%| O|  |TAMS 0x0000000080c00000, 0x0000000080b00000| Untracked 
|  12|0x0000000080c00000, 0x0000000080d00000, 0x0000000080d00000|100%| O|  |TAMS 0x0000000080d00000, 0x0000000080c00000| Untracked 
|  13|0x0000000080d00000, 0x0000000080e00000, 0x0000000080e00000|100%| O|  |TAMS 0x0000000080e00000, 0x0000000080d00000| Untracked 
|  14|0x0000000080e00000, 0x0000000080f00000, 0x0000000080f00000|100%| O|  |TAMS 0x0000000080f00000, 0x0000000080e00000| Untracked 
|  15|0x0000000080f00000, 0x0000000081000000, 0x0000000081000000|100%| O|  |TAMS 0x0000000081000000, 0x0000000080f00000| Untracked 
|  16|0x0000000081000000, 0x0000000081100000, 0x0000000081100000|100%| O|  |TAMS 0x0000000081100000, 0x0000000081000000| Untracked 
|  17|0x0000000081100000, 0x0000000081200000, 0x0000000081200000|100%| O|  |TAMS 0x0000000081200000, 0x0000000081100000| Untracked 
|  18|0x0000000081200000, 0x0000000081300000, 0x0000000081300000|100%| O|  |TAMS 0x0000000081300000, 0x0000000081200000| Untracked 
|  19|0x0000000081300000, 0x0000000081400000, 0x0000000081400000|100%| O|  |TAMS 0x0000000081400000, 0x0000000081300000| Untracked 
|  20|0x0000000081400000, 0x0000000081500000, 0x0000000081500000|100%| O|  |TAMS 0x0000000081500000, 0x0000000081400000| Untracked 
|  21|0x0000000081500000, 0x0000000081600000, 0x0000000081600000|100%| O|  |TAMS 0x0000000081600000, 0x0000000081500000| Untracked 
|  22|0x0000000081600000, 0x0000000081700000, 0x0000000081700000|100%| O|  |TAMS 0x0000000081700000, 0x0000000081600000| Untracked 
|  23|0x0000000081700000, 0x0000000081800000, 0x0000000081800000|100%| O|  |TAMS 0x0000000081800000, 0x0000000081700000| Untracked 
|  24|0x0000000081800000, 0x0000000081900000, 0x0000000081900000|100%| O|  |TAMS 0x0000000081900000, 0x0000000081800000| Untracked 
|  25|0x0000000081900000, 0x0000000081a00000, 0x0000000081a00000|100%| O|  |TAMS 0x0000000081a00000, 0x0000000081900000| Untracked 
|  26|0x0000000081a00000, 0x0000000081b00000, 0x0000000081b00000|100%| O|  |TAMS 0x0000000081b00000, 0x0000000081a00000| Untracked 
|  27|0x0000000081b00000, 0x0000000081c00000, 0x0000000081c00000|100%| O|  |TAMS 0x0000000081c00000, 0x0000000081b00000| Untracked 
|  28|0x0000000081c00000, 0x0000000081d00000, 0x0000000081d00000|100%| O|  |TAMS 0x0000000081d00000, 0x0000000081c00000| Untracked 
|  29|0x0000000081d00000, 0x0000000081e00000, 0x0000000081e00000|100%| O|  |TAMS 0x0000000081e00000, 0x0000000081d00000| Untracked 
|  30|0x0000000081e00000, 0x0000000081f00000, 0x0000000081f00000|100%| O|  |TAMS 0x0000000081f00000, 0x0000000081e00000| Untracked 
|  31|0x0000000081f00000, 0x0000000082000000, 0x0000000082000000|100%| O|  |TAMS 0x0000000082000000, 0x0000000081f00000| Untracked 
|  32|0x0000000082000000, 0x0000000082100000, 0x0000000082100000|100%|HS|  |TAMS 0x0000000082100000, 0x0000000082000000| Complete 
|  33|0x0000000082100000, 0x0000000082200000, 0x0000000082200000|100%| O|  |TAMS 0x0000000082200000, 0x0000000082100000| Untracked 
|  34|0x0000000082200000, 0x0000000082300000, 0x0000000082300000|100%|HS|  |TAMS 0x0000000082300000, 0x0000000082200000| Complete 
|  35|0x0000000082300000, 0x0000000082400000, 0x0000000082400000|100%| O|  |TAMS 0x0000000082400000, 0x0000000082300000| Untracked 
|  36|0x0000000082400000, 0x0000000082500000, 0x0000000082500000|100%| O|  |TAMS 0x0000000082500000, 0x0000000082400000| Untracked 
|  37|0x0000000082500000, 0x0000000082600000, 0x0000000082600000|100%| O|  |TAMS 0x0000000082600000, 0x0000000082500000| Untracked 
|  38|0x0000000082600000, 0x0000000082700000, 0x0000000082700000|100%| O|  |TAMS 0x0000000082700000, 0x0000000082600000| Untracked 
|  39|0x0000000082700000, 0x0000000082800000, 0x0000000082800000|100%| O|  |TAMS 0x0000000082800000, 0x0000000082700000| Untracked 
|  40|0x0000000082800000, 0x0000000082900000, 0x0000000082900000|100%| O|  |TAMS 0x0000000082900000, 0x0000000082800000| Untracked 
|  41|0x0000000082900000, 0x0000000082a00000, 0x0000000082a00000|100%| O|  |TAMS 0x0000000082a00000, 0x0000000082900000| Untracked 
|  42|0x0000000082a00000, 0x0000000082b00000, 0x0000000082b00000|100%| O|  |TAMS 0x0000000082b00000, 0x0000000082a00000| Untracked 
|  43|0x0000000082b00000, 0x0000000082c00000, 0x0000000082c00000|100%| O|  |TAMS 0x0000000082c00000, 0x0000000082b00000| Untracked 
|  44|0x0000000082c00000, 0x0000000082d00000, 0x0000000082d00000|100%| O|  |TAMS 0x0000000082d00000, 0x0000000082c00000| Untracked 
|  45|0x0000000082d00000, 0x0000000082e00000, 0x0000000082e00000|100%| O|  |TAMS 0x0000000082e00000, 0x0000000082d00000| Untracked 
|  46|0x0000000082e00000, 0x0000000082f00000, 0x0000000082f00000|100%| O|  |TAMS 0x0000000082f00000, 0x0000000082e00000| Untracked 
|  47|0x0000000082f00000, 0x0000000083000000, 0x0000000083000000|100%| O|  |TAMS 0x0000000083000000, 0x0000000082f00000| Untracked 
|  48|0x0000000083000000, 0x0000000083100000, 0x0000000083100000|100%| O|  |TAMS 0x0000000083100000, 0x0000000083000000| Untracked 
|  49|0x0000000083100000, 0x0000000083200000, 0x0000000083200000|100%| O|  |TAMS 0x0000000083200000, 0x0000000083100000| Untracked 
|  50|0x0000000083200000, 0x0000000083300000, 0x0000000083300000|100%| O|  |TAMS 0x0000000083300000, 0x0000000083200000| Untracked 
|  51|0x0000000083300000, 0x0000000083400000, 0x0000000083400000|100%| O|  |TAMS 0x0000000083400000, 0x0000000083300000| Untracked 
|  52|0x0000000083400000, 0x0000000083500000, 0x0000000083500000|100%| O|  |TAMS 0x0000000083500000, 0x0000000083400000| Untracked 
|  53|0x0000000083500000, 0x0000000083600000, 0x0000000083600000|100%| O|  |TAMS 0x0000000083500000, 0x0000000083500000| Untracked 
|  54|0x0000000083600000, 0x0000000083700000, 0x0000000083700000|100%| O|  |TAMS 0x0000000083600000, 0x0000000083600000| Untracked 
|  55|0x0000000083700000, 0x0000000083800000, 0x0000000083800000|100%| O|  |TAMS 0x0000000083800000, 0x0000000083700000| Untracked 
|  56|0x0000000083800000, 0x0000000083900000, 0x0000000083900000|100%| O|  |TAMS 0x0000000083900000, 0x0000000083800000| Untracked 
|  57|0x0000000083900000, 0x0000000083a00000, 0x0000000083a00000|100%| O|  |TAMS 0x0000000083a00000, 0x0000000083900000| Untracked 
|  58|0x0000000083a00000, 0x0000000083b00000, 0x0000000083b00000|100%| O|  |TAMS 0x0000000083b00000, 0x0000000083a00000| Untracked 
|  59|0x0000000083b00000, 0x0000000083c00000, 0x0000000083c00000|100%| O|  |TAMS 0x0000000083c00000, 0x0000000083b00000| Untracked 
|  60|0x0000000083c00000, 0x0000000083d00000, 0x0000000083d00000|100%| O|  |TAMS 0x0000000083d00000, 0x0000000083c00000| Untracked 
|  61|0x0000000083d00000, 0x0000000083e00000, 0x0000000083e00000|100%| O|  |TAMS 0x0000000083e00000, 0x0000000083d00000| Untracked 
|  62|0x0000000083e00000, 0x0000000083f00000, 0x0000000083f00000|100%| O|  |TAMS 0x0000000083ef2a00, 0x0000000083e00000| Untracked 
|  63|0x0000000083f00000, 0x0000000084000000, 0x0000000084000000|100%| O|  |TAMS 0x0000000083f00000, 0x0000000083f00000| Untracked 
|  64|0x0000000084000000, 0x0000000084100000, 0x0000000084100000|100%| O|  |TAMS 0x0000000084000000, 0x0000000084000000| Untracked 
|  65|0x0000000084100000, 0x0000000084200000, 0x0000000084200000|100%| O|  |TAMS 0x0000000084100000, 0x0000000084100000| Untracked 
|  66|0x0000000084200000, 0x0000000084300000, 0x0000000084300000|100%| O|  |TAMS 0x0000000084200000, 0x0000000084200000| Untracked 
|  67|0x0000000084300000, 0x0000000084400000, 0x0000000084400000|100%| O|  |TAMS 0x0000000084300000, 0x0000000084300000| Untracked 
|  68|0x0000000084400000, 0x0000000084500000, 0x0000000084500000|100%| O|  |TAMS 0x0000000084400000, 0x0000000084400000| Untracked 
|  69|0x0000000084500000, 0x0000000084600000, 0x0000000084600000|100%| O|  |TAMS 0x0000000084500000, 0x0000000084500000| Untracked 
|  70|0x0000000084600000, 0x0000000084700000, 0x0000000084700000|100%| O|  |TAMS 0x0000000084600000, 0x0000000084600000| Untracked 
|  71|0x0000000084700000, 0x0000000084800000, 0x0000000084800000|100%| O|  |TAMS 0x0000000084700000, 0x0000000084700000| Untracked 
|  72|0x0000000084800000, 0x0000000084900000, 0x0000000084900000|100%| O|  |TAMS 0x0000000084800000, 0x0000000084800000| Untracked 
|  73|0x0000000084900000, 0x0000000084900000, 0x0000000084a00000|  0%| F|  |TAMS 0x0000000084900000, 0x0000000084900000| Untracked 
|  74|0x0000000084a00000, 0x0000000084a00000, 0x0000000084b00000|  0%| F|  |TAMS 0x0000000084a00000, 0x0000000084a00000| Untracked 
|  75|0x0000000084b00000, 0x0000000084b00000, 0x0000000084c00000|  0%| F|  |TAMS 0x0000000084b00000, 0x0000000084b00000| Untracked 
|  76|0x0000000084c00000, 0x0000000084c00000, 0x0000000084d00000|  0%| F|  |TAMS 0x0000000084c00000, 0x0000000084c00000| Untracked 
|  77|0x0000000084d00000, 0x0000000084d00000, 0x0000000084e00000|  0%| F|  |TAMS 0x0000000084d00000, 0x0000000084d00000| Untracked 
|  78|0x0000000084e00000, 0x0000000084e00000, 0x0000000084f00000|  0%| F|  |TAMS 0x0000000084e00000, 0x0000000084e00000| Untracked 
|  79|0x0000000084f00000, 0x0000000084f00000, 0x0000000085000000|  0%| F|  |TAMS 0x0000000084f00000, 0x0000000084f00000| Untracked 
|  80|0x0000000085000000, 0x0000000085000000, 0x0000000085100000|  0%| F|  |TAMS 0x0000000085000000, 0x0000000085000000| Untracked 
|  81|0x0000000085100000, 0x0000000085100000, 0x0000000085200000|  0%| F|  |TAMS 0x0000000085100000, 0x0000000085100000| Untracked 
|  82|0x0000000085200000, 0x0000000085200000, 0x0000000085300000|  0%| F|  |TAMS 0x0000000085200000, 0x0000000085200000| Untracked 
|  83|0x0000000085300000, 0x0000000085300000, 0x0000000085400000|  0%| F|  |TAMS 0x0000000085300000, 0x0000000085300000| Untracked 
|  84|0x0000000085400000, 0x0000000085400000, 0x0000000085500000|  0%| F|  |TAMS 0x0000000085400000, 0x0000000085400000| Untracked 
|  85|0x0000000085500000, 0x0000000085500000, 0x0000000085600000|  0%| F|  |TAMS 0x0000000085500000, 0x0000000085500000| Untracked 
|  86|0x0000000085600000, 0x0000000085600000, 0x0000000085700000|  0%| F|  |TAMS 0x0000000085600000, 0x0000000085600000| Untracked 
|  87|0x0000000085700000, 0x0000000085700000, 0x0000000085800000|  0%| F|  |TAMS 0x0000000085700000, 0x0000000085700000| Untracked 
|  88|0x0000000085800000, 0x0000000085800000, 0x0000000085900000|  0%| F|  |TAMS 0x0000000085800000, 0x0000000085800000| Untracked 
|  89|0x0000000085900000, 0x0000000085900000, 0x0000000085a00000|  0%| F|  |TAMS 0x0000000085900000, 0x0000000085900000| Untracked 
|  90|0x0000000085a00000, 0x0000000085a00000, 0x0000000085b00000|  0%| F|  |TAMS 0x0000000085a00000, 0x0000000085a00000| Untracked 
|  91|0x0000000085b00000, 0x0000000085b00000, 0x0000000085c00000|  0%| F|  |TAMS 0x0000000085b00000, 0x0000000085b00000| Untracked 
|  92|0x0000000085c00000, 0x0000000085c00000, 0x0000000085d00000|  0%| F|  |TAMS 0x0000000085c00000, 0x0000000085c00000| Untracked 
|  93|0x0000000085d00000, 0x0000000085d00000, 0x0000000085e00000|  0%| F|  |TAMS 0x0000000085d00000, 0x0000000085d00000| Untracked 
|  94|0x0000000085e00000, 0x0000000085e00000, 0x0000000085f00000|  0%| F|  |TAMS 0x0000000085e00000, 0x0000000085e00000| Untracked 
|  95|0x0000000085f00000, 0x0000000085f00000, 0x0000000086000000|  0%| F|  |TAMS 0x0000000085f00000, 0x0000000085f00000| Untracked 
|  96|0x0000000086000000, 0x0000000086100000, 0x0000000086100000|100%| S|CS|TAMS 0x0000000086000000, 0x0000000086000000| Complete 
|  97|0x0000000086100000, 0x0000000086200000, 0x0000000086200000|100%| S|CS|TAMS 0x0000000086100000, 0x0000000086100000| Complete 
|  98|0x0000000086200000, 0x0000000086300000, 0x0000000086300000|100%| S|CS|TAMS 0x0000000086200000, 0x0000000086200000| Complete 
|  99|0x0000000086300000, 0x0000000086400000, 0x0000000086400000|100%| S|CS|TAMS 0x0000000086300000, 0x0000000086300000| Complete 
| 100|0x0000000086400000, 0x0000000086500000, 0x0000000086500000|100%| S|CS|TAMS 0x0000000086400000, 0x0000000086400000| Complete 
| 101|0x0000000086500000, 0x0000000086600000, 0x0000000086600000|100%| S|CS|TAMS 0x0000000086500000, 0x0000000086500000| Complete 
| 102|0x0000000086600000, 0x0000000086700000, 0x0000000086700000|100%| S|CS|TAMS 0x0000000086600000, 0x0000000086600000| Complete 
| 103|0x0000000086700000, 0x0000000086700000, 0x0000000086800000|  0%| F|  |TAMS 0x0000000086700000, 0x0000000086700000| Untracked 
| 104|0x0000000086800000, 0x0000000086800000, 0x0000000086900000|  0%| F|  |TAMS 0x0000000086800000, 0x0000000086800000| Untracked 
| 105|0x0000000086900000, 0x0000000086900000, 0x0000000086a00000|  0%| F|  |TAMS 0x0000000086900000, 0x0000000086900000| Untracked 
| 106|0x0000000086a00000, 0x0000000086a00000, 0x0000000086b00000|  0%| F|  |TAMS 0x0000000086a00000, 0x0000000086a00000| Untracked 
| 107|0x0000000086b00000, 0x0000000086b00000, 0x0000000086c00000|  0%| F|  |TAMS 0x0000000086b00000, 0x0000000086b00000| Untracked 
| 108|0x0000000086c00000, 0x0000000086c00000, 0x0000000086d00000|  0%| F|  |TAMS 0x0000000086c00000, 0x0000000086c00000| Untracked 
| 109|0x0000000086d00000, 0x0000000086d00000, 0x0000000086e00000|  0%| F|  |TAMS 0x0000000086d00000, 0x0000000086d00000| Untracked 
| 110|0x0000000086e00000, 0x0000000086e00000, 0x0000000086f00000|  0%| F|  |TAMS 0x0000000086e00000, 0x0000000086e00000| Untracked 
| 111|0x0000000086f00000, 0x0000000086f00000, 0x0000000087000000|  0%| F|  |TAMS 0x0000000086f00000, 0x0000000086f00000| Untracked 
| 112|0x0000000087000000, 0x0000000087000000, 0x0000000087100000|  0%| F|  |TAMS 0x0000000087000000, 0x0000000087000000| Untracked 
| 113|0x0000000087100000, 0x0000000087100000, 0x0000000087200000|  0%| F|  |TAMS 0x0000000087100000, 0x0000000087100000| Untracked 
| 114|0x0000000087200000, 0x0000000087200000, 0x0000000087300000|  0%| F|  |TAMS 0x0000000087200000, 0x0000000087200000| Untracked 
| 115|0x0000000087300000, 0x0000000087300000, 0x0000000087400000|  0%| F|  |TAMS 0x0000000087300000, 0x0000000087300000| Untracked 
| 116|0x0000000087400000, 0x0000000087400000, 0x0000000087500000|  0%| F|  |TAMS 0x0000000087400000, 0x0000000087400000| Untracked 
| 117|0x0000000087500000, 0x0000000087500000, 0x0000000087600000|  0%| F|  |TAMS 0x0000000087500000, 0x0000000087500000| Untracked 
| 118|0x0000000087600000, 0x0000000087600000, 0x0000000087700000|  0%| F|  |TAMS 0x0000000087600000, 0x0000000087600000| Untracked 
| 119|0x0000000087700000, 0x0000000087700000, 0x0000000087800000|  0%| F|  |TAMS 0x0000000087700000, 0x0000000087700000| Untracked 
| 120|0x0000000087800000, 0x0000000087800000, 0x0000000087900000|  0%| F|  |TAMS 0x0000000087800000, 0x0000000087800000| Untracked 
| 121|0x0000000087900000, 0x0000000087900000, 0x0000000087a00000|  0%| F|  |TAMS 0x0000000087900000, 0x0000000087900000| Untracked 
| 122|0x0000000087a00000, 0x0000000087a00000, 0x0000000087b00000|  0%| F|  |TAMS 0x0000000087a00000, 0x0000000087a00000| Untracked 
| 123|0x0000000087b00000, 0x0000000087b00000, 0x0000000087c00000|  0%| F|  |TAMS 0x0000000087b00000, 0x0000000087b00000| Untracked 
| 124|0x0000000087c00000, 0x0000000087c00000, 0x0000000087d00000|  0%| F|  |TAMS 0x0000000087c00000, 0x0000000087c00000| Untracked 
| 125|0x0000000087d00000, 0x0000000087d00000, 0x0000000087e00000|  0%| F|  |TAMS 0x0000000087d00000, 0x0000000087d00000| Untracked 
| 126|0x0000000087e00000, 0x0000000087e00000, 0x0000000087f00000|  0%| F|  |TAMS 0x0000000087e00000, 0x0000000087e00000| Untracked 
| 127|0x0000000087f00000, 0x0000000087f00000, 0x0000000088000000|  0%| F|  |TAMS 0x0000000087f00000, 0x0000000087f00000| Untracked 
| 128|0x0000000088000000, 0x0000000088000000, 0x0000000088100000|  0%| F|  |TAMS 0x0000000088000000, 0x0000000088000000| Untracked 
| 129|0x0000000088100000, 0x0000000088100000, 0x0000000088200000|  0%| F|  |TAMS 0x0000000088100000, 0x0000000088100000| Untracked 
| 130|0x0000000088200000, 0x0000000088200000, 0x0000000088300000|  0%| F|  |TAMS 0x0000000088200000, 0x0000000088200000| Untracked 
| 131|0x0000000088300000, 0x0000000088300000, 0x0000000088400000|  0%| F|  |TAMS 0x0000000088300000, 0x0000000088300000| Untracked 
| 132|0x0000000088400000, 0x0000000088400000, 0x0000000088500000|  0%| F|  |TAMS 0x0000000088400000, 0x0000000088400000| Untracked 
| 133|0x0000000088500000, 0x0000000088500000, 0x0000000088600000|  0%| F|  |TAMS 0x0000000088500000, 0x0000000088500000| Untracked 
| 134|0x0000000088600000, 0x0000000088600000, 0x0000000088700000|  0%| F|  |TAMS 0x0000000088600000, 0x0000000088600000| Untracked 
| 135|0x0000000088700000, 0x0000000088700000, 0x0000000088800000|  0%| F|  |TAMS 0x0000000088700000, 0x0000000088700000| Untracked 
| 136|0x0000000088800000, 0x0000000088800000, 0x0000000088900000|  0%| F|  |TAMS 0x0000000088800000, 0x0000000088800000| Untracked 
| 137|0x0000000088900000, 0x0000000088900000, 0x0000000088a00000|  0%| F|  |TAMS 0x0000000088900000, 0x0000000088900000| Untracked 
| 138|0x0000000088a00000, 0x0000000088a00000, 0x0000000088b00000|  0%| F|  |TAMS 0x0000000088a00000, 0x0000000088a00000| Untracked 
| 139|0x0000000088b00000, 0x0000000088b00000, 0x0000000088c00000|  0%| F|  |TAMS 0x0000000088b00000, 0x0000000088b00000| Untracked 
| 140|0x0000000088c00000, 0x0000000088c00000, 0x0000000088d00000|  0%| F|  |TAMS 0x0000000088c00000, 0x0000000088c00000| Untracked 
| 141|0x0000000088d00000, 0x0000000088d00000, 0x0000000088e00000|  0%| F|  |TAMS 0x0000000088d00000, 0x0000000088d00000| Untracked 
| 142|0x0000000088e00000, 0x0000000088e00000, 0x0000000088f00000|  0%| F|  |TAMS 0x0000000088e00000, 0x0000000088e00000| Untracked 
| 143|0x0000000088f00000, 0x0000000088f00000, 0x0000000089000000|  0%| F|  |TAMS 0x0000000088f00000, 0x0000000088f00000| Untracked 
| 144|0x0000000089000000, 0x0000000089000000, 0x0000000089100000|  0%| F|  |TAMS 0x0000000089000000, 0x0000000089000000| Untracked 
| 145|0x0000000089100000, 0x0000000089100000, 0x0000000089200000|  0%| F|  |TAMS 0x0000000089100000, 0x0000000089100000| Untracked 
| 146|0x0000000089200000, 0x0000000089200000, 0x0000000089300000|  0%| F|  |TAMS 0x0000000089200000, 0x0000000089200000| Untracked 
| 147|0x0000000089300000, 0x0000000089300000, 0x0000000089400000|  0%| F|  |TAMS 0x0000000089300000, 0x0000000089300000| Untracked 
| 148|0x0000000089400000, 0x0000000089400000, 0x0000000089500000|  0%| F|  |TAMS 0x0000000089400000, 0x0000000089400000| Untracked 
| 149|0x0000000089500000, 0x0000000089500000, 0x0000000089600000|  0%| F|  |TAMS 0x0000000089500000, 0x0000000089500000| Untracked 
| 150|0x0000000089600000, 0x0000000089600000, 0x0000000089700000|  0%| F|  |TAMS 0x0000000089600000, 0x0000000089600000| Untracked 
| 151|0x0000000089700000, 0x0000000089700000, 0x0000000089800000|  0%| F|  |TAMS 0x0000000089700000, 0x0000000089700000| Untracked 
| 152|0x0000000089800000, 0x0000000089800000, 0x0000000089900000|  0%| F|  |TAMS 0x0000000089800000, 0x0000000089800000| Untracked 
| 153|0x0000000089900000, 0x0000000089900000, 0x0000000089a00000|  0%| F|  |TAMS 0x0000000089900000, 0x0000000089900000| Untracked 
| 154|0x0000000089a00000, 0x0000000089a00000, 0x0000000089b00000|  0%| F|  |TAMS 0x0000000089a00000, 0x0000000089a00000| Untracked 
| 155|0x0000000089b00000, 0x0000000089b00000, 0x0000000089c00000|  0%| F|  |TAMS 0x0000000089b00000, 0x0000000089b00000| Untracked 
| 156|0x0000000089c00000, 0x0000000089c00000, 0x0000000089d00000|  0%| F|  |TAMS 0x0000000089c00000, 0x0000000089c00000| Untracked 

Card table byte_map: [0x000001d269870000,0x000001d269c70000] _byte_map_base: 0x000001d269470000

Marking Bits (Prev, Next): (CMBitMap*) 0x000001d257001570, (CMBitMap*) 0x000001d2570015b0
 Prev Bits: [0x000001d26a070000, 0x000001d26c070000)
 Next Bits: [0x000001d26c070000, 0x000001d26e070000)

Polling page: 0x000001d254f50000

Metaspace:

Usage:
  Non-class:     72.77 MB used.
      Class:     11.63 MB used.
       Both:     84.39 MB used.

Virtual space:
  Non-class space:       80.00 MB reserved,      73.12 MB ( 91%) committed,  10 nodes.
      Class space:        1.00 GB reserved,      11.88 MB (  1%) committed,  1 nodes.
             Both:        1.08 GB reserved,      85.00 MB (  8%) committed. 

Chunk freelists:
   Non-Class:  2.05 MB
       Class:  128.00 KB
        Both:  2.17 MB

MaxMetaspaceSize: unlimited
CompressedClassSpaceSize: 1.00 GB
Initial GC threshold: 21.00 MB
Current GC threshold: 132.44 MB
CDS: off
MetaspaceReclaimPolicy: balanced
 - commit_granule_bytes: 65536.
 - commit_granule_words: 8192.
 - virtual_space_node_default_size: 1048576.
 - enlarge_chunks_in_place: 1.
 - new_chunks_are_fully_committed: 0.
 - uncommit_free_chunks: 1.
 - use_allocation_guard: 0.
 - handle_deallocations: 1.


Internal statistics:

num_allocs_failed_limit: 6.
num_arena_births: 876.
num_arena_deaths: 0.
num_vsnodes_births: 11.
num_vsnodes_deaths: 0.
num_space_committed: 1360.
num_space_uncommitted: 0.
num_chunks_returned_to_freelist: 6.
num_chunks_taken_from_freelist: 4044.
num_chunk_merges: 6.
num_chunk_splits: 2629.
num_chunks_enlarged: 1726.
num_purges: 0.
num_inconsistent_stats: 0.

CodeHeap 'non-profiled nmethods': size=120000Kb used=4854Kb max_used=4854Kb free=115145Kb
 bounds [0x000001d261f40000, 0x000001d262400000, 0x000001d269470000]
CodeHeap 'profiled nmethods': size=120000Kb used=17333Kb max_used=17333Kb free=102666Kb
 bounds [0x000001d25a470000, 0x000001d25b560000, 0x000001d2619a0000]
CodeHeap 'non-nmethods': size=5760Kb used=2379Kb max_used=2434Kb free=3380Kb
 bounds [0x000001d2619a0000, 0x000001d261c20000, 0x000001d261f40000]
 total_blobs=9499 nmethods=8599 adapters=812
 compilation: enabled
              stopped_count=0, restarted_count=0
 full_count=0

Compilation events (20 events):
Event: 24.672 Thread 0x000001d27101d1d0 nmethod 9463% 0x000001d2623f8b90 code [0x000001d2623f8da0, 0x000001d2623fa478]
Event: 24.672 Thread 0x000001d27101d1d0 9468       4       com.google.common.cache.LocalCache$Segment::drainRecencyQueue (45 bytes)
Event: 24.684 Thread 0x000001d27101d1d0 nmethod 9468 0x000001d2623fb090 code [0x000001d2623fb260, 0x000001d2623fbb58]
Event: 24.684 Thread 0x000001d27101fc80 9476       3       org.gradle.internal.snapshot.FileSystemLocationSnapshot$$Lambda$353/0x00000001004c6a88::compare (12 bytes)
Event: 24.685 Thread 0x000001d27101d1d0 9475       4       java.util.Collection::stream (11 bytes)
Event: 24.686 Thread 0x000001d27101fc80 nmethod 9476 0x000001d25b55b490 code [0x000001d25b55b680, 0x000001d25b55bb98]
Event: 24.686 Thread 0x000001d27101fc80 9477       3       org.gradle.internal.snapshot.PathUtil::compareFileNames (20 bytes)
Event: 24.686 Thread 0x000001d27101fc80 nmethod 9477 0x000001d25b55bd90 code [0x000001d25b55bf60, 0x000001d25b55c218]
Event: 24.686 Thread 0x000001d27101fc80 9478       3       java.util.concurrent.locks.AbstractQueuedSynchronizer::acquireInterruptibly (36 bytes)
Event: 24.686 Thread 0x000001d27101fc80 nmethod 9478 0x000001d25b55c390 code [0x000001d25b55c580, 0x000001d25b55ca38]
Event: 24.689 Thread 0x000001d27101d1d0 nmethod 9475 0x000001d2623fc090 code [0x000001d2623fc240, 0x000001d2623fc5a8]
Event: 24.689 Thread 0x000001d27101d1d0 9470       4       java.util.concurrent.locks.LockSupport::setBlocker (12 bytes)
Event: 24.691 Thread 0x000001d27101d1d0 nmethod 9470 0x000001d2623fc790 code [0x000001d2623fc900, 0x000001d2623fca18]
Event: 24.691 Thread 0x000001d27101d1d0 9474       4       java.lang.String::compareToIgnoreCase (11 bytes)
Event: 24.697 Thread 0x000001d27101d1d0 nmethod 9474 0x000001d2623fca90 code [0x000001d2623fcc40, 0x000001d2623fd178]
Event: 24.697 Thread 0x000001d27101d1d0 9479       4       java.util.Collections::indexedBinarySearch (83 bytes)
Event: 24.697 Thread 0x000001d27101fc80 9480   !   3       org.gradle.internal.serialize.kryo.KryoBackedDecoder::readBytes (23 bytes)
Event: 24.697 Thread 0x000001d27101fc80 nmethod 9480 0x000001d25b55cc10 code [0x000001d25b55ce00, 0x000001d25b55d388]
Event: 24.699 Thread 0x000001d27101d1d0 nmethod 9479 0x000001d2623fd590 code [0x000001d2623fd720, 0x000001d2623fd918]
Event: 24.709 Thread 0x000001d27101d1d0 9481       4       org.gradle.cache.internal.btree.BTreePersistentIndexedCache$IndexBlock::read (94 bytes)

GC Heap History (20 events):
Event: 16.773 GC heap after
{Heap after GC invocations=28 (full 0):
 garbage-first heap   total 92160K, used 60562K [0x0000000080000000, 0x0000000100000000)
  region size 1024K, 1 young (1024K), 1 survivors (1024K)
 Metaspace       used 65079K, committed 65664K, reserved 1105920K
  class space    used 8696K, committed 8960K, reserved 1048576K
}
Event: 16.774 GC heap before
{Heap before GC invocations=28 (full 0):
 garbage-first heap   total 92160K, used 60562K [0x0000000080000000, 0x0000000100000000)
  region size 1024K, 2 young (2048K), 1 survivors (1024K)
 Metaspace       used 65079K, committed 65664K, reserved 1105920K
  class space    used 8696K, committed 8960K, reserved 1048576K
}
Event: 16.775 GC heap after
{Heap after GC invocations=29 (full 0):
 garbage-first heap   total 92160K, used 60265K [0x0000000080000000, 0x0000000100000000)
  region size 1024K, 1 young (1024K), 1 survivors (1024K)
 Metaspace       used 65079K, committed 65664K, reserved 1105920K
  class space    used 8696K, committed 8960K, reserved 1048576K
}
Event: 17.130 GC heap before
{Heap before GC invocations=30 (full 0):
 garbage-first heap   total 112640K, used 75625K [0x0000000080000000, 0x0000000100000000)
  region size 1024K, 14 young (14336K), 1 survivors (1024K)
 Metaspace       used 66342K, committed 66880K, reserved 1114112K
  class space    used 8854K, committed 9088K, reserved 1048576K
}
Event: 17.133 GC heap after
{Heap after GC invocations=31 (full 0):
 garbage-first heap   total 112640K, used 61750K [0x0000000080000000, 0x0000000100000000)
  region size 1024K, 2 young (2048K), 2 survivors (2048K)
 Metaspace       used 66342K, committed 66880K, reserved 1114112K
  class space    used 8854K, committed 9088K, reserved 1048576K
}
Event: 17.196 GC heap before
{Heap before GC invocations=31 (full 0):
 garbage-first heap   total 112640K, used 64822K [0x0000000080000000, 0x0000000100000000)
  region size 1024K, 5 young (5120K), 2 survivors (2048K)
 Metaspace       used 66609K, committed 67200K, reserved 1114112K
  class space    used 8886K, committed 9152K, reserved 1048576K
}
Event: 17.200 GC heap after
{Heap after GC invocations=32 (full 0):
 garbage-first heap   total 160768K, used 61356K [0x0000000080000000, 0x0000000100000000)
  region size 1024K, 1 young (1024K), 1 survivors (1024K)
 Metaspace       used 66609K, committed 67200K, reserved 1114112K
  class space    used 8886K, committed 9152K, reserved 1048576K
}
Event: 18.492 GC heap before
{Heap before GC invocations=32 (full 0):
 garbage-first heap   total 160768K, used 118700K [0x0000000080000000, 0x0000000100000000)
  region size 1024K, 57 young (58368K), 1 survivors (1024K)
 Metaspace       used 69634K, committed 70144K, reserved 1114112K
  class space    used 9294K, committed 9536K, reserved 1048576K
}
Event: 18.498 GC heap after
{Heap after GC invocations=33 (full 0):
 garbage-first heap   total 160768K, used 65344K [0x0000000080000000, 0x0000000100000000)
  region size 1024K, 5 young (5120K), 5 survivors (5120K)
 Metaspace       used 69634K, committed 70144K, reserved 1114112K
  class space    used 9294K, committed 9536K, reserved 1048576K
}
Event: 19.849 GC heap before
{Heap before GC invocations=34 (full 0):
 garbage-first heap   total 160768K, used 119616K [0x0000000080000000, 0x0000000100000000)
  region size 1024K, 61 young (62464K), 5 survivors (5120K)
 Metaspace       used 74472K, committed 75008K, reserved 1114112K
  class space    used 10139K, committed 10368K, reserved 1048576K
}
Event: 19.860 GC heap after
{Heap after GC invocations=35 (full 0):
 garbage-first heap   total 160768K, used 64468K [0x0000000080000000, 0x0000000100000000)
  region size 1024K, 8 young (8192K), 8 survivors (8192K)
 Metaspace       used 74472K, committed 75008K, reserved 1114112K
  class space    used 10139K, committed 10368K, reserved 1048576K
}
Event: 19.891 GC heap before
{Heap before GC invocations=35 (full 0):
 garbage-first heap   total 160768K, used 65492K [0x0000000080000000, 0x0000000100000000)
  region size 1024K, 9 young (9216K), 8 survivors (8192K)
 Metaspace       used 74603K, committed 75200K, reserved 1114112K
  class space    used 10161K, committed 10432K, reserved 1048576K
}
Event: 19.900 GC heap after
{Heap after GC invocations=36 (full 0):
 garbage-first heap   total 160768K, used 64343K [0x0000000080000000, 0x0000000100000000)
  region size 1024K, 1 young (1024K), 1 survivors (1024K)
 Metaspace       used 74603K, committed 75200K, reserved 1114112K
  class space    used 10161K, committed 10432K, reserved 1048576K
}
Event: 21.954 GC heap before
{Heap before GC invocations=36 (full 0):
 garbage-first heap   total 160768K, used 125783K [0x0000000080000000, 0x0000000100000000)
  region size 1024K, 61 young (62464K), 1 survivors (1024K)
 Metaspace       used 80557K, committed 81088K, reserved 1122304K
  class space    used 11042K, committed 11264K, reserved 1048576K
}
Event: 21.964 GC heap after
{Heap after GC invocations=37 (full 0):
 garbage-first heap   total 160768K, used 67530K [0x0000000080000000, 0x0000000100000000)
  region size 1024K, 4 young (4096K), 4 survivors (4096K)
 Metaspace       used 80557K, committed 81088K, reserved 1122304K
  class space    used 11042K, committed 11264K, reserved 1048576K
}
Event: 23.182 GC heap before
{Heap before GC invocations=38 (full 0):
 garbage-first heap   total 160768K, used 127946K [0x0000000080000000, 0x0000000100000000)
  region size 1024K, 63 young (64512K), 4 survivors (4096K)
 Metaspace       used 84607K, committed 85184K, reserved 1122304K
  class space    used 11588K, committed 11840K, reserved 1048576K
}
Event: 23.194 GC heap after
{Heap after GC invocations=39 (full 0):
 garbage-first heap   total 160768K, used 73931K [0x0000000080000000, 0x0000000100000000)
  region size 1024K, 8 young (8192K), 8 survivors (8192K)
 Metaspace       used 84607K, committed 85184K, reserved 1122304K
  class space    used 11588K, committed 11840K, reserved 1048576K
}
Event: 23.202 GC heap before
{Heap before GC invocations=39 (full 0):
 garbage-first heap   total 160768K, used 74955K [0x0000000080000000, 0x0000000100000000)
  region size 1024K, 9 young (9216K), 8 survivors (8192K)
 Metaspace       used 84610K, committed 85248K, reserved 1122304K
  class space    used 11588K, committed 11840K, reserved 1048576K
}
Event: 23.211 GC heap after
{Heap after GC invocations=40 (full 0):
 garbage-first heap   total 160768K, used 74765K [0x0000000080000000, 0x0000000100000000)
  region size 1024K, 2 young (2048K), 2 survivors (2048K)
 Metaspace       used 84610K, committed 85248K, reserved 1122304K
  class space    used 11588K, committed 11840K, reserved 1048576K
}
Event: 24.710 GC heap before
{Heap before GC invocations=40 (full 0):
 garbage-first heap   total 160768K, used 126989K [0x0000000080000000, 0x0000000100000000)
  region size 1024K, 54 young (55296K), 2 survivors (2048K)
 Metaspace       used 86420K, committed 87040K, reserved 1130496K
  class space    used 11905K, committed 12160K, reserved 1048576K
}

Dll operation events (2 events):
Event: 0.059 Loaded shared library C:\MyData\android-studio\jbr\bin\java.dll
Event: 0.978 Loaded shared library C:\MyData\android-studio\jbr\bin\verify.dll

Deoptimization events (20 events):
Event: 24.517 Thread 0x000001d27430fed0 DEOPT PACKING pc=0x000001d26222f77c sp=0x00000022fa5fe250
Event: 24.517 Thread 0x000001d27430fed0 DEOPT UNPACKING pc=0x000001d2619fa1a3 sp=0x00000022fa5fe168 mode 2
Event: 24.549 Thread 0x000001d27578a890 Uncommon trap: trap_request=0xffffff45 fr.pc=0x000001d2620a8080 relative=0x0000000000000540
Event: 24.549 Thread 0x000001d27578a890 Uncommon trap: reason=unstable_if action=reinterpret pc=0x000001d2620a8080 method=java.lang.StringLatin1.compareToCI([B[B)I @ 68 c2
Event: 24.549 Thread 0x000001d27578a890 DEOPT PACKING pc=0x000001d2620a8080 sp=0x00000022fc0fb520
Event: 24.550 Thread 0x000001d27578a890 DEOPT UNPACKING pc=0x000001d2619fa1a3 sp=0x00000022fc0fb410 mode 2
Event: 24.562 Thread 0x000001d273785c80 Uncommon trap: trap_request=0xffffff45 fr.pc=0x000001d26209401c relative=0x00000000000004dc
Event: 24.562 Thread 0x000001d273785c80 Uncommon trap: reason=unstable_if action=reinterpret pc=0x000001d26209401c method=java.lang.StringLatin1.compareToCI([B[B)I @ 68 c2
Event: 24.562 Thread 0x000001d273785c80 DEOPT PACKING pc=0x000001d26209401c sp=0x00000022fd8f85e0
Event: 24.562 Thread 0x000001d273785c80 DEOPT UNPACKING pc=0x000001d2619fa1a3 sp=0x00000022fd8f8568 mode 2
Event: 24.581 Thread 0x000001d273785c80 Uncommon trap: trap_request=0xffffff45 fr.pc=0x000001d2622bbc1c relative=0x000000000000077c
Event: 24.581 Thread 0x000001d273785c80 Uncommon trap: reason=unstable_if action=reinterpret pc=0x000001d2622bbc1c method=java.util.concurrent.ConcurrentHashMap.addCount(JI)V @ 34 c2
Event: 24.581 Thread 0x000001d273785c80 DEOPT PACKING pc=0x000001d2622bbc1c sp=0x00000022fd8f9920
Event: 24.581 Thread 0x000001d273785c80 DEOPT UNPACKING pc=0x000001d2619fa1a3 sp=0x00000022fd8f97d8 mode 2
Event: 24.582 Thread 0x000001d274314230 Uncommon trap: trap_request=0xffffff45 fr.pc=0x000001d26206635c relative=0x000000000000023c
Event: 24.582 Thread 0x000001d274314230 Uncommon trap: reason=unstable_if action=reinterpret pc=0x000001d26206635c method=java.util.concurrent.ConcurrentHashMap.get(Ljava/lang/Object;)Ljava/lang/Object; @ 86 c2
Event: 24.582 Thread 0x000001d274314230 DEOPT PACKING pc=0x000001d26206635c sp=0x00000022fb3fdac0
Event: 24.583 Thread 0x000001d274314230 DEOPT UNPACKING pc=0x000001d2619fa1a3 sp=0x00000022fb3fda38 mode 2
Event: 24.709 Thread 0x000001d2728f9090 DEOPT PACKING pc=0x000001d25af9f7a0 sp=0x00000022f9dfe670
Event: 24.709 Thread 0x000001d2728f9090 DEOPT UNPACKING pc=0x000001d2619face3 sp=0x00000022f9dfdb30 mode 0

Classes unloaded (0 events):
No events

Classes redefined (0 events):
No events

Internal exceptions (20 events):
Event: 23.436 Thread 0x000001d27347da00 Exception <a 'java/lang/NoSuchMethodError'{0x00000000886fae30}: 'java.lang.Object java.lang.invoke.DirectMethodHandle$Holder.newInvokeSpecial(java.lang.Object, java.lang.Object, java.lang.Object, java.lang.Object, int, java.lang.Object)'> (0x00000000886fae30) 
thrown [s\src\hotspot\share\interpreter\linkResolver.cpp, line 771]
Event: 23.437 Thread 0x000001d27347da00 Exception <a 'java/lang/NoSuchMethodError'{0x00000000886ffc38}: 'java.lang.Object java.lang.invoke.Invokers$Holder.linkToTargetMethod(java.lang.Object, java.lang.Object, java.lang.Object, int, java.lang.Object, java.lang.Object)'> (0x00000000886ffc38) 
thrown [s\src\hotspot\share\interpreter\linkResolver.cpp, line 771]
Event: 23.541 Thread 0x000001d273787e30 Exception <a 'java/lang/NoSuchMethodError'{0x0000000088298c88}: 'void java.lang.invoke.DirectMethodHandle$Holder.invokeInterface(java.lang.Object, java.lang.Object, java.lang.Object, java.lang.Object)'> (0x0000000088298c88) 
thrown [s\src\hotspot\share\interpreter\linkResolver.cpp, line 771]
Event: 23.632 Thread 0x000001d2728f6070 Exception <a 'java/lang/NoSuchMethodError'{0x0000000088091268}: static Lorg/gradle/internal/build/event/types/DefaultTaskStartedProgressEvent;.<clinit>()V> (0x0000000088091268) 
thrown [s\src\hotspot\share\prims\jni.cpp, line 1108]
Event: 23.633 Thread 0x000001d2728f6070 Exception <a 'java/lang/NoSuchMethodError'{0x000000008809d890}: static Lorg/gradle/internal/build/event/types/DefaultTaskDescriptor;.<clinit>()V> (0x000000008809d890) 
thrown [s\src\hotspot\share\prims\jni.cpp, line 1108]
Event: 23.759 Thread 0x000001d2728f6070 Exception <a 'java/lang/NoSuchMethodError'{0x0000000087fe4190}: static Lorg/gradle/internal/build/event/types/DefaultTaskFinishedProgressEvent;.<clinit>()V> (0x0000000087fe4190) 
thrown [s\src\hotspot\share\prims\jni.cpp, line 1108]
Event: 23.761 Thread 0x000001d2728f6070 Exception <a 'java/lang/NoSuchMethodError'{0x0000000087e083f0}: static Lorg/gradle/internal/build/event/types/DefaultTaskSuccessResult;.<clinit>()V> (0x0000000087e083f0) 
thrown [s\src\hotspot\share\prims\jni.cpp, line 1108]
Event: 23.761 Thread 0x000001d2728f6070 Exception <a 'java/lang/NoSuchMethodError'{0x0000000087e09ae8}: static Lorg/gradle/internal/build/event/types/AbstractTaskResult;.<clinit>()V> (0x0000000087e09ae8) 
thrown [s\src\hotspot\share\prims\jni.cpp, line 1108]
Event: 23.786 Thread 0x000001d2737852e0 Exception <a 'java/lang/NoSuchMethodError'{0x0000000087e97448}: static Lcom/android/buildanalyzer/common/AndroidGradlePluginAttributionData$BuildInfo;.<clinit>()V> (0x0000000087e97448) 
thrown [s\src\hotspot\share\prims\jni.cpp, line 1108]
Event: 23.792 Thread 0x000001d2737852e0 Exception <a 'java/lang/NoSuchMethodError'{0x0000000087ead900}: static Lcom/android/buildanalyzer/common/AndroidGradlePluginAttributionData$JavaInfo;.<clinit>()V> (0x0000000087ead900) 
thrown [s\src\hotspot\share\prims\jni.cpp, line 1108]
Event: 23.794 Thread 0x000001d2737852e0 Exception <a 'java/lang/NoSuchMethodError'{0x0000000087ecf430}: static [Ljava/lang/String;.<clinit>()V> (0x0000000087ecf430) 
thrown [s\src\hotspot\share\prims\jni.cpp, line 1108]
Event: 23.796 Thread 0x000001d2737852e0 Exception <a 'java/lang/NoSuchMethodError'{0x0000000087edd9d8}: static Lcom/android/buildanalyzer/common/AndroidGradlePluginAttributionData$TaskInfo;.<clinit>()V> (0x0000000087edd9d8) 
thrown [s\src\hotspot\share\prims\jni.cpp, line 1108]
Event: 23.797 Thread 0x000001d2737852e0 Exception <a 'java/lang/NoSuchMethodError'{0x0000000087eea690}: static Lcom/android/buildanalyzer/common/AndroidGradlePluginAttributionData$TaskCategoryInfo;.<clinit>()V> (0x0000000087eea690) 
thrown [s\src\hotspot\share\prims\jni.cpp, line 1108]
Event: 23.830 Thread 0x000001d273785c80 Exception <a 'sun/nio/fs/WindowsException'{0x00000000883059b0}> (0x00000000883059b0) 
thrown [s\src\hotspot\share\prims\jni.cpp, line 517]
Event: 23.874 Thread 0x000001d2728f6070 Exception <a 'java/lang/NoSuchMethodError'{0x0000000087da6710}: static Lorg/gradle/internal/build/event/types/DefaultTaskSkippedResult;.<clinit>()V> (0x0000000087da6710) 
thrown [s\src\hotspot\share\prims\jni.cpp, line 1108]
Event: 24.449 Thread 0x000001d273785c80 Exception <a 'java/lang/NoSuchMethodError'{0x000000008752d380}: 'void java.lang.invoke.DirectMethodHandle$Holder.invokeStatic(java.lang.Object, java.lang.Object, java.lang.Object, java.lang.Object, int, java.lang.Object, java.lang.Object)'> (0x000000008752d380) 
thrown [s\src\hotspot\share\interpreter\linkResolver.cpp, line 771]
Event: 24.495 Thread 0x000001d274314230 Exception <a 'java/lang/NoSuchMethodError'{0x0000000087281c00}: 'java.lang.Object java.lang.invoke.DirectMethodHandle$Holder.invokeSpecialIFC(java.lang.Object, java.lang.Object, java.lang.Object)'> (0x0000000087281c00) 
thrown [s\src\hotspot\share\interpreter\linkResolver.cpp, line 771]
Event: 24.495 Thread 0x000001d27578a3c0 Exception <a 'java/lang/NoSuchMethodError'{0x000000008728ab50}: 'java.lang.Object java.lang.invoke.DirectMethodHandle$Holder.invokeSpecialIFC(java.lang.Object, java.lang.Object, java.lang.Object)'> (0x000000008728ab50) 
thrown [s\src\hotspot\share\interpreter\linkResolver.cpp, line 771]
Event: 24.495 Thread 0x000001d273785c80 Exception <a 'java/lang/NoSuchMethodError'{0x000000008723bce8}: 'java.lang.Object java.lang.invoke.DirectMethodHandle$Holder.invokeSpecialIFC(java.lang.Object, java.lang.Object, java.lang.Object)'> (0x000000008723bce8) 
thrown [s\src\hotspot\share\interpreter\linkResolver.cpp, line 771]
Event: 24.495 Thread 0x000001d27578a890 Exception <a 'java/lang/NoSuchMethodError'{0x000000008727ada8}: 'java.lang.Object java.lang.invoke.DirectMethodHandle$Holder.invokeSpecialIFC(java.lang.Object, java.lang.Object, java.lang.Object)'> (0x000000008727ada8) 
thrown [s\src\hotspot\share\interpreter\linkResolver.cpp, line 771]

VM Operations (20 events):
Event: 22.437 Executing VM operation: HandshakeAllThreads done
Event: 22.517 Executing VM operation: HandshakeAllThreads
Event: 22.517 Executing VM operation: HandshakeAllThreads done
Event: 22.718 Executing VM operation: ICBufferFull
Event: 22.718 Executing VM operation: ICBufferFull done
Event: 22.990 Executing VM operation: HandshakeAllThreads
Event: 22.991 Executing VM operation: HandshakeAllThreads done
Event: 23.181 Executing VM operation: G1CollectForAllocation
Event: 23.195 Executing VM operation: G1CollectForAllocation done
Event: 23.202 Executing VM operation: G1CollectForAllocation
Event: 23.211 Executing VM operation: G1CollectForAllocation done
Event: 23.533 Executing VM operation: HandshakeAllThreads
Event: 23.533 Executing VM operation: HandshakeAllThreads done
Event: 23.753 Executing VM operation: HandshakeAllThreads
Event: 23.753 Executing VM operation: HandshakeAllThreads done
Event: 23.923 Executing VM operation: ICBufferFull
Event: 23.923 Executing VM operation: ICBufferFull done
Event: 24.317 Executing VM operation: ICBufferFull
Event: 24.317 Executing VM operation: ICBufferFull done
Event: 24.710 Executing VM operation: G1CollectForAllocation

Events (20 events):
Event: 22.951 loading class java/util/IdentityHashMap$KeyIterator done
Event: 23.053 loading class java/lang/ClassBeanInfo
Event: 23.053 loading class java/lang/ClassBeanInfo done
Event: 23.054 loading class java/lang/ClassBeanInfo
Event: 23.054 loading class java/lang/ClassBeanInfo done
Event: 23.054 loading class java/lang/ClassCustomizer
Event: 23.054 loading class java/lang/ClassCustomizer done
Event: 23.054 loading class java/lang/ClassCustomizer
Event: 23.054 loading class java/lang/ClassCustomizer done
Event: 23.300 loading class java/io/FilterReader
Event: 23.300 loading class java/io/FilterReader done
Event: 23.486 Thread 0x000001d273787e30 Thread added: 0x000001d273787e30
Event: 23.504 Thread 0x000001d273785c80 Thread added: 0x000001d273785c80
Event: 23.504 Thread 0x000001d273786150 Thread added: 0x000001d273786150
Event: 23.504 Thread 0x000001d273783fa0 Thread added: 0x000001d273783fa0
Event: 23.581 Thread 0x000001d2737887d0 Thread added: 0x000001d2737887d0
Event: 23.617 loading class java/util/TreeMap$KeySpliterator
Event: 23.618 loading class java/util/TreeMap$TreeMapSpliterator
Event: 23.618 loading class java/util/TreeMap$TreeMapSpliterator done
Event: 23.618 loading class java/util/TreeMap$KeySpliterator done


Dynamic libraries:
0x00007ff6dc070000 - 0x00007ff6dc07a000 	C:\MyData\android-studio\jbr\bin\java.exe
0x00007fffbf970000 - 0x00007fffbfb84000 	C:\WINDOWS\SYSTEM32\ntdll.dll
0x00007fffbf4f0000 - 0x00007fffbf5b2000 	C:\WINDOWS\System32\KERNEL32.DLL
0x00007fffbd100000 - 0x00007fffbd49c000 	C:\WINDOWS\System32\KERNELBASE.dll
0x00007fffbd660000 - 0x00007fffbd771000 	C:\WINDOWS\System32\ucrtbase.dll
0x00007fffa8280000 - 0x00007fffa8297000 	C:\MyData\android-studio\jbr\bin\jli.dll
0x00007fffbe490000 - 0x00007fffbe63b000 	C:\WINDOWS\System32\USER32.dll
0x00007fffbcfe0000 - 0x00007fffbd006000 	C:\WINDOWS\System32\win32u.dll
0x00007fffbd780000 - 0x00007fffbd7a9000 	C:\WINDOWS\System32\GDI32.dll
0x00007fffbd4a0000 - 0x00007fffbd5b3000 	C:\WINDOWS\System32\gdi32full.dll
0x00007fffbd5c0000 - 0x00007fffbd65a000 	C:\WINDOWS\System32\msvcp_win.dll
0x00007fffa6110000 - 0x00007fffa612b000 	C:\MyData\android-studio\jbr\bin\VCRUNTIME140.dll
0x00007fffa9330000 - 0x00007fffa95be000 	C:\WINDOWS\WinSxS\amd64_microsoft.windows.common-controls_6595b64144ccf1df_6.0.22621.608_none_a9444ca7c10bb01d\COMCTL32.dll
0x00007fffbd9c0000 - 0x00007fffbda67000 	C:\WINDOWS\System32\msvcrt.dll
0x00007fffbe220000 - 0x00007fffbe251000 	C:\WINDOWS\System32\IMM32.DLL
0x00007fffa7e00000 - 0x00007fffa7e0c000 	C:\MyData\android-studio\jbr\bin\vcruntime140_1.dll
0x00007fff77270000 - 0x00007fff772fd000 	C:\MyData\android-studio\jbr\bin\msvcp140.dll
0x00007fff71580000 - 0x00007fff721ed000 	C:\MyData\android-studio\jbr\bin\server\jvm.dll
0x00007fffbd7b0000 - 0x00007fffbd85e000 	C:\WINDOWS\System32\ADVAPI32.dll
0x00007fffbd860000 - 0x00007fffbd904000 	C:\WINDOWS\System32\sechost.dll
0x00007fffbf810000 - 0x00007fffbf927000 	C:\WINDOWS\System32\RPCRT4.dll
0x00007fffa24e0000 - 0x00007fffa24e9000 	C:\WINDOWS\SYSTEM32\WSOCK32.dll
0x00007fffbe410000 - 0x00007fffbe481000 	C:\WINDOWS\System32\WS2_32.dll
0x00007fffb2d00000 - 0x00007fffb2d34000 	C:\WINDOWS\SYSTEM32\WINMM.dll
0x00007fffb1c80000 - 0x00007fffb1c8a000 	C:\WINDOWS\SYSTEM32\VERSION.dll
0x00007fffbbe70000 - 0x00007fffbbe88000 	C:\WINDOWS\SYSTEM32\kernel.appcore.dll
0x00007fffb9990000 - 0x00007fffb999a000 	C:\MyData\android-studio\jbr\bin\jimage.dll
0x00007fffba6d0000 - 0x00007fffba8fe000 	C:\WINDOWS\SYSTEM32\DBGHELP.DLL
0x00007fffbe680000 - 0x00007fffbea09000 	C:\WINDOWS\System32\combase.dll
0x00007fffbdac0000 - 0x00007fffbdb97000 	C:\WINDOWS\System32\OLEAUT32.dll
0x00007fff98750000 - 0x00007fff98782000 	C:\WINDOWS\SYSTEM32\dbgcore.DLL
0x00007fffbd080000 - 0x00007fffbd0fb000 	C:\WINDOWS\System32\bcryptPrimitives.dll
0x00007fffaecd0000 - 0x00007fffaecf5000 	C:\MyData\android-studio\jbr\bin\java.dll
0x00007fffb0670000 - 0x00007fffb0688000 	C:\MyData\android-studio\jbr\bin\zip.dll
0x00007fffbed00000 - 0x00007fffbf4f0000 	C:\WINDOWS\System32\SHELL32.dll
0x00007fffbadc0000 - 0x00007fffbb68d000 	C:\WINDOWS\SYSTEM32\windows.storage.dll
0x00007fffbac80000 - 0x00007fffbadbe000 	C:\WINDOWS\SYSTEM32\wintypes.dll
0x00007fffbeb80000 - 0x00007fffbec71000 	C:\WINDOWS\System32\SHCORE.dll
0x00007fffbea20000 - 0x00007fffbea7e000 	C:\WINDOWS\System32\shlwapi.dll
0x00007fffbcce0000 - 0x00007fffbcd01000 	C:\WINDOWS\SYSTEM32\profapi.dll
0x00007fffab270000 - 0x00007fffab289000 	C:\MyData\android-studio\jbr\bin\net.dll
0x00007fffb4c00000 - 0x00007fffb4d37000 	C:\WINDOWS\SYSTEM32\WINHTTP.dll
0x00007fffbc360000 - 0x00007fffbc3c9000 	C:\WINDOWS\system32\mswsock.dll
0x00007fffa82a0000 - 0x00007fffa82b6000 	C:\MyData\android-studio\jbr\bin\nio.dll
0x00007fffb7fe0000 - 0x00007fffb7ff0000 	C:\MyData\android-studio\jbr\bin\verify.dll
0x00007fffa8110000 - 0x00007fffa8137000 	C:\Users\lenovo\.gradle\native\68d5fa5c4cc2d200863cafc0d521ce42e7d3e7ee720ec0a83991735586a16f82\windows-amd64\native-platform.dll
0x00007fff74870000 - 0x00007fff749b4000 	C:\Users\lenovo\.gradle\native\e376f236ea51e6404a007f0833ffe2c6e607c4080706a723a18a27aeea778392\windows-amd64\native-platform-file-events.dll
0x00007fffb7dc0000 - 0x00007fffb7dc9000 	C:\MyData\android-studio\jbr\bin\management.dll
0x00007fffb7a50000 - 0x00007fffb7a5b000 	C:\MyData\android-studio\jbr\bin\management_ext.dll
0x00007fffbea10000 - 0x00007fffbea18000 	C:\WINDOWS\System32\PSAPI.DLL
0x00007fffbc5c0000 - 0x00007fffbc5db000 	C:\WINDOWS\SYSTEM32\CRYPTSP.dll
0x00007fffbbde0000 - 0x00007fffbbe15000 	C:\WINDOWS\system32\rsaenh.dll
0x00007fffbc460000 - 0x00007fffbc488000 	C:\WINDOWS\SYSTEM32\USERENV.dll
0x00007fffbc780000 - 0x00007fffbc7a8000 	C:\WINDOWS\SYSTEM32\bcrypt.dll
0x00007fffbc5e0000 - 0x00007fffbc5ec000 	C:\WINDOWS\SYSTEM32\CRYPTBASE.dll
0x00007fffbb920000 - 0x00007fffbb94d000 	C:\WINDOWS\SYSTEM32\IPHLPAPI.DLL
0x00007fffbe670000 - 0x00007fffbe679000 	C:\WINDOWS\System32\NSI.dll
0x00007fffb4930000 - 0x00007fffb4949000 	C:\WINDOWS\SYSTEM32\dhcpcsvc6.DLL
0x00007fffb4910000 - 0x00007fffb492f000 	C:\WINDOWS\SYSTEM32\dhcpcsvc.DLL
0x00007fffbb950000 - 0x00007fffbba43000 	C:\WINDOWS\SYSTEM32\DNSAPI.dll
0x00007fffb2cf0000 - 0x00007fffb2cf8000 	C:\WINDOWS\system32\wshunix.dll

dbghelp: loaded successfully - version: 4.0.5 - missing functions: none
symbol engine: initialized successfully - sym options: 0x614 - pdb path: .;C:\MyData\android-studio\jbr\bin;C:\WINDOWS\SYSTEM32;C:\WINDOWS\WinSxS\amd64_microsoft.windows.common-controls_6595b64144ccf1df_6.0.22621.608_none_a9444ca7c10bb01d;C:\MyData\android-studio\jbr\bin\server;C:\Users\lenovo\.gradle\native\68d5fa5c4cc2d200863cafc0d521ce42e7d3e7ee720ec0a83991735586a16f82\windows-amd64;C:\Users\lenovo\.gradle\native\e376f236ea51e6404a007f0833ffe2c6e607c4080706a723a18a27aeea778392\windows-amd64

VM Arguments:
jvm_args: --add-opens=java.base/java.util=ALL-UNNAMED --add-opens=java.base/java.lang=ALL-UNNAMED --add-opens=java.base/java.lang.invoke=ALL-UNNAMED --add-opens=java.prefs/java.util.prefs=ALL-UNNAMED --add-opens=java.base/java.nio.charset=ALL-UNNAMED --add-opens=java.base/java.net=ALL-UNNAMED --add-opens=java.base/java.util.concurrent.atomic=ALL-UNNAMED -Xmx2048m -Dfile.encoding=UTF-8 -Duser.country=US -Duser.language=en -Duser.variant 
java_command: org.gradle.launcher.daemon.bootstrap.GradleDaemon 8.0
java_class_path (initial): C:\Users\lenovo\.gradle\wrapper\dists\gradle-8.0-bin\ca5e32bp14vu59qr306oxotwh\gradle-8.0\lib\gradle-launcher-8.0.jar
Launcher Type: SUN_STANDARD

[Global flags]
     intx CICompilerCount                          = 3                                         {product} {ergonomic}
     uint ConcGCThreads                            = 1                                         {product} {ergonomic}
     uint G1ConcRefinementThreads                  = 4                                         {product} {ergonomic}
   size_t G1HeapRegionSize                         = 1048576                                   {product} {ergonomic}
    uintx GCDrainStackTargetSize                   = 64                                        {product} {ergonomic}
   size_t InitialHeapSize                          = 132120576                                 {product} {ergonomic}
   size_t MarkStackSize                            = 4194304                                   {product} {ergonomic}
   size_t MaxHeapSize                              = 2147483648                                {product} {command line}
   size_t MaxNewSize                               = 1287651328                                {product} {ergonomic}
   size_t MinHeapDeltaBytes                        = 1048576                                   {product} {ergonomic}
   size_t MinHeapSize                              = 8388608                                   {product} {ergonomic}
    uintx NonNMethodCodeHeapSize                   = 5832780                                {pd product} {ergonomic}
    uintx NonProfiledCodeHeapSize                  = 122912730                              {pd product} {ergonomic}
    uintx ProfiledCodeHeapSize                     = 122912730                              {pd product} {ergonomic}
    uintx ReservedCodeCacheSize                    = 251658240                              {pd product} {ergonomic}
     bool SegmentedCodeCache                       = true                                      {product} {ergonomic}
   size_t SoftMaxHeapSize                          = 2147483648                             {manageable} {ergonomic}
     bool UseCompressedClassPointers               = true                           {product lp64_product} {ergonomic}
     bool UseCompressedOops                        = true                           {product lp64_product} {ergonomic}
     bool UseG1GC                                  = true                                      {product} {ergonomic}
     bool UseLargePagesIndividualAllocation        = false                                  {pd product} {ergonomic}

Logging:
Log output configuration:
 #0: stdout all=warning uptime,level,tags
 #1: stderr all=off uptime,level,tags

Environment Variables:
PATH=C:\Program Files (x86)\Common Files\Oracle\Java\javapath;C:\WINDOWS\system32;C:\WINDOWS;C:\WINDOWS\System32\Wbem;C:\WINDOWS\System32\WindowsPowerShell\v1.0\;C:\WINDOWS\System32\OpenSSH\;C:\Program Files\Git\cmd;C:\xampp\mysql\bin;C:\Program Files\Cloudflare\Cloudflare WARP\;C:\Users\lenovo\AppData\Local\Microsoft\WindowsApps;;C:\Users\lenovo\AppData\Local\Programs\Microsoft VS Code\bin;C:\xampp\php;C:\Users\lenovo\AppData\Local\ComposerSetup\bin;C:\Users\lenovo\AppData\Roaming\Composer\vendor\bin
USERNAME=lenovo
OS=Windows_NT
PROCESSOR_IDENTIFIER=Intel64 Family 6 Model 140 Stepping 1, GenuineIntel
TMP=C:\Users\lenovo\AppData\Local\Temp
TEMP=C:\Users\lenovo\AppData\Local\Temp



---------------  S Y S T E M  ---------------

OS:
 Windows 11 , 64 bit Build 22621 (10.0.22621.1485)
OS uptime: 1 days 3:28 hours

CPU: total 4 (initial active 4) (2 cores per cpu, 2 threads per core) family 6 model 140 stepping 1 microcode 0x66, cx8, cmov, fxsr, ht, mmx, 3dnowpref, sse, sse2, sse3, ssse3, sse4.1, sse4.2, popcnt, lzcnt, tsc, tscinvbit, avx, avx2, aes, erms, clmul, bmi1, bmi2, adx, avx512f, avx512dq, avx512cd, avx512bw, avx512vl, sha, fma, vzeroupper, avx512_vpopcntdq, avx512_vpclmulqdq, avx512_vaes, avx512_vnni, clflush, clflushopt, clwb, avx512_vbmi2, avx512_vbmi

Memory: 4k page, system-wide physical 7991M (264M free)
TotalPageFile size 19991M (AvailPageFile size 208M)
current process WorkingSet (physical memory assigned to process): 388M, peak: 391M
current process commit charge ("private bytes"): 412M, peak: 654M

vm_info: OpenJDK 64-Bit Server VM (17.0.6+0-b2043.56-9746777) for windows-amd64 JRE (17.0.6+0-b2043.56-9746777), built on Mar 15 2023 02:37:40 by "androidbuild" with MS VC++ 16.10 / 16.11 (VS2019)

END.
