#
# There is insufficient memory for the Java Runtime Environment to continue.
# Native memory allocation (malloc) failed to allocate 1907152 bytes for Chunk::new
# Possible reasons:
#   The system is out of physical RAM or swap space
#   The process is running with CompressedOops enabled, and the Java Heap may be blocking the growth of the native heap
# Possible solutions:
#   Reduce memory load on the system
#   Increase physical memory or swap space
#   Check if swap backing store is full
#   Decrease Java heap size (-Xmx/-Xms)
#   Decrease number of Java threads
#   Decrease Java thread stack sizes (-Xss)
#   Set larger code cache with -XX:ReservedCodeCacheSize=
#   JVM is running with Unscaled Compressed Oops mode in which the Java heap is
#     placed in the first 4GB address space. The Java Heap base address is the
#     maximum limit for the native heap growth. Please use -XX:HeapBaseMinAddress
#     to set the Java Heap base and to place the Java Heap above 4GB virtual address.
# This output file may be truncated or incomplete.
#
#  Out of Memory Error (arena.cpp:189), pid=14296, tid=21044
#
# JRE version: OpenJDK Runtime Environment (17.0.6) (build 17.0.6+0-b2043.56-9746777)
# Java VM: OpenJDK 64-Bit Server VM (17.0.6+0-b2043.56-9746777, mixed mode, tiered, compressed oops, compressed class ptrs, g1 gc, windows-amd64)
# No core dump will be written. Minidumps are not enabled by default on client versions of Windows
#

---------------  S U M M A R Y ------------

Command Line: --add-opens=java.base/java.util=ALL-UNNAMED --add-opens=java.base/java.lang=ALL-UNNAMED --add-opens=java.base/java.lang.invoke=ALL-UNNAMED --add-opens=java.prefs/java.util.prefs=ALL-UNNAMED --add-opens=java.base/java.nio.charset=ALL-UNNAMED --add-opens=java.base/java.net=ALL-UNNAMED --add-opens=java.base/java.util.concurrent.atomic=ALL-UNNAMED -Xmx2048m -Dfile.encoding=UTF-8 -Duser.country=US -Duser.language=en -Duser.variant org.gradle.launcher.daemon.bootstrap.GradleDaemon 8.0

Host: 11th Gen Intel(R) Core(TM) i3-1115G4 @ 3.00GHz, 4 cores, 7G,  Windows 11 , 64 bit Build 22621 (10.0.22621.1485)
Time: Wed May  3 22:39:31 2023 SE Asia Standard Time elapsed time: 14.806867 seconds (0d 0h 0m 14s)

---------------  T H R E A D  ---------------

Current thread (0x000001beb445a660):  JavaThread "C2 CompilerThread0" daemon [_thread_in_native, id=21044, stack(0x0000003031c00000,0x0000003031d00000)]


Current CompileTask:
C2:  14806 8372 %     4       org.gradle.internal.instantiation.generator.AbstractClassGenerator::inspectType @ 107 (560 bytes)

Stack: [0x0000003031c00000,0x0000003031d00000]
Native frames: (J=compiled Java code, j=interpreted, Vv=VM code, C=native code)
V  [jvm.dll+0x683b8a]
V  [jvm.dll+0x842694]
V  [jvm.dll+0x843e3e]
V  [jvm.dll+0x8444a3]
V  [jvm.dll+0x249b75]
V  [jvm.dll+0xabcac]
V  [jvm.dll+0xac27c]
V  [jvm.dll+0x368857]
V  [jvm.dll+0x332f31]
V  [jvm.dll+0x3323da]
V  [jvm.dll+0x21c201]
V  [jvm.dll+0x21b621]
V  [jvm.dll+0x1a4fdd]
V  [jvm.dll+0x22b098]
V  [jvm.dll+0x229159]
V  [jvm.dll+0x7f80dc]
V  [jvm.dll+0x7f263a]
V  [jvm.dll+0x6829c5]
C  [ucrtbase.dll+0x29363]
C  [KERNEL32.DLL+0x1269d]
C  [ntdll.dll+0x5a9f8]


---------------  P R O C E S S  ---------------

Threads class SMR info:
_java_thread_list=0x000001beb92dafa0, length=81, elements={
0x000001be9a287340, 0x000001beb4434270, 0x000001beb4438e30, 0x000001beb388e5f0,
0x000001beb4455120, 0x000001beb4455ad0, 0x000001beb4456480, 0x000001beb445a660,
0x000001beb445d110, 0x000001beb44bca60, 0x000001beb45f2200, 0x000001beb460f9c0,
0x000001beb69c6e20, 0x000001beb5ed87b0, 0x000001beb5ed8c80, 0x000001beb5ed7470,
0x000001beb5ed5790, 0x000001beb5ed52c0, 0x000001beb5ed5c60, 0x000001beb5ed7940,
0x000001beb5ed7e10, 0x000001beb5ed6130, 0x000001beb5ed82e0, 0x000001beb5ed6600,
0x000001beb5ed6fa0, 0x000001beb5ed6ad0, 0x000001beb6f9bc40, 0x000001beb6f99a90,
0x000001beb6f990f0, 0x000001beb6f99f60, 0x000001beb6f9add0, 0x000001beb6f9b2a0,
0x000001beb6f9c5e0, 0x000001beb6f995c0, 0x000001beb6f9a430, 0x000001beb6f98c20,
0x000001beb88b9a00, 0x000001beb88b3020, 0x000001beb88b9060, 0x000001beb88b86c0,
0x000001beb88b4d00, 0x000001beb88b51d0, 0x000001beb88b56a0, 0x000001beb88b5b70,
0x000001beb88b2680, 0x000001beb88b8b90, 0x000001beb88b9ed0, 0x000001beb88b4830,
0x000001beb88b2b50, 0x000001beb88b69e0, 0x000001beb88b34f0, 0x000001beb88b39c0,
0x000001beb88b6040, 0x000001beb88b7d20, 0x000001beb88b3e90, 0x000001beb88b4360,
0x000001beb88b6510, 0x000001beb88b6eb0, 0x000001beb88b7380, 0x000001beb88b81f0,
0x000001beb89e76f0, 0x000001beb89ea240, 0x000001beb89e6d50, 0x000001beb89e8a30,
0x000001beb89e7bc0, 0x000001beb89eabe0, 0x000001beb89e6880, 0x000001beb89ec3f0,
0x000001beb89e5a10, 0x000001beb89e8560, 0x000001beb89e9d70, 0x000001beb89e8090,
0x000001beb89e8f00, 0x000001beb89e7220, 0x000001beb89eb0b0, 0x000001beb89e5540,
0x000001beb89e93d0, 0x000001beb89eb580, 0x000001beb89ec8c0, 0x000001beb89eba50,
0x000001beb89ea710
}

Java Threads: ( => current thread )
  0x000001be9a287340 JavaThread "main" [_thread_blocked, id=8364, stack(0x0000003030f00000,0x0000003031000000)]
  0x000001beb4434270 JavaThread "Reference Handler" daemon [_thread_blocked, id=23436, stack(0x0000003031600000,0x0000003031700000)]
  0x000001beb4438e30 JavaThread "Finalizer" daemon [_thread_blocked, id=11852, stack(0x0000003031700000,0x0000003031800000)]
  0x000001beb388e5f0 JavaThread "Signal Dispatcher" daemon [_thread_blocked, id=20004, stack(0x0000003031800000,0x0000003031900000)]
  0x000001beb4455120 JavaThread "Attach Listener" daemon [_thread_blocked, id=4024, stack(0x0000003031900000,0x0000003031a00000)]
  0x000001beb4455ad0 JavaThread "Service Thread" daemon [_thread_blocked, id=14512, stack(0x0000003031a00000,0x0000003031b00000)]
  0x000001beb4456480 JavaThread "Monitor Deflation Thread" daemon [_thread_blocked, id=17144, stack(0x0000003031b00000,0x0000003031c00000)]
=>0x000001beb445a660 JavaThread "C2 CompilerThread0" daemon [_thread_in_native, id=21044, stack(0x0000003031c00000,0x0000003031d00000)]
  0x000001beb445d110 JavaThread "C1 CompilerThread0" daemon [_thread_blocked, id=4580, stack(0x0000003031d00000,0x0000003031e00000)]
  0x000001beb44bca60 JavaThread "Sweeper thread" daemon [_thread_blocked, id=2724, stack(0x0000003031e00000,0x0000003031f00000)]
  0x000001beb45f2200 JavaThread "Common-Cleaner" daemon [_thread_blocked, id=9544, stack(0x0000003031f00000,0x0000003032000000)]
  0x000001beb460f9c0 JavaThread "Notification Thread" daemon [_thread_blocked, id=16832, stack(0x0000003032000000,0x0000003032100000)]
  0x000001beb69c6e20 JavaThread "Daemon health stats" [_thread_blocked, id=8624, stack(0x0000003032500000,0x0000003032600000)]
  0x000001beb5ed87b0 JavaThread "Incoming local TCP Connector on port 57405" [_thread_in_native, id=15024, stack(0x0000003032600000,0x0000003032700000)]
  0x000001beb5ed8c80 JavaThread "Daemon periodic checks" [_thread_blocked, id=24176, stack(0x0000003032700000,0x0000003032800000)]
  0x000001beb5ed7470 JavaThread "Daemon" [_thread_blocked, id=18820, stack(0x0000003032800000,0x0000003032900000)]
  0x000001beb5ed5790 JavaThread "Handler for socket connection from /127.0.0.1:57405 to /127.0.0.1:57406" [_thread_in_native, id=23988, stack(0x0000003032900000,0x0000003032a00000)]
  0x000001beb5ed52c0 JavaThread "Cancel handler" [_thread_blocked, id=13612, stack(0x0000003032a00000,0x0000003032b00000)]
  0x000001beb5ed5c60 JavaThread "Daemon worker" [_thread_in_vm, id=17888, stack(0x0000003032b00000,0x0000003032c00000)]
  0x000001beb5ed7940 JavaThread "Asynchronous log dispatcher for DefaultDaemonConnection: socket connection from /127.0.0.1:57405 to /127.0.0.1:57406" [_thread_blocked, id=7968, stack(0x0000003032c00000,0x0000003032d00000)]
  0x000001beb5ed7e10 JavaThread "Stdin handler" [_thread_blocked, id=7924, stack(0x0000003032d00000,0x0000003032e00000)]
  0x000001beb5ed6130 JavaThread "Daemon client event forwarder" [_thread_blocked, id=14952, stack(0x0000003032e00000,0x0000003032f00000)]
  0x000001beb5ed82e0 JavaThread "Cache worker for journal cache (C:\Users\lenovo\.gradle\caches\journal-1)" [_thread_blocked, id=22156, stack(0x0000003032f00000,0x0000003033000000)]
  0x000001beb5ed6600 JavaThread "File lock request listener" [_thread_in_native, id=12372, stack(0x0000003033000000,0x0000003033100000)]
  0x000001beb5ed6fa0 JavaThread "Cache worker for file hash cache (C:\Users\lenovo\.gradle\caches\8.0\fileHashes)" [_thread_blocked, id=14760, stack(0x0000003033100000,0x0000003033200000)]
  0x000001beb5ed6ad0 JavaThread "File watcher server" daemon [_thread_in_native, id=20860, stack(0x0000003033200000,0x0000003033300000)]
  0x000001beb6f9bc40 JavaThread "File watcher consumer" daemon [_thread_blocked, id=15236, stack(0x0000003033300000,0x0000003033400000)]
  0x000001beb6f99a90 JavaThread "Cache worker for checksums cache (C:\MyData\Project\Adisti\.gradle\8.0\checksums)" [_thread_blocked, id=20332, stack(0x0000003033400000,0x0000003033500000)]
  0x000001beb6f990f0 JavaThread "Cache worker for cache directory md-rule (C:\Users\lenovo\.gradle\caches\8.0\md-rule)" [_thread_blocked, id=5852, stack(0x0000003033500000,0x0000003033600000)]
  0x000001beb6f99f60 JavaThread "Cache worker for file content cache (C:\Users\lenovo\.gradle\caches\8.0\fileContent)" [_thread_blocked, id=21156, stack(0x0000003033600000,0x0000003033700000)]
  0x000001beb6f9add0 JavaThread "Cache worker for file hash cache (C:\MyData\Project\Adisti\.gradle\8.0\fileHashes)" [_thread_blocked, id=20140, stack(0x0000003033700000,0x0000003033800000)]
  0x000001beb6f9b2a0 JavaThread "Cache worker for cache directory md-supplier (C:\Users\lenovo\.gradle\caches\8.0\md-supplier)" [_thread_blocked, id=14192, stack(0x0000003033800000,0x0000003033900000)]
  0x000001beb6f9c5e0 JavaThread "Cache worker for execution history cache (C:\Users\lenovo\.gradle\caches\8.0\executionHistory)" [_thread_blocked, id=10996, stack(0x0000003033900000,0x0000003033a00000)]
  0x000001beb6f995c0 JavaThread "jar transforms" [_thread_blocked, id=6240, stack(0x0000003033a00000,0x0000003033b00000)]
  0x000001beb6f9a430 JavaThread "jar transforms Thread 2" [_thread_blocked, id=13892, stack(0x0000003033b00000,0x0000003033c00000)]
  0x000001beb6f98c20 JavaThread "jar transforms Thread 3" [_thread_blocked, id=18320, stack(0x0000003033d00000,0x0000003033e00000)]
  0x000001beb88b9a00 JavaThread "jar transforms Thread 4" [_thread_blocked, id=9420, stack(0x0000003033e00000,0x0000003033f00000)]
  0x000001beb88b3020 JavaThread "Cache worker for dependencies-accessors (C:\MyData\Project\Adisti\.gradle\8.0\dependencies-accessors)" [_thread_blocked, id=19624, stack(0x0000003033f00000,0x0000003034000000)]
  0x000001beb88b9060 JavaThread "Cache worker for Build Output Cleanup Cache (C:\MyData\Project\Adisti\.gradle\buildOutputCleanup)" [_thread_blocked, id=18132, stack(0x0000003034000000,0x0000003034100000)]
  0x000001beb88b86c0 JavaThread "Unconstrained build operations" [_thread_blocked, id=4696, stack(0x0000003034100000,0x0000003034200000)]
  0x000001beb88b4d00 JavaThread "Unconstrained build operations Thread 2" [_thread_blocked, id=21916, stack(0x0000003034200000,0x0000003034300000)]
  0x000001beb88b51d0 JavaThread "Unconstrained build operations Thread 3" [_thread_blocked, id=12652, stack(0x0000003034300000,0x0000003034400000)]
  0x000001beb88b56a0 JavaThread "Unconstrained build operations Thread 4" [_thread_blocked, id=11536, stack(0x0000003034400000,0x0000003034500000)]
  0x000001beb88b5b70 JavaThread "Unconstrained build operations Thread 5" [_thread_blocked, id=11064, stack(0x0000003034500000,0x0000003034600000)]
  0x000001beb88b2680 JavaThread "Unconstrained build operations Thread 6" [_thread_blocked, id=21628, stack(0x0000003034600000,0x0000003034700000)]
  0x000001beb88b8b90 JavaThread "Unconstrained build operations Thread 7" [_thread_blocked, id=1496, stack(0x0000003034700000,0x0000003034800000)]
  0x000001beb88b9ed0 JavaThread "Unconstrained build operations Thread 8" [_thread_blocked, id=23156, stack(0x0000003034800000,0x0000003034900000)]
  0x000001beb88b4830 JavaThread "Unconstrained build operations Thread 9" [_thread_blocked, id=22768, stack(0x0000003034900000,0x0000003034a00000)]
  0x000001beb88b2b50 JavaThread "Unconstrained build operations Thread 10" [_thread_blocked, id=14716, stack(0x0000003034a00000,0x0000003034b00000)]
  0x000001beb88b69e0 JavaThread "Unconstrained build operations Thread 11" [_thread_blocked, id=1680, stack(0x0000003034b00000,0x0000003034c00000)]
  0x000001beb88b34f0 JavaThread "Unconstrained build operations Thread 12" [_thread_blocked, id=7132, stack(0x0000003034c00000,0x0000003034d00000)]
  0x000001beb88b39c0 JavaThread "Unconstrained build operations Thread 13" [_thread_blocked, id=976, stack(0x0000003034d00000,0x0000003034e00000)]
  0x000001beb88b6040 JavaThread "Unconstrained build operations Thread 14" [_thread_blocked, id=3320, stack(0x0000003034e00000,0x0000003034f00000)]
  0x000001beb88b7d20 JavaThread "Unconstrained build operations Thread 15" [_thread_blocked, id=22956, stack(0x0000003034f00000,0x0000003035000000)]
  0x000001beb88b3e90 JavaThread "Unconstrained build operations Thread 16" [_thread_blocked, id=3496, stack(0x0000003035000000,0x0000003035100000)]
  0x000001beb88b4360 JavaThread "Unconstrained build operations Thread 17" [_thread_blocked, id=16760, stack(0x0000003035100000,0x0000003035200000)]
  0x000001beb88b6510 JavaThread "Unconstrained build operations Thread 18" [_thread_blocked, id=20952, stack(0x0000003035200000,0x0000003035300000)]
  0x000001beb88b6eb0 JavaThread "Unconstrained build operations Thread 19" [_thread_blocked, id=8376, stack(0x0000003035300000,0x0000003035400000)]
  0x000001beb88b7380 JavaThread "Unconstrained build operations Thread 20" [_thread_blocked, id=9456, stack(0x0000003035400000,0x0000003035500000)]
  0x000001beb88b81f0 JavaThread "Unconstrained build operations Thread 21" [_thread_blocked, id=16984, stack(0x0000003035500000,0x0000003035600000)]
  0x000001beb89e76f0 JavaThread "Unconstrained build operations Thread 22" [_thread_blocked, id=13184, stack(0x0000003035600000,0x0000003035700000)]
  0x000001beb89ea240 JavaThread "Unconstrained build operations Thread 23" [_thread_blocked, id=23412, stack(0x0000003035700000,0x0000003035800000)]
  0x000001beb89e6d50 JavaThread "Unconstrained build operations Thread 24" [_thread_blocked, id=464, stack(0x0000003035800000,0x0000003035900000)]
  0x000001beb89e8a30 JavaThread "Unconstrained build operations Thread 25" [_thread_blocked, id=13804, stack(0x0000003035900000,0x0000003035a00000)]
  0x000001beb89e7bc0 JavaThread "Unconstrained build operations Thread 26" [_thread_blocked, id=6480, stack(0x0000003035a00000,0x0000003035b00000)]
  0x000001beb89eabe0 JavaThread "Unconstrained build operations Thread 27" [_thread_blocked, id=412, stack(0x0000003035b00000,0x0000003035c00000)]
  0x000001beb89e6880 JavaThread "Unconstrained build operations Thread 28" [_thread_blocked, id=7768, stack(0x0000003035c00000,0x0000003035d00000)]
  0x000001beb89ec3f0 JavaThread "Unconstrained build operations Thread 29" [_thread_blocked, id=20496, stack(0x0000003035d00000,0x0000003035e00000)]
  0x000001beb89e5a10 JavaThread "Unconstrained build operations Thread 30" [_thread_blocked, id=23924, stack(0x0000003035e00000,0x0000003035f00000)]
  0x000001beb89e8560 JavaThread "Unconstrained build operations Thread 31" [_thread_blocked, id=14204, stack(0x0000003035f00000,0x0000003036000000)]
  0x000001beb89e9d70 JavaThread "Unconstrained build operations Thread 32" [_thread_blocked, id=17148, stack(0x0000003036000000,0x0000003036100000)]
  0x000001beb89e8090 JavaThread "Unconstrained build operations Thread 33" [_thread_blocked, id=6728, stack(0x0000003036100000,0x0000003036200000)]
  0x000001beb89e8f00 JavaThread "Unconstrained build operations Thread 34" [_thread_blocked, id=12424, stack(0x0000003036200000,0x0000003036300000)]
  0x000001beb89e7220 JavaThread "Unconstrained build operations Thread 35" [_thread_blocked, id=21056, stack(0x0000003036300000,0x0000003036400000)]
  0x000001beb89eb0b0 JavaThread "Unconstrained build operations Thread 36" [_thread_blocked, id=4856, stack(0x0000003036400000,0x0000003036500000)]
  0x000001beb89e5540 JavaThread "Unconstrained build operations Thread 37" [_thread_blocked, id=12344, stack(0x0000003036500000,0x0000003036600000)]
  0x000001beb89e93d0 JavaThread "Unconstrained build operations Thread 38" [_thread_blocked, id=2760, stack(0x0000003036600000,0x0000003036700000)]
  0x000001beb89eb580 JavaThread "Unconstrained build operations Thread 39" [_thread_blocked, id=12860, stack(0x0000003036700000,0x0000003036800000)]
  0x000001beb89ec8c0 JavaThread "Unconstrained build operations Thread 40" [_thread_blocked, id=20900, stack(0x0000003036800000,0x0000003036900000)]
  0x000001beb89eba50 JavaThread "build event listener" [_thread_blocked, id=9996, stack(0x0000003036900000,0x0000003036a00000)]
  0x000001beb89ea710 JavaThread "Memory manager" [_thread_blocked, id=21508, stack(0x0000003036a00000,0x0000003036b00000)]

Other Threads:
  0x000001beb4420630 VMThread "VM Thread" [stack: 0x0000003031500000,0x0000003031600000] [id=17768]
  0x000001beb460d610 WatcherThread [stack: 0x0000003032100000,0x0000003032200000] [id=11808]
  0x000001be9a2e09e0 GCTaskThread "GC Thread#0" [stack: 0x0000003031000000,0x0000003031100000] [id=8384]
  0x000001beb4a1a7f0 GCTaskThread "GC Thread#1" [stack: 0x0000003032200000,0x0000003032300000] [id=2832]
  0x000001beb47abec0 GCTaskThread "GC Thread#2" [stack: 0x0000003032300000,0x0000003032400000] [id=4104]
  0x000001beb49e5340 GCTaskThread "GC Thread#3" [stack: 0x0000003032400000,0x0000003032500000] [id=9972]
  0x000001be9a2f1920 ConcurrentGCThread "G1 Main Marker" [stack: 0x0000003031100000,0x0000003031200000] [id=20528]
  0x000001be9a2f2330 ConcurrentGCThread "G1 Conc#0" [stack: 0x0000003031200000,0x0000003031300000] [id=8296]
  0x000001be9a34e8a0 ConcurrentGCThread "G1 Refine#0" [stack: 0x0000003031300000,0x0000003031400000] [id=24264]
  0x000001beb85d4270 ConcurrentGCThread "G1 Refine#1" [stack: 0x0000003033c00000,0x0000003033d00000] [id=24492]
  0x000001beb36ec6a0 ConcurrentGCThread "G1 Service" [stack: 0x0000003031400000,0x0000003031500000] [id=22824]

Threads with active compile tasks:
C2 CompilerThread0    14831 8372 %     4       org.gradle.internal.instantiation.generator.AbstractClassGenerator::inspectType @ 107 (560 bytes)

VM state: not at safepoint (normal execution)

VM Mutex/Monitor currently owned by a thread: None

Heap address: 0x0000000080000000, size: 2048 MB, Compressed Oops mode: 32-bit

CDS archive(s) not mapped
Compressed class space mapped at: 0x0000000100000000-0x0000000140000000, reserved size: 1073741824
Narrow klass base: 0x0000000000000000, Narrow klass shift: 3, Narrow klass range: 0x140000000

GC Precious Log:
 CPUs: 4 total, 4 available
 Memory: 7991M
 Large Page Support: Disabled
 NUMA Support: Disabled
 Compressed Oops: Enabled (32-bit)
 Heap Region Size: 1M
 Heap Min Capacity: 8M
 Heap Initial Capacity: 126M
 Heap Max Capacity: 2G
 Pre-touch: Disabled
 Parallel Workers: 4
 Concurrent Workers: 1
 Concurrent Refinement Workers: 4
 Periodic GC: Disabled

Heap:
 garbage-first heap   total 116736K, used 92949K [0x0000000080000000, 0x0000000100000000)
  region size 1024K, 31 young (31744K), 2 survivors (2048K)
 Metaspace       used 83847K, committed 84480K, reserved 1122304K
  class space    used 11512K, committed 11776K, reserved 1048576K

Heap Regions: E=young(eden), S=young(survivor), O=old, HS=humongous(starts), HC=humongous(continues), CS=collection set, F=free, OA=open archive, CA=closed archive, TAMS=top-at-mark-start (previous, next)
|   0|0x0000000080000000, 0x0000000080100000, 0x0000000080100000|100%| O|  |TAMS 0x0000000080100000, 0x0000000080000000| Untracked 
|   1|0x0000000080100000, 0x0000000080200000, 0x0000000080200000|100%| O|  |TAMS 0x0000000080200000, 0x0000000080100000| Untracked 
|   2|0x0000000080200000, 0x0000000080300000, 0x0000000080300000|100%|HS|  |TAMS 0x0000000080300000, 0x0000000080200000| Complete 
|   3|0x0000000080300000, 0x0000000080400000, 0x0000000080400000|100%|HC|  |TAMS 0x0000000080400000, 0x0000000080300000| Complete 
|   4|0x0000000080400000, 0x0000000080500000, 0x0000000080500000|100%|HC|  |TAMS 0x0000000080500000, 0x0000000080400000| Complete 
|   5|0x0000000080500000, 0x0000000080600000, 0x0000000080600000|100%|HC|  |TAMS 0x0000000080600000, 0x0000000080500000| Complete 
|   6|0x0000000080600000, 0x0000000080700000, 0x0000000080700000|100%| O|  |TAMS 0x0000000080700000, 0x0000000080600000| Untracked 
|   7|0x0000000080700000, 0x0000000080800000, 0x0000000080800000|100%| O|  |TAMS 0x0000000080800000, 0x0000000080700000| Untracked 
|   8|0x0000000080800000, 0x0000000080900000, 0x0000000080900000|100%| O|  |TAMS 0x0000000080900000, 0x0000000080800000| Untracked 
|   9|0x0000000080900000, 0x0000000080a00000, 0x0000000080a00000|100%| O|  |TAMS 0x0000000080a00000, 0x0000000080900000| Untracked 
|  10|0x0000000080a00000, 0x0000000080b00000, 0x0000000080b00000|100%| O|  |TAMS 0x0000000080b00000, 0x0000000080a00000| Untracked 
|  11|0x0000000080b00000, 0x0000000080b4c800, 0x0000000080c00000| 29%| O|  |TAMS 0x0000000080b4c800, 0x0000000080b00000| Untracked 
|  12|0x0000000080c00000, 0x0000000080d00000, 0x0000000080d00000|100%| O|  |TAMS 0x0000000080d00000, 0x0000000080c00000| Untracked 
|  13|0x0000000080d00000, 0x0000000080e00000, 0x0000000080e00000|100%| O|  |TAMS 0x0000000080e00000, 0x0000000080d00000| Untracked 
|  14|0x0000000080e00000, 0x0000000080f00000, 0x0000000080f00000|100%| O|  |TAMS 0x0000000080f00000, 0x0000000080e00000| Untracked 
|  15|0x0000000080f00000, 0x0000000081000000, 0x0000000081000000|100%| O|  |TAMS 0x0000000081000000, 0x0000000080f00000| Untracked 
|  16|0x0000000081000000, 0x0000000081100000, 0x0000000081100000|100%| O|  |TAMS 0x0000000081100000, 0x0000000081000000| Untracked 
|  17|0x0000000081100000, 0x0000000081200000, 0x0000000081200000|100%| O|  |TAMS 0x0000000081200000, 0x0000000081100000| Untracked 
|  18|0x0000000081200000, 0x0000000081300000, 0x0000000081300000|100%| O|  |TAMS 0x0000000081300000, 0x0000000081200000| Untracked 
|  19|0x0000000081300000, 0x0000000081400000, 0x0000000081400000|100%| O|  |TAMS 0x0000000081400000, 0x0000000081300000| Untracked 
|  20|0x0000000081400000, 0x0000000081500000, 0x0000000081500000|100%| O|  |TAMS 0x0000000081500000, 0x0000000081400000| Untracked 
|  21|0x0000000081500000, 0x0000000081600000, 0x0000000081600000|100%| O|  |TAMS 0x0000000081600000, 0x0000000081500000| Untracked 
|  22|0x0000000081600000, 0x0000000081700000, 0x0000000081700000|100%| O|  |TAMS 0x0000000081700000, 0x0000000081600000| Untracked 
|  23|0x0000000081700000, 0x0000000081800000, 0x0000000081800000|100%| O|  |TAMS 0x0000000081800000, 0x0000000081700000| Untracked 
|  24|0x0000000081800000, 0x0000000081900000, 0x0000000081900000|100%| O|  |TAMS 0x0000000081900000, 0x0000000081800000| Untracked 
|  25|0x0000000081900000, 0x0000000081a00000, 0x0000000081a00000|100%| O|  |TAMS 0x0000000081a00000, 0x0000000081900000| Untracked 
|  26|0x0000000081a00000, 0x0000000081b00000, 0x0000000081b00000|100%| O|  |TAMS 0x0000000081b00000, 0x0000000081a00000| Untracked 
|  27|0x0000000081b00000, 0x0000000081c00000, 0x0000000081c00000|100%| O|  |TAMS 0x0000000081c00000, 0x0000000081b00000| Untracked 
|  28|0x0000000081c00000, 0x0000000081d00000, 0x0000000081d00000|100%| O|  |TAMS 0x0000000081d00000, 0x0000000081c00000| Untracked 
|  29|0x0000000081d00000, 0x0000000081e00000, 0x0000000081e00000|100%| O|  |TAMS 0x0000000081e00000, 0x0000000081d00000| Untracked 
|  30|0x0000000081e00000, 0x0000000081f00000, 0x0000000081f00000|100%| O|  |TAMS 0x0000000081f00000, 0x0000000081e00000| Untracked 
|  31|0x0000000081f00000, 0x0000000082000000, 0x0000000082000000|100%| O|  |TAMS 0x0000000082000000, 0x0000000081f00000| Untracked 
|  32|0x0000000082000000, 0x0000000082100000, 0x0000000082100000|100%| O|  |TAMS 0x0000000082100000, 0x0000000082000000| Untracked 
|  33|0x0000000082100000, 0x0000000082200000, 0x0000000082200000|100%| O|  |TAMS 0x0000000082200000, 0x0000000082100000| Untracked 
|  34|0x0000000082200000, 0x0000000082300000, 0x0000000082300000|100%| O|  |TAMS 0x0000000082300000, 0x0000000082200000| Untracked 
|  35|0x0000000082300000, 0x0000000082400000, 0x0000000082400000|100%|HS|  |TAMS 0x0000000082400000, 0x0000000082300000| Complete 
|  36|0x0000000082400000, 0x0000000082500000, 0x0000000082500000|100%| O|  |TAMS 0x0000000082500000, 0x0000000082400000| Untracked 
|  37|0x0000000082500000, 0x0000000082600000, 0x0000000082600000|100%| O|  |TAMS 0x0000000082600000, 0x0000000082500000| Untracked 
|  38|0x0000000082600000, 0x0000000082700000, 0x0000000082700000|100%| O|  |TAMS 0x0000000082700000, 0x0000000082600000| Untracked 
|  39|0x0000000082700000, 0x0000000082800000, 0x0000000082800000|100%| O|  |TAMS 0x0000000082800000, 0x0000000082700000| Untracked 
|  40|0x0000000082800000, 0x0000000082900000, 0x0000000082900000|100%|HS|  |TAMS 0x0000000082900000, 0x0000000082800000| Complete 
|  41|0x0000000082900000, 0x0000000082a00000, 0x0000000082a00000|100%| O|  |TAMS 0x0000000082a00000, 0x0000000082900000| Untracked 
|  42|0x0000000082a00000, 0x0000000082b00000, 0x0000000082b00000|100%| O|  |TAMS 0x0000000082b00000, 0x0000000082a00000| Untracked 
|  43|0x0000000082b00000, 0x0000000082c00000, 0x0000000082c00000|100%| O|  |TAMS 0x0000000082c00000, 0x0000000082b00000| Untracked 
|  44|0x0000000082c00000, 0x0000000082d00000, 0x0000000082d00000|100%| O|  |TAMS 0x0000000082d00000, 0x0000000082c00000| Untracked 
|  45|0x0000000082d00000, 0x0000000082e00000, 0x0000000082e00000|100%| O|  |TAMS 0x0000000082e00000, 0x0000000082d00000| Untracked 
|  46|0x0000000082e00000, 0x0000000082f00000, 0x0000000082f00000|100%| O|  |TAMS 0x0000000082f00000, 0x0000000082e00000| Untracked 
|  47|0x0000000082f00000, 0x0000000083000000, 0x0000000083000000|100%| O|  |TAMS 0x0000000083000000, 0x0000000082f00000| Untracked 
|  48|0x0000000083000000, 0x0000000083100000, 0x0000000083100000|100%| O|  |TAMS 0x0000000083100000, 0x0000000083000000| Untracked 
|  49|0x0000000083100000, 0x0000000083200000, 0x0000000083200000|100%| O|  |TAMS 0x0000000083200000, 0x0000000083100000| Untracked 
|  50|0x0000000083200000, 0x0000000083300000, 0x0000000083300000|100%| O|  |TAMS 0x0000000083300000, 0x0000000083200000| Untracked 
|  51|0x0000000083300000, 0x0000000083400000, 0x0000000083400000|100%| O|  |TAMS 0x0000000083400000, 0x0000000083300000| Untracked 
|  52|0x0000000083400000, 0x0000000083500000, 0x0000000083500000|100%| O|  |TAMS 0x0000000083500000, 0x0000000083400000| Untracked 
|  53|0x0000000083500000, 0x0000000083600000, 0x0000000083600000|100%| O|  |TAMS 0x0000000083600000, 0x0000000083500000| Untracked 
|  54|0x0000000083600000, 0x0000000083700000, 0x0000000083700000|100%| O|  |TAMS 0x0000000083700000, 0x0000000083600000| Untracked 
|  55|0x0000000083700000, 0x0000000083800000, 0x0000000083800000|100%| O|  |TAMS 0x0000000083800000, 0x0000000083700000| Untracked 
|  56|0x0000000083800000, 0x0000000083900000, 0x0000000083900000|100%| O|  |TAMS 0x00000000838eb600, 0x0000000083800000| Untracked 
|  57|0x0000000083900000, 0x0000000083a00000, 0x0000000083a00000|100%| O|  |TAMS 0x0000000083900000, 0x0000000083900000| Untracked 
|  58|0x0000000083a00000, 0x0000000083b00000, 0x0000000083b00000|100%| O|  |TAMS 0x0000000083a00000, 0x0000000083a00000| Untracked 
|  59|0x0000000083b00000, 0x0000000083c00000, 0x0000000083c00000|100%| O|  |TAMS 0x0000000083b00000, 0x0000000083b00000| Untracked 
|  60|0x0000000083c00000, 0x0000000083d00000, 0x0000000083d00000|100%| O|  |TAMS 0x0000000083c00000, 0x0000000083c00000| Untracked 
|  61|0x0000000083d00000, 0x0000000083da6000, 0x0000000083e00000| 64%| O|  |TAMS 0x0000000083d00000, 0x0000000083d00000| Untracked 
|  62|0x0000000083e00000, 0x0000000083e00000, 0x0000000083f00000|  0%| F|  |TAMS 0x0000000083e00000, 0x0000000083e00000| Untracked 
|  63|0x0000000083f00000, 0x0000000083f00000, 0x0000000084000000|  0%| F|  |TAMS 0x0000000083f00000, 0x0000000083f00000| Untracked 
|  64|0x0000000084000000, 0x0000000084000000, 0x0000000084100000|  0%| F|  |TAMS 0x0000000084000000, 0x0000000084000000| Untracked 
|  65|0x0000000084100000, 0x0000000084100000, 0x0000000084200000|  0%| F|  |TAMS 0x0000000084100000, 0x0000000084100000| Untracked 
|  66|0x0000000084200000, 0x0000000084200000, 0x0000000084300000|  0%| F|  |TAMS 0x0000000084200000, 0x0000000084200000| Untracked 
|  67|0x0000000084300000, 0x0000000084300000, 0x0000000084400000|  0%| F|  |TAMS 0x0000000084300000, 0x0000000084300000| Untracked 
|  68|0x0000000084400000, 0x0000000084400000, 0x0000000084500000|  0%| F|  |TAMS 0x0000000084400000, 0x0000000084400000| Untracked 
|  69|0x0000000084500000, 0x0000000084500000, 0x0000000084600000|  0%| F|  |TAMS 0x0000000084500000, 0x0000000084500000| Untracked 
|  70|0x0000000084600000, 0x0000000084600000, 0x0000000084700000|  0%| F|  |TAMS 0x0000000084600000, 0x0000000084600000| Untracked 
|  71|0x0000000084700000, 0x0000000084700000, 0x0000000084800000|  0%| F|  |TAMS 0x0000000084700000, 0x0000000084700000| Untracked 
|  72|0x0000000084800000, 0x0000000084800000, 0x0000000084900000|  0%| F|  |TAMS 0x0000000084800000, 0x0000000084800000| Untracked 
|  73|0x0000000084900000, 0x0000000084900000, 0x0000000084a00000|  0%| F|  |TAMS 0x0000000084900000, 0x0000000084900000| Untracked 
|  74|0x0000000084a00000, 0x0000000084a00000, 0x0000000084b00000|  0%| F|  |TAMS 0x0000000084a00000, 0x0000000084a00000| Untracked 
|  75|0x0000000084b00000, 0x0000000084b00000, 0x0000000084c00000|  0%| F|  |TAMS 0x0000000084b00000, 0x0000000084b00000| Untracked 
|  76|0x0000000084c00000, 0x0000000084c00000, 0x0000000084d00000|  0%| F|  |TAMS 0x0000000084c00000, 0x0000000084c00000| Untracked 
|  77|0x0000000084d00000, 0x0000000084d00000, 0x0000000084e00000|  0%| F|  |TAMS 0x0000000084d00000, 0x0000000084d00000| Untracked 
|  78|0x0000000084e00000, 0x0000000084e00000, 0x0000000084f00000|  0%| F|  |TAMS 0x0000000084e00000, 0x0000000084e00000| Untracked 
|  79|0x0000000084f00000, 0x0000000084f00000, 0x0000000085000000|  0%| F|  |TAMS 0x0000000084f00000, 0x0000000084f00000| Untracked 
|  80|0x0000000085000000, 0x00000000850d2f20, 0x0000000085100000| 82%| S|CS|TAMS 0x0000000085000000, 0x0000000085000000| Complete 
|  81|0x0000000085100000, 0x0000000085100000, 0x0000000085200000|  0%| F|  |TAMS 0x0000000085100000, 0x0000000085100000| Untracked 
|  82|0x0000000085200000, 0x0000000085300000, 0x0000000085300000|100%| S|CS|TAMS 0x0000000085200000, 0x0000000085200000| Complete 
|  83|0x0000000085300000, 0x0000000085300000, 0x0000000085400000|  0%| F|  |TAMS 0x0000000085300000, 0x0000000085300000| Untracked 
|  84|0x0000000085400000, 0x0000000085400000, 0x0000000085500000|  0%| F|  |TAMS 0x0000000085400000, 0x0000000085400000| Untracked 
|  85|0x0000000085500000, 0x0000000085600000, 0x0000000085600000|100%| E|  |TAMS 0x0000000085500000, 0x0000000085500000| Complete 
|  86|0x0000000085600000, 0x0000000085700000, 0x0000000085700000|100%| E|CS|TAMS 0x0000000085600000, 0x0000000085600000| Complete 
|  87|0x0000000085700000, 0x0000000085800000, 0x0000000085800000|100%| E|CS|TAMS 0x0000000085700000, 0x0000000085700000| Complete 
|  88|0x0000000085800000, 0x0000000085900000, 0x0000000085900000|100%| E|CS|TAMS 0x0000000085800000, 0x0000000085800000| Complete 
|  89|0x0000000085900000, 0x0000000085a00000, 0x0000000085a00000|100%| E|CS|TAMS 0x0000000085900000, 0x0000000085900000| Complete 
|  90|0x0000000085a00000, 0x0000000085b00000, 0x0000000085b00000|100%| E|CS|TAMS 0x0000000085a00000, 0x0000000085a00000| Complete 
|  91|0x0000000085b00000, 0x0000000085c00000, 0x0000000085c00000|100%| E|CS|TAMS 0x0000000085b00000, 0x0000000085b00000| Complete 
|  92|0x0000000085c00000, 0x0000000085d00000, 0x0000000085d00000|100%| E|CS|TAMS 0x0000000085c00000, 0x0000000085c00000| Complete 
|  93|0x0000000085d00000, 0x0000000085e00000, 0x0000000085e00000|100%| E|CS|TAMS 0x0000000085d00000, 0x0000000085d00000| Complete 
|  94|0x0000000085e00000, 0x0000000085f00000, 0x0000000085f00000|100%| E|CS|TAMS 0x0000000085e00000, 0x0000000085e00000| Complete 
|  95|0x0000000085f00000, 0x0000000086000000, 0x0000000086000000|100%| E|CS|TAMS 0x0000000085f00000, 0x0000000085f00000| Complete 
|  96|0x0000000086000000, 0x0000000086100000, 0x0000000086100000|100%| E|CS|TAMS 0x0000000086000000, 0x0000000086000000| Complete 
|  97|0x0000000086100000, 0x0000000086200000, 0x0000000086200000|100%| E|CS|TAMS 0x0000000086100000, 0x0000000086100000| Complete 
|  98|0x0000000086200000, 0x0000000086300000, 0x0000000086300000|100%| E|CS|TAMS 0x0000000086200000, 0x0000000086200000| Complete 
|  99|0x0000000086300000, 0x0000000086400000, 0x0000000086400000|100%| E|CS|TAMS 0x0000000086300000, 0x0000000086300000| Complete 
| 100|0x0000000086400000, 0x0000000086500000, 0x0000000086500000|100%| E|CS|TAMS 0x0000000086400000, 0x0000000086400000| Complete 
| 101|0x0000000086500000, 0x0000000086600000, 0x0000000086600000|100%| E|CS|TAMS 0x0000000086500000, 0x0000000086500000| Complete 
| 102|0x0000000086600000, 0x0000000086700000, 0x0000000086700000|100%| E|CS|TAMS 0x0000000086600000, 0x0000000086600000| Complete 
| 103|0x0000000086700000, 0x0000000086800000, 0x0000000086800000|100%| E|CS|TAMS 0x0000000086700000, 0x0000000086700000| Complete 
| 104|0x0000000086800000, 0x0000000086900000, 0x0000000086900000|100%| E|CS|TAMS 0x0000000086800000, 0x0000000086800000| Complete 
| 105|0x0000000086900000, 0x0000000086a00000, 0x0000000086a00000|100%| E|CS|TAMS 0x0000000086900000, 0x0000000086900000| Complete 
| 106|0x0000000086a00000, 0x0000000086b00000, 0x0000000086b00000|100%| E|CS|TAMS 0x0000000086a00000, 0x0000000086a00000| Complete 
| 107|0x0000000086b00000, 0x0000000086c00000, 0x0000000086c00000|100%| E|CS|TAMS 0x0000000086b00000, 0x0000000086b00000| Complete 
| 108|0x0000000086c00000, 0x0000000086d00000, 0x0000000086d00000|100%| E|CS|TAMS 0x0000000086c00000, 0x0000000086c00000| Complete 
| 109|0x0000000086d00000, 0x0000000086e00000, 0x0000000086e00000|100%| E|CS|TAMS 0x0000000086d00000, 0x0000000086d00000| Complete 
| 110|0x0000000086e00000, 0x0000000086f00000, 0x0000000086f00000|100%| E|CS|TAMS 0x0000000086e00000, 0x0000000086e00000| Complete 
| 111|0x0000000086f00000, 0x0000000087000000, 0x0000000087000000|100%| E|CS|TAMS 0x0000000086f00000, 0x0000000086f00000| Complete 
| 112|0x0000000087000000, 0x0000000087100000, 0x0000000087100000|100%| E|CS|TAMS 0x0000000087000000, 0x0000000087000000| Complete 
| 125|0x0000000087d00000, 0x0000000087e00000, 0x0000000087e00000|100%| E|CS|TAMS 0x0000000087d00000, 0x0000000087d00000| Complete 

Card table byte_map: [0x000001beacb50000,0x000001beacf50000] _byte_map_base: 0x000001beac750000

Marking Bits (Prev, Next): (CMBitMap*) 0x000001be9a2e1030, (CMBitMap*) 0x000001be9a2e0ff0
 Prev Bits: [0x000001beaf350000, 0x000001beb1350000)
 Next Bits: [0x000001bead350000, 0x000001beaf350000)

Polling page: 0x000001be981d0000

Metaspace:

Usage:
  Non-class:     70.64 MB used.
      Class:     11.24 MB used.
       Both:     81.89 MB used.

Virtual space:
  Non-class space:       72.00 MB reserved,      71.00 MB ( 99%) committed,  9 nodes.
      Class space:        1.00 GB reserved,      11.50 MB (  1%) committed,  1 nodes.
             Both:        1.07 GB reserved,      82.50 MB (  8%) committed. 

Chunk freelists:
   Non-Class:  112.00 KB
       Class:  528.00 KB
        Both:  640.00 KB

MaxMetaspaceSize: unlimited
CompressedClassSpaceSize: 1.00 GB
Initial GC threshold: 21.00 MB
Current GC threshold: 127.75 MB
CDS: off
MetaspaceReclaimPolicy: balanced
 - commit_granule_bytes: 65536.
 - commit_granule_words: 8192.
 - virtual_space_node_default_size: 1048576.
 - enlarge_chunks_in_place: 1.
 - new_chunks_are_fully_committed: 0.
 - uncommit_free_chunks: 1.
 - use_allocation_guard: 0.
 - handle_deallocations: 1.


Internal statistics:

num_allocs_failed_limit: 12.
num_arena_births: 788.
num_arena_deaths: 0.
num_vsnodes_births: 10.
num_vsnodes_deaths: 0.
num_space_committed: 1320.
num_space_uncommitted: 0.
num_chunks_returned_to_freelist: 12.
num_chunks_taken_from_freelist: 3813.
num_chunk_merges: 9.
num_chunk_splits: 2479.
num_chunks_enlarged: 1659.
num_purges: 0.
num_inconsistent_stats: 0.

CodeHeap 'non-profiled nmethods': size=120000Kb used=3580Kb max_used=3580Kb free=116419Kb
 bounds [0x000001bea5220000, 0x000001bea55a0000, 0x000001beac750000]
CodeHeap 'profiled nmethods': size=120000Kb used=15048Kb max_used=15048Kb free=104952Kb
 bounds [0x000001be9d750000, 0x000001be9e610000, 0x000001bea4c80000]
CodeHeap 'non-nmethods': size=5760Kb used=2376Kb max_used=2409Kb free=3383Kb
 bounds [0x000001bea4c80000, 0x000001bea4ef0000, 0x000001bea5220000]
 total_blobs=8535 nmethods=7639 adapters=808
 compilation: enabled
              stopped_count=0, restarted_count=0
 full_count=0

Compilation events (20 events):
Event: 14.789 Thread 0x000001beb445d110 8481       2       java.util.TreeSet::<init> (10 bytes)
Event: 14.789 Thread 0x000001beb445d110 nmethod 8481 0x000001be9e5f6610 code [0x000001be9e5f67a0, 0x000001be9e5f68f8]
Event: 14.791 Thread 0x000001beb445d110 8482       1       org.gradle.model.internal.type.ParameterizedTypeWrapper::getActualTypeArguments (5 bytes)
Event: 14.791 Thread 0x000001beb445d110 nmethod 8482 0x000001bea559ea90 code [0x000001bea559ec20, 0x000001bea559ecf8]
Event: 14.791 Thread 0x000001beb445d110 8483   !   2       com.google.common.base.Suppliers$NonSerializableMemoizingSupplier::get (71 bytes)
Event: 14.792 Thread 0x000001beb445d110 nmethod 8483 0x000001be9e5f6990 code [0x000001be9e5f6b60, 0x000001be9e5f6fd8]
Event: 14.793 Thread 0x000001beb445d110 8485       2       org.gradle.internal.execution.model.annotations.AbstractInputPropertyAnnotationHandler::validateUnsupportedInputPropertyValueTypes (27 bytes)
Event: 14.794 Thread 0x000001beb445d110 nmethod 8485 0x000001be9e5f7210 code [0x000001be9e5f73e0, 0x000001be9e5f7758]
Event: 14.794 Thread 0x000001beb445d110 8486       2       org.gradle.internal.execution.model.annotations.AbstractInputPropertyAnnotationHandler::unpackValueTypesOf (100 bytes)
Event: 14.795 Thread 0x000001beb445d110 nmethod 8486 0x000001be9e5f7910 code [0x000001be9e5f7c20, 0x000001be9e5f8d08]
Event: 14.795 Thread 0x000001beb445d110 8488       2       org.gradle.internal.properties.bean.AbstractNestedRuntimeBeanNode$BeanPropertyValue$1::get (10 bytes)
Event: 14.796 Thread 0x000001beb445d110 nmethod 8488 0x000001be9e5f9690 code [0x000001be9e5f9840, 0x000001be9e5f99f8]
Event: 14.796 Thread 0x000001beb445d110 8487       2       org.gradle.internal.execution.model.annotations.AbstractInputPropertyAnnotationHandler::validateUnsupportedPropertyValueType (44 bytes)
Event: 14.796 Thread 0x000001beb445d110 nmethod 8487 0x000001be9e5f9b90 code [0x000001be9e5f9da0, 0x000001be9e5fa1a8]
Event: 14.802 Thread 0x000001beb445d110 8492       2       java.util.HashMap::putVal (300 bytes)
Event: 14.803 Thread 0x000001beb445d110 nmethod 8492 0x000001be9e5fa490 code [0x000001be9e5fa6e0, 0x000001be9e5fae78]
Event: 14.803 Thread 0x000001beb445d110 8491       2       java.util.HashMap::put (13 bytes)
Event: 14.803 Thread 0x000001beb445d110 nmethod 8491 0x000001be9e5fb310 code [0x000001be9e5fb4c0, 0x000001be9e5fb658]
Event: 14.803 Thread 0x000001beb445d110 8493       2       java.util.HashMap::comparableClassFor (115 bytes)
Event: 14.804 Thread 0x000001beb445d110 nmethod 8493 0x000001be9e5fb710 code [0x000001be9e5fb920, 0x000001be9e5fbe78]

GC Heap History (20 events):
Event: 9.605 GC heap before
{Heap before GC invocations=17 (full 0):
 garbage-first heap   total 100352K, used 73315K [0x0000000080000000, 0x0000000100000000)
  region size 1024K, 32 young (32768K), 2 survivors (2048K)
 Metaspace       used 57442K, committed 57984K, reserved 1105920K
  class space    used 7710K, committed 7936K, reserved 1048576K
}
Event: 9.608 GC heap after
{Heap after GC invocations=18 (full 0):
 garbage-first heap   total 100352K, used 47410K [0x0000000080000000, 0x0000000100000000)
  region size 1024K, 4 young (4096K), 4 survivors (4096K)
 Metaspace       used 57442K, committed 57984K, reserved 1105920K
  class space    used 7710K, committed 7936K, reserved 1048576K
}
Event: 10.034 GC heap before
{Heap before GC invocations=18 (full 0):
 garbage-first heap   total 100352K, used 62770K [0x0000000080000000, 0x0000000100000000)
  region size 1024K, 21 young (21504K), 4 survivors (4096K)
 Metaspace       used 59881K, committed 60416K, reserved 1105920K
  class space    used 7999K, committed 8192K, reserved 1048576K
}
Event: 10.038 GC heap after
{Heap after GC invocations=19 (full 0):
 garbage-first heap   total 100352K, used 48035K [0x0000000080000000, 0x0000000100000000)
  region size 1024K, 1 young (1024K), 1 survivors (1024K)
 Metaspace       used 59881K, committed 60416K, reserved 1105920K
  class space    used 7999K, committed 8192K, reserved 1048576K
}
Event: 10.717 GC heap before
{Heap before GC invocations=20 (full 0):
 garbage-first heap   total 100352K, used 75683K [0x0000000080000000, 0x0000000100000000)
  region size 1024K, 29 young (29696K), 1 survivors (1024K)
 Metaspace       used 64933K, committed 65536K, reserved 1105920K
  class space    used 8687K, committed 8960K, reserved 1048576K
}
Event: 10.721 GC heap after
{Heap after GC invocations=21 (full 0):
 garbage-first heap   total 100352K, used 50399K [0x0000000080000000, 0x0000000100000000)
  region size 1024K, 3 young (3072K), 3 survivors (3072K)
 Metaspace       used 64933K, committed 65536K, reserved 1105920K
  class space    used 8687K, committed 8960K, reserved 1048576K
}
Event: 11.068 GC heap before
{Heap before GC invocations=22 (full 0):
 garbage-first heap   total 116736K, used 83167K [0x0000000080000000, 0x0000000100000000)
  region size 1024K, 29 young (29696K), 3 survivors (3072K)
 Metaspace       used 66583K, committed 67136K, reserved 1114112K
  class space    used 8893K, committed 9152K, reserved 1048576K
}
Event: 11.076 GC heap after
{Heap after GC invocations=23 (full 0):
 garbage-first heap   total 116736K, used 52980K [0x0000000080000000, 0x0000000100000000)
  region size 1024K, 4 young (4096K), 4 survivors (4096K)
 Metaspace       used 66583K, committed 67136K, reserved 1114112K
  class space    used 8893K, committed 9152K, reserved 1048576K
}
Event: 12.130 GC heap before
{Heap before GC invocations=23 (full 0):
 garbage-first heap   total 116736K, used 85748K [0x0000000080000000, 0x0000000100000000)
  region size 1024K, 36 young (36864K), 4 survivors (4096K)
 Metaspace       used 69337K, committed 69888K, reserved 1114112K
  class space    used 9262K, committed 9536K, reserved 1048576K
}
Event: 12.137 GC heap after
{Heap after GC invocations=24 (full 0):
 garbage-first heap   total 116736K, used 55111K [0x0000000080000000, 0x0000000100000000)
  region size 1024K, 3 young (3072K), 3 survivors (3072K)
 Metaspace       used 69337K, committed 69888K, reserved 1114112K
  class space    used 9262K, committed 9536K, reserved 1048576K
}
Event: 12.312 GC heap before
{Heap before GC invocations=24 (full 0):
 garbage-first heap   total 116736K, used 87879K [0x0000000080000000, 0x0000000100000000)
  region size 1024K, 35 young (35840K), 3 survivors (3072K)
 Metaspace       used 69515K, committed 70080K, reserved 1114112K
  class space    used 9293K, committed 9536K, reserved 1048576K
}
Event: 12.317 GC heap after
{Heap after GC invocations=25 (full 0):
 garbage-first heap   total 116736K, used 57759K [0x0000000080000000, 0x0000000100000000)
  region size 1024K, 5 young (5120K), 5 survivors (5120K)
 Metaspace       used 69515K, committed 70080K, reserved 1114112K
  class space    used 9293K, committed 9536K, reserved 1048576K
}
Event: 12.654 GC heap before
{Heap before GC invocations=26 (full 0):
 garbage-first heap   total 116736K, used 77215K [0x0000000080000000, 0x0000000100000000)
  region size 1024K, 25 young (25600K), 5 survivors (5120K)
 Metaspace       used 71378K, committed 71936K, reserved 1114112K
  class space    used 9551K, committed 9792K, reserved 1048576K
}
Event: 12.661 GC heap after
{Heap after GC invocations=27 (full 0):
 garbage-first heap   total 116736K, used 59205K [0x0000000080000000, 0x0000000100000000)
  region size 1024K, 2 young (2048K), 2 survivors (2048K)
 Metaspace       used 71378K, committed 71936K, reserved 1114112K
  class space    used 9551K, committed 9792K, reserved 1048576K
}
Event: 13.337 GC heap before
{Heap before GC invocations=28 (full 0):
 garbage-first heap   total 116736K, used 91973K [0x0000000080000000, 0x0000000100000000)
  region size 1024K, 33 young (33792K), 2 survivors (2048K)
 Metaspace       used 74695K, committed 75200K, reserved 1114112K
  class space    used 10201K, committed 10432K, reserved 1048576K
}
Event: 13.342 GC heap after
{Heap after GC invocations=29 (full 0):
 garbage-first heap   total 116736K, used 60187K [0x0000000080000000, 0x0000000100000000)
  region size 1024K, 3 young (3072K), 3 survivors (3072K)
 Metaspace       used 74695K, committed 75200K, reserved 1114112K
  class space    used 10201K, committed 10432K, reserved 1048576K
}
Event: 13.865 GC heap before
{Heap before GC invocations=29 (full 0):
 garbage-first heap   total 116736K, used 92955K [0x0000000080000000, 0x0000000100000000)
  region size 1024K, 35 young (35840K), 3 survivors (3072K)
 Metaspace       used 77670K, committed 78272K, reserved 1122304K
  class space    used 10615K, committed 10880K, reserved 1048576K
}
Event: 13.874 GC heap after
{Heap after GC invocations=30 (full 0):
 garbage-first heap   total 116736K, used 62734K [0x0000000080000000, 0x0000000100000000)
  region size 1024K, 5 young (5120K), 5 survivors (5120K)
 Metaspace       used 77670K, committed 78272K, reserved 1122304K
  class space    used 10615K, committed 10880K, reserved 1048576K
}
Event: 14.388 GC heap before
{Heap before GC invocations=31 (full 0):
 garbage-first heap   total 116736K, used 94478K [0x0000000080000000, 0x0000000100000000)
  region size 1024K, 36 young (36864K), 5 survivors (5120K)
 Metaspace       used 80818K, committed 81408K, reserved 1122304K
  class space    used 11126K, committed 11392K, reserved 1048576K
}
Event: 14.396 GC heap after
{Heap after GC invocations=32 (full 0):
 garbage-first heap   total 116736K, used 64277K [0x0000000080000000, 0x0000000100000000)
  region size 1024K, 2 young (2048K), 2 survivors (2048K)
 Metaspace       used 80818K, committed 81408K, reserved 1122304K
  class space    used 11126K, committed 11392K, reserved 1048576K
}

Dll operation events (2 events):
Event: 0.029 Loaded shared library C:\MyData\android-studio\jbr\bin\java.dll
Event: 0.906 Loaded shared library C:\MyData\android-studio\jbr\bin\verify.dll

Deoptimization events (20 events):
Event: 14.558 Thread 0x000001beb5ed5c60 DEOPT PACKING pc=0x000001bea53f5294 sp=0x0000003032bf8d20
Event: 14.558 Thread 0x000001beb5ed5c60 DEOPT UNPACKING pc=0x000001bea4cda1a3 sp=0x0000003032bf8ce0 mode 2
Event: 14.564 Thread 0x000001beb5ed5c60 Uncommon trap: trap_request=0xffffff45 fr.pc=0x000001bea52f11c8 relative=0x00000000000000a8
Event: 14.564 Thread 0x000001beb5ed5c60 Uncommon trap: reason=unstable_if action=reinterpret pc=0x000001bea52f11c8 method=java.lang.CharacterDataLatin1.digit(II)I @ 12 c2
Event: 14.564 Thread 0x000001beb5ed5c60 DEOPT PACKING pc=0x000001bea52f11c8 sp=0x0000003032bf9000
Event: 14.564 Thread 0x000001beb5ed5c60 DEOPT UNPACKING pc=0x000001bea4cda1a3 sp=0x0000003032bf8f78 mode 2
Event: 14.609 Thread 0x000001beb5ed5c60 Uncommon trap: trap_request=0xffffffdc fr.pc=0x000001bea558bc30 relative=0x0000000000000290
Event: 14.609 Thread 0x000001beb5ed5c60 Uncommon trap: reason=class_check action=make_not_entrant pc=0x000001bea558bc30 method=java.util.ArrayList.toArray([Ljava/lang/Object;)[Ljava/lang/Object; @ 21 c2
Event: 14.609 Thread 0x000001beb5ed5c60 DEOPT PACKING pc=0x000001bea558bc30 sp=0x0000003032bf9ee0
Event: 14.609 Thread 0x000001beb5ed5c60 DEOPT UNPACKING pc=0x000001bea4cda1a3 sp=0x0000003032bf9eb0 mode 2
Event: 14.745 Thread 0x000001beb5ed5c60 DEOPT PACKING pc=0x000001be9e376a6d sp=0x0000003032bf8f50
Event: 14.745 Thread 0x000001beb5ed5c60 DEOPT UNPACKING pc=0x000001bea4cdace3 sp=0x0000003032bf8518 mode 0
Event: 14.802 Thread 0x000001beb5ed5c60 Uncommon trap: trap_request=0xffffff45 fr.pc=0x000001bea54b178c relative=0x000000000000072c
Event: 14.802 Thread 0x000001beb5ed5c60 Uncommon trap: reason=unstable_if action=reinterpret pc=0x000001bea54b178c method=java.util.HashMap.putVal(ILjava/lang/Object;Ljava/lang/Object;ZZ)Ljava/lang/Object; @ 109 c2
Event: 14.802 Thread 0x000001beb5ed5c60 DEOPT PACKING pc=0x000001bea54b178c sp=0x0000003032bf8c40
Event: 14.802 Thread 0x000001beb5ed5c60 DEOPT UNPACKING pc=0x000001bea4cda1a3 sp=0x0000003032bf8b58 mode 2
Event: 14.802 Thread 0x000001beb5ed5c60 Uncommon trap: trap_request=0xffffff45 fr.pc=0x000001bea53b72f8 relative=0x0000000000000698
Event: 14.802 Thread 0x000001beb5ed5c60 Uncommon trap: reason=unstable_if action=reinterpret pc=0x000001bea53b72f8 method=java.util.HashMap.putVal(ILjava/lang/Object;Ljava/lang/Object;ZZ)Ljava/lang/Object; @ 109 c2
Event: 14.802 Thread 0x000001beb5ed5c60 DEOPT PACKING pc=0x000001bea53b72f8 sp=0x0000003032bf8b90
Event: 14.802 Thread 0x000001beb5ed5c60 DEOPT UNPACKING pc=0x000001bea4cda1a3 sp=0x0000003032bf8b48 mode 2

Classes unloaded (0 events):
No events

Classes redefined (0 events):
No events

Internal exceptions (20 events):
Event: 12.338 Thread 0x000001beb5ed5c60 Exception <a 'java/lang/ClassNotFoundException'{0x00000000870a8938}: org/gradle/accessors/dm/LibrariesForLibs$AndroidxTestExtLibraryAccessorsCustomizer> (0x00000000870a8938) 
thrown [s\src\hotspot\share\classfile\systemDictionary.cpp, line 256]
Event: 12.342 Thread 0x000001beb5ed5c60 Exception <a 'java/lang/ClassNotFoundException'{0x00000000870cc130}: org/gradle/accessors/dm/LibrariesForLibs$EspressoLibraryAccessorsBeanInfo> (0x00000000870cc130) 
thrown [s\src\hotspot\share\classfile\systemDictionary.cpp, line 256]
Event: 12.342 Thread 0x000001beb5ed5c60 Exception <a 'java/lang/ClassNotFoundException'{0x00000000870e1b10}: org/gradle/accessors/dm/LibrariesForLibs$EspressoLibraryAccessorsCustomizer> (0x00000000870e1b10) 
thrown [s\src\hotspot\share\classfile\systemDictionary.cpp, line 256]
Event: 13.334 Thread 0x000001beb5ed5c60 Exception <a 'java/lang/NoSuchMethodError'{0x00000000851b4048}: 'int java.lang.invoke.DirectMethodHandle$Holder.invokeSpecialIFC(java.lang.Object, java.lang.Object, java.lang.Object, java.lang.Object, java.lang.Object)'> (0x00000000851b4048) 
thrown [s\src\hotspot\share\interpreter\linkResolver.cpp, line 771]
Event: 13.561 Thread 0x000001beb5ed5c60 Exception <a 'java/lang/ClassNotFoundException'{0x0000000086322120}: com/android/build/gradle/internal/api/ApkVariantOutputImpl_DecoratedBeanInfo> (0x0000000086322120) 
thrown [s\src\hotspot\share\classfile\systemDictionary.cpp, line 256]
Event: 13.562 Thread 0x000001beb5ed5c60 Exception <a 'java/lang/ClassNotFoundException'{0x0000000086330c58}: com/android/build/gradle/internal/api/ApkVariantOutputImplBeanInfo> (0x0000000086330c58) 
thrown [s\src\hotspot\share\classfile\systemDictionary.cpp, line 256]
Event: 13.562 Thread 0x000001beb5ed5c60 Exception <a 'java/lang/ClassNotFoundException'{0x000000008633f7b0}: com/android/build/gradle/internal/api/BaseVariantOutputImplBeanInfo> (0x000000008633f7b0) 
thrown [s\src\hotspot\share\classfile\systemDictionary.cpp, line 256]
Event: 13.562 Thread 0x000001beb5ed5c60 Exception <a 'java/lang/ClassNotFoundException'{0x000000008634e590}: com/android/build/gradle/internal/api/BaseVariantOutputImplCustomizer> (0x000000008634e590) 
thrown [s\src\hotspot\share\classfile\systemDictionary.cpp, line 256]
Event: 13.564 Thread 0x000001beb5ed5c60 Exception <a 'java/lang/ClassNotFoundException'{0x000000008636f7c8}: com/android/build/gradle/internal/api/ApkVariantOutputImplCustomizer> (0x000000008636f7c8) 
thrown [s\src\hotspot\share\classfile\systemDictionary.cpp, line 256]
Event: 13.564 Thread 0x000001beb5ed5c60 Exception <a 'java/lang/ClassNotFoundException'{0x000000008638b1f8}: com/android/build/gradle/internal/api/ApkVariantOutputImpl_DecoratedCustomizer> (0x000000008638b1f8) 
thrown [s\src\hotspot\share\classfile\systemDictionary.cpp, line 256]
Event: 13.573 Thread 0x000001beb5ed5c60 Exception <a 'java/lang/NoClassDefFoundError'{0x0000000086278178}: org/jetbrains/kotlin/gradle/plugin/KotlinBasePluginWrapper> (0x0000000086278178) 
thrown [s\src\hotspot\share\classfile\systemDictionary.cpp, line 245]
Event: 13.697 Thread 0x000001beb5ed5c60 Implicit null exception at 0x000001bea54abd0f to 0x000001bea54ac414
Event: 13.697 Thread 0x000001beb5ed5c60 Implicit null exception at 0x000001bea54a7994 to 0x000001bea54a8068
Event: 13.703 Thread 0x000001beb5ed5c60 Implicit null exception at 0x000001bea531890b to 0x000001bea5318c9a
Event: 14.146 Thread 0x000001beb5ed5c60 Exception <a 'sun/nio/fs/WindowsException'{0x00000000864bcb98}> (0x00000000864bcb98) 
thrown [s\src\hotspot\share\prims\jni.cpp, line 517]
Event: 14.271 Thread 0x000001beb5ed5c60 Exception <a 'java/lang/NullPointerException'{0x0000000085bc5ba0}> (0x0000000085bc5ba0) 
thrown [s\src\hotspot\share\interpreter\linkResolver.cpp, line 1447]
Event: 14.572 Thread 0x000001beb5ed5c60 Exception <a 'sun/nio/fs/WindowsException'{0x000000008696aa70}> (0x000000008696aa70) 
thrown [s\src\hotspot\share\prims\jni.cpp, line 517]
Event: 14.574 Thread 0x000001beb5ed5c60 Exception <a 'sun/nio/fs/WindowsException'{0x000000008696bdf8}> (0x000000008696bdf8) 
thrown [s\src\hotspot\share\prims\jni.cpp, line 517]
Event: 14.574 Thread 0x000001beb5ed5c60 Exception <a 'sun/nio/fs/WindowsException'{0x000000008696d1d0}> (0x000000008696d1d0) 
thrown [s\src\hotspot\share\prims\jni.cpp, line 517]
Event: 14.574 Thread 0x000001beb5ed5c60 Exception <a 'sun/nio/fs/WindowsException'{0x000000008696e5a8}> (0x000000008696e5a8) 
thrown [s\src\hotspot\share\prims\jni.cpp, line 517]

VM Operations (20 events):
Event: 13.865 Executing VM operation: G1CollectForAllocation
Event: 13.876 Executing VM operation: G1CollectForAllocation done
Event: 13.980 Executing VM operation: G1Concurrent
Event: 13.987 Executing VM operation: G1Concurrent done
Event: 14.008 Executing VM operation: HandshakeAllThreads
Event: 14.008 Executing VM operation: HandshakeAllThreads done
Event: 14.028 Executing VM operation: G1Concurrent
Event: 14.028 Executing VM operation: G1Concurrent done
Event: 14.228 Executing VM operation: HandshakeAllThreads
Event: 14.228 Executing VM operation: HandshakeAllThreads done
Event: 14.357 Executing VM operation: HandshakeAllThreads
Event: 14.357 Executing VM operation: HandshakeAllThreads done
Event: 14.388 Executing VM operation: G1CollectForAllocation
Event: 14.396 Executing VM operation: G1CollectForAllocation done
Event: 14.533 Executing VM operation: HandshakeAllThreads
Event: 14.533 Executing VM operation: HandshakeAllThreads done
Event: 14.590 Executing VM operation: HandshakeAllThreads
Event: 14.590 Executing VM operation: HandshakeAllThreads done
Event: 14.715 Executing VM operation: ICBufferFull
Event: 14.715 Executing VM operation: ICBufferFull done

Events (20 events):
Event: 14.556 loading class java/util/regex/Pattern$Neg
Event: 14.556 loading class java/util/regex/Pattern$Neg done
Event: 14.563 loading class javax/xml/datatype/DatatypeConfigurationException
Event: 14.563 loading class javax/xml/datatype/DatatypeConfigurationException done
Event: 14.565 loading class jdk/internal/reflect/UnsafeIntegerFieldAccessorImpl
Event: 14.565 loading class jdk/internal/reflect/UnsafeIntegerFieldAccessorImpl done
Event: 14.566 loading class com/sun/org/apache/xerces/internal/impl/io/MalformedByteSequenceException
Event: 14.566 loading class java/io/CharConversionException
Event: 14.566 loading class java/io/CharConversionException done
Event: 14.566 loading class com/sun/org/apache/xerces/internal/impl/io/MalformedByteSequenceException done
Event: 14.574 loading class java/util/EnumMap$EntrySet
Event: 14.575 loading class java/util/EnumMap$EntrySet done
Event: 14.575 loading class java/util/EnumMap$EntryIterator
Event: 14.575 loading class java/util/EnumMap$EnumMapIterator
Event: 14.575 loading class java/util/EnumMap$EnumMapIterator done
Event: 14.575 loading class java/util/EnumMap$EntryIterator done
Event: 14.575 loading class java/util/EnumMap$EntryIterator$Entry
Event: 14.575 loading class java/util/EnumMap$EntryIterator$Entry done
Event: 14.585 loading class jdk/internal/reflect/UnsafeBooleanFieldAccessorImpl
Event: 14.585 loading class jdk/internal/reflect/UnsafeBooleanFieldAccessorImpl done


Dynamic libraries:
0x00007ff69da90000 - 0x00007ff69da9a000 	C:\MyData\android-studio\jbr\bin\java.exe
0x00007fffbf970000 - 0x00007fffbfb84000 	C:\WINDOWS\SYSTEM32\ntdll.dll
0x00007fffbf4f0000 - 0x00007fffbf5b2000 	C:\WINDOWS\System32\KERNEL32.DLL
0x00007fffbd100000 - 0x00007fffbd49c000 	C:\WINDOWS\System32\KERNELBASE.dll
0x00007fffbd660000 - 0x00007fffbd771000 	C:\WINDOWS\System32\ucrtbase.dll
0x00007fffa8280000 - 0x00007fffa8297000 	C:\MyData\android-studio\jbr\bin\jli.dll
0x00007fffa6110000 - 0x00007fffa612b000 	C:\MyData\android-studio\jbr\bin\VCRUNTIME140.dll
0x00007fffbe490000 - 0x00007fffbe63b000 	C:\WINDOWS\System32\USER32.dll
0x00007fffbcfe0000 - 0x00007fffbd006000 	C:\WINDOWS\System32\win32u.dll
0x00007fffbd780000 - 0x00007fffbd7a9000 	C:\WINDOWS\System32\GDI32.dll
0x00007fffbd4a0000 - 0x00007fffbd5b3000 	C:\WINDOWS\System32\gdi32full.dll
0x00007fffbd5c0000 - 0x00007fffbd65a000 	C:\WINDOWS\System32\msvcp_win.dll
0x00007fffa9330000 - 0x00007fffa95be000 	C:\WINDOWS\WinSxS\amd64_microsoft.windows.common-controls_6595b64144ccf1df_6.0.22621.608_none_a9444ca7c10bb01d\COMCTL32.dll
0x00007fffbd9c0000 - 0x00007fffbda67000 	C:\WINDOWS\System32\msvcrt.dll
0x00007fffbe220000 - 0x00007fffbe251000 	C:\WINDOWS\System32\IMM32.DLL
0x00007fffa7e00000 - 0x00007fffa7e0c000 	C:\MyData\android-studio\jbr\bin\vcruntime140_1.dll
0x00007fff77270000 - 0x00007fff772fd000 	C:\MyData\android-studio\jbr\bin\msvcp140.dll
0x00007fff71580000 - 0x00007fff721ed000 	C:\MyData\android-studio\jbr\bin\server\jvm.dll
0x00007fffbd7b0000 - 0x00007fffbd85e000 	C:\WINDOWS\System32\ADVAPI32.dll
0x00007fffbd860000 - 0x00007fffbd904000 	C:\WINDOWS\System32\sechost.dll
0x00007fffbf810000 - 0x00007fffbf927000 	C:\WINDOWS\System32\RPCRT4.dll
0x00007fffa24e0000 - 0x00007fffa24e9000 	C:\WINDOWS\SYSTEM32\WSOCK32.dll
0x00007fffbe410000 - 0x00007fffbe481000 	C:\WINDOWS\System32\WS2_32.dll
0x00007fffb2d00000 - 0x00007fffb2d34000 	C:\WINDOWS\SYSTEM32\WINMM.dll
0x00007fffb1c80000 - 0x00007fffb1c8a000 	C:\WINDOWS\SYSTEM32\VERSION.dll
0x00007fffbbe70000 - 0x00007fffbbe88000 	C:\WINDOWS\SYSTEM32\kernel.appcore.dll
0x00007fffb9990000 - 0x00007fffb999a000 	C:\MyData\android-studio\jbr\bin\jimage.dll
0x00007fffba6d0000 - 0x00007fffba8fe000 	C:\WINDOWS\SYSTEM32\DBGHELP.DLL
0x00007fffbe680000 - 0x00007fffbea09000 	C:\WINDOWS\System32\combase.dll
0x00007fffbdac0000 - 0x00007fffbdb97000 	C:\WINDOWS\System32\OLEAUT32.dll
0x00007fff98750000 - 0x00007fff98782000 	C:\WINDOWS\SYSTEM32\dbgcore.DLL
0x00007fffbd080000 - 0x00007fffbd0fb000 	C:\WINDOWS\System32\bcryptPrimitives.dll
0x00007fffaecd0000 - 0x00007fffaecf5000 	C:\MyData\android-studio\jbr\bin\java.dll
0x00007fffb0670000 - 0x00007fffb0688000 	C:\MyData\android-studio\jbr\bin\zip.dll
0x00007fffbed00000 - 0x00007fffbf4f0000 	C:\WINDOWS\System32\SHELL32.dll
0x00007fffbadc0000 - 0x00007fffbb68d000 	C:\WINDOWS\SYSTEM32\windows.storage.dll
0x00007fffbac80000 - 0x00007fffbadbe000 	C:\WINDOWS\SYSTEM32\wintypes.dll
0x00007fffbeb80000 - 0x00007fffbec71000 	C:\WINDOWS\System32\SHCORE.dll
0x00007fffbea20000 - 0x00007fffbea7e000 	C:\WINDOWS\System32\shlwapi.dll
0x00007fffbcce0000 - 0x00007fffbcd01000 	C:\WINDOWS\SYSTEM32\profapi.dll
0x00007fffab270000 - 0x00007fffab289000 	C:\MyData\android-studio\jbr\bin\net.dll
0x00007fffb4c00000 - 0x00007fffb4d37000 	C:\WINDOWS\SYSTEM32\WINHTTP.dll
0x00007fffbc360000 - 0x00007fffbc3c9000 	C:\WINDOWS\system32\mswsock.dll
0x00007fffa82a0000 - 0x00007fffa82b6000 	C:\MyData\android-studio\jbr\bin\nio.dll
0x00007fffb7fe0000 - 0x00007fffb7ff0000 	C:\MyData\android-studio\jbr\bin\verify.dll
0x00007fffa8110000 - 0x00007fffa8137000 	C:\Users\lenovo\.gradle\native\68d5fa5c4cc2d200863cafc0d521ce42e7d3e7ee720ec0a83991735586a16f82\windows-amd64\native-platform.dll
0x00007fff74870000 - 0x00007fff749b4000 	C:\Users\lenovo\.gradle\native\e376f236ea51e6404a007f0833ffe2c6e607c4080706a723a18a27aeea778392\windows-amd64\native-platform-file-events.dll
0x00007fffb7dc0000 - 0x00007fffb7dc9000 	C:\MyData\android-studio\jbr\bin\management.dll
0x00007fffb7a50000 - 0x00007fffb7a5b000 	C:\MyData\android-studio\jbr\bin\management_ext.dll
0x00007fffbea10000 - 0x00007fffbea18000 	C:\WINDOWS\System32\PSAPI.DLL
0x00007fffbc5c0000 - 0x00007fffbc5db000 	C:\WINDOWS\SYSTEM32\CRYPTSP.dll
0x00007fffbbde0000 - 0x00007fffbbe15000 	C:\WINDOWS\system32\rsaenh.dll
0x00007fffbc460000 - 0x00007fffbc488000 	C:\WINDOWS\SYSTEM32\USERENV.dll
0x00007fffbc780000 - 0x00007fffbc7a8000 	C:\WINDOWS\SYSTEM32\bcrypt.dll
0x00007fffbc5e0000 - 0x00007fffbc5ec000 	C:\WINDOWS\SYSTEM32\CRYPTBASE.dll
0x00007fffbb920000 - 0x00007fffbb94d000 	C:\WINDOWS\SYSTEM32\IPHLPAPI.DLL
0x00007fffbe670000 - 0x00007fffbe679000 	C:\WINDOWS\System32\NSI.dll
0x00007fffb4930000 - 0x00007fffb4949000 	C:\WINDOWS\SYSTEM32\dhcpcsvc6.DLL
0x00007fffb4910000 - 0x00007fffb492f000 	C:\WINDOWS\SYSTEM32\dhcpcsvc.DLL
0x00007fffbb950000 - 0x00007fffbba43000 	C:\WINDOWS\SYSTEM32\DNSAPI.dll
0x00007fffb2cf0000 - 0x00007fffb2cf8000 	C:\WINDOWS\system32\wshunix.dll

dbghelp: loaded successfully - version: 4.0.5 - missing functions: none
symbol engine: initialized successfully - sym options: 0x614 - pdb path: .;C:\MyData\android-studio\jbr\bin;C:\WINDOWS\SYSTEM32;C:\WINDOWS\WinSxS\amd64_microsoft.windows.common-controls_6595b64144ccf1df_6.0.22621.608_none_a9444ca7c10bb01d;C:\MyData\android-studio\jbr\bin\server;C:\Users\lenovo\.gradle\native\68d5fa5c4cc2d200863cafc0d521ce42e7d3e7ee720ec0a83991735586a16f82\windows-amd64;C:\Users\lenovo\.gradle\native\e376f236ea51e6404a007f0833ffe2c6e607c4080706a723a18a27aeea778392\windows-amd64

VM Arguments:
jvm_args: --add-opens=java.base/java.util=ALL-UNNAMED --add-opens=java.base/java.lang=ALL-UNNAMED --add-opens=java.base/java.lang.invoke=ALL-UNNAMED --add-opens=java.prefs/java.util.prefs=ALL-UNNAMED --add-opens=java.base/java.nio.charset=ALL-UNNAMED --add-opens=java.base/java.net=ALL-UNNAMED --add-opens=java.base/java.util.concurrent.atomic=ALL-UNNAMED -Xmx2048m -Dfile.encoding=UTF-8 -Duser.country=US -Duser.language=en -Duser.variant 
java_command: org.gradle.launcher.daemon.bootstrap.GradleDaemon 8.0
java_class_path (initial): C:\Users\lenovo\.gradle\wrapper\dists\gradle-8.0-bin\ca5e32bp14vu59qr306oxotwh\gradle-8.0\lib\gradle-launcher-8.0.jar
Launcher Type: SUN_STANDARD

[Global flags]
     intx CICompilerCount                          = 3                                         {product} {ergonomic}
     uint ConcGCThreads                            = 1                                         {product} {ergonomic}
     uint G1ConcRefinementThreads                  = 4                                         {product} {ergonomic}
   size_t G1HeapRegionSize                         = 1048576                                   {product} {ergonomic}
    uintx GCDrainStackTargetSize                   = 64                                        {product} {ergonomic}
   size_t InitialHeapSize                          = 132120576                                 {product} {ergonomic}
   size_t MarkStackSize                            = 4194304                                   {product} {ergonomic}
   size_t MaxHeapSize                              = 2147483648                                {product} {command line}
   size_t MaxNewSize                               = 1287651328                                {product} {ergonomic}
   size_t MinHeapDeltaBytes                        = 1048576                                   {product} {ergonomic}
   size_t MinHeapSize                              = 8388608                                   {product} {ergonomic}
    uintx NonNMethodCodeHeapSize                   = 5832780                                {pd product} {ergonomic}
    uintx NonProfiledCodeHeapSize                  = 122912730                              {pd product} {ergonomic}
    uintx ProfiledCodeHeapSize                     = 122912730                              {pd product} {ergonomic}
    uintx ReservedCodeCacheSize                    = 251658240                              {pd product} {ergonomic}
     bool SegmentedCodeCache                       = true                                      {product} {ergonomic}
   size_t SoftMaxHeapSize                          = 2147483648                             {manageable} {ergonomic}
     bool UseCompressedClassPointers               = true                           {product lp64_product} {ergonomic}
     bool UseCompressedOops                        = true                           {product lp64_product} {ergonomic}
     bool UseG1GC                                  = true                                      {product} {ergonomic}
     bool UseLargePagesIndividualAllocation        = false                                  {pd product} {ergonomic}

Logging:
Log output configuration:
 #0: stdout all=warning uptime,level,tags
 #1: stderr all=off uptime,level,tags

Environment Variables:
PATH=C:\Program Files (x86)\Common Files\Oracle\Java\javapath;C:\WINDOWS\system32;C:\WINDOWS;C:\WINDOWS\System32\Wbem;C:\WINDOWS\System32\WindowsPowerShell\v1.0\;C:\WINDOWS\System32\OpenSSH\;C:\Program Files\Git\cmd;C:\xampp\mysql\bin;C:\Program Files\Cloudflare\Cloudflare WARP\;C:\Users\lenovo\AppData\Local\Microsoft\WindowsApps;;C:\Users\lenovo\AppData\Local\Programs\Microsoft VS Code\bin;C:\xampp\php;C:\Users\lenovo\AppData\Local\ComposerSetup\bin;C:\Users\lenovo\AppData\Roaming\Composer\vendor\bin
USERNAME=lenovo
OS=Windows_NT
PROCESSOR_IDENTIFIER=Intel64 Family 6 Model 140 Stepping 1, GenuineIntel
TMP=C:\Users\lenovo\AppData\Local\Temp
TEMP=C:\Users\lenovo\AppData\Local\Temp



---------------  S Y S T E M  ---------------

OS:
 Windows 11 , 64 bit Build 22621 (10.0.22621.1485)
OS uptime: 1 days 3:28 hours

CPU: total 4 (initial active 4) (2 cores per cpu, 2 threads per core) family 6 model 140 stepping 1 microcode 0x66, cx8, cmov, fxsr, ht, mmx, 3dnowpref, sse, sse2, sse3, ssse3, sse4.1, sse4.2, popcnt, lzcnt, tsc, tscinvbit, avx, avx2, aes, erms, clmul, bmi1, bmi2, adx, avx512f, avx512dq, avx512cd, avx512bw, avx512vl, sha, fma, vzeroupper, avx512_vpopcntdq, avx512_vpclmulqdq, avx512_vaes, avx512_vnni, clflush, clflushopt, clwb, avx512_vbmi2, avx512_vbmi

Memory: 4k page, system-wide physical 7991M (176M free)
TotalPageFile size 19991M (AvailPageFile size 4M)
current process WorkingSet (physical memory assigned to process): 324M, peak: 324M
current process commit charge ("private bytes"): 352M, peak: 353M

vm_info: OpenJDK 64-Bit Server VM (17.0.6+0-b2043.56-9746777) for windows-amd64 JRE (17.0.6+0-b2043.56-9746777), built on Mar 15 2023 02:37:40 by "androidbuild" with MS VC++ 16.10 / 16.11 (VS2019)

END.
