#
# There is insufficient memory for the Java Runtime Environment to continue.
# Native memory allocation (mmap) failed to map 190840832 bytes for G1 virtual space
# Possible reasons:
#   The system is out of physical RAM or swap space
#   The process is running with CompressedOops enabled, and the Java Heap may be blocking the growth of the native heap
# Possible solutions:
#   Reduce memory load on the system
#   Increase physical memory or swap space
#   Check if swap backing store is full
#   Decrease Java heap size (-Xmx/-Xms)
#   Decrease number of Java threads
#   Decrease Java thread stack sizes (-Xss)
#   Set larger code cache with -XX:ReservedCodeCacheSize=
#   JVM is running with Unscaled Compressed Oops mode in which the Java heap is
#     placed in the first 4GB address space. The Java Heap base address is the
#     maximum limit for the native heap growth. Please use -XX:HeapBaseMinAddress
#     to set the Java Heap base and to place the Java Heap above 4GB virtual address.
# This output file may be truncated or incomplete.
#
#  Out of Memory Error (os_windows.cpp:3769), pid=888, tid=8564
#
# JRE version: OpenJDK Runtime Environment (17.0.6) (build 17.0.6+0-b2043.56-9746777)
# Java VM: OpenJDK 64-Bit Server VM (17.0.6+0-b2043.56-9746777, mixed mode, tiered, compressed oops, compressed class ptrs, g1 gc, windows-amd64)
# No core dump will be written. Minidumps are not enabled by default on client versions of Windows
#

---------------  S U M M A R Y ------------

Command Line: --add-opens=java.base/java.util=ALL-UNNAMED --add-opens=java.base/java.lang=ALL-UNNAMED --add-opens=java.base/java.lang.invoke=ALL-UNNAMED --add-opens=java.prefs/java.util.prefs=ALL-UNNAMED --add-opens=java.base/java.nio.charset=ALL-UNNAMED --add-opens=java.base/java.net=ALL-UNNAMED --add-opens=java.base/java.util.concurrent.atomic=ALL-UNNAMED -Xmx2048m -Dfile.encoding=UTF-8 -Duser.country=US -Duser.language=en -Duser.variant org.gradle.launcher.daemon.bootstrap.GradleDaemon 8.0

Host: 11th Gen Intel(R) Core(TM) i3-1115G4 @ 3.00GHz, 4 cores, 7G,  Windows 11 , 64 bit Build 22621 (10.0.22621.1485)
Time: Wed May  3 22:36:15 2023 SE Asia Standard Time elapsed time: 58.196708 seconds (0d 0h 0m 58s)

---------------  T H R E A D  ---------------

Current thread (0x0000019afe9c56c0):  VMThread "VM Thread" [stack: 0x0000007085f00000,0x0000007086000000] [id=8564]

Stack: [0x0000007085f00000,0x0000007086000000]
Native frames: (J=compiled Java code, j=interpreted, Vv=VM code, C=native code)
V  [jvm.dll+0x683b8a]
V  [jvm.dll+0x842694]
V  [jvm.dll+0x843e3e]
V  [jvm.dll+0x8444a3]
V  [jvm.dll+0x249b75]
V  [jvm.dll+0x680a59]
V  [jvm.dll+0x674f4a]
V  [jvm.dll+0x309acb]
V  [jvm.dll+0x310f86]
V  [jvm.dll+0x3608ee]
V  [jvm.dll+0x360b1f]
V  [jvm.dll+0x2dfbf8]
V  [jvm.dll+0x2ddec4]
V  [jvm.dll+0x2dd4cc]
V  [jvm.dll+0x321f3b]
V  [jvm.dll+0x84897b]
V  [jvm.dll+0x8496b4]
V  [jvm.dll+0x849bcd]
V  [jvm.dll+0x849fa4]
V  [jvm.dll+0x84a070]
V  [jvm.dll+0x7f263a]
V  [jvm.dll+0x6829c5]
C  [ucrtbase.dll+0x29363]
C  [KERNEL32.DLL+0x1269d]
C  [ntdll.dll+0x5a9f8]

VM_Operation (0x000000708bbf9e10): G1CollectForAllocation, mode: safepoint, requested by thread 0x0000019affd17a20


---------------  P R O C E S S  ---------------

Threads class SMR info:
_java_thread_list=0x0000019a9fd656e0, length=86, elements={
0x0000019afd7d82a0, 0x0000019aff419290, 0x0000019aff41de50, 0x0000019aff423420,
0x0000019aff423ee0, 0x0000019aff4250a0, 0x0000019aff462010, 0x0000019aff463c10,
0x0000019aff469e30, 0x0000019aff48aef0, 0x0000019aff5d8270, 0x0000019aff5da750,
0x0000019a9a9b5800, 0x0000019a9a21f9a0, 0x0000019a99045d80, 0x0000019a9a2b0430,
0x0000019a9b050910, 0x0000019a989bc010, 0x0000019a986defb0, 0x0000019a9a3a8f30,
0x0000019a9a3aa270, 0x0000019a9a3aa740, 0x0000019a9a3abf50, 0x0000019a9a3ac8f0,
0x0000019a9a3aac10, 0x0000019a9a3a9da0, 0x0000019a9a3ab5b0, 0x0000019a9a3ab0e0,
0x0000019a9a3aba80, 0x0000019a9a3a98d0, 0x0000019a9a3ac420, 0x0000019aff8e5de0,
0x0000019aff8e5910, 0x0000019aff8e4100, 0x0000019aff8e2420, 0x0000019aff8e45d0,
0x0000019aff8e4aa0, 0x0000019aff8e75f0, 0x0000019aff8e6c50, 0x0000019aff8e8460,
0x0000019aff8e8930, 0x0000019aff8e8e00, 0x0000019aff8e4f70, 0x0000019aff8e15b0,
0x0000019aff8e1f50, 0x0000019aff8e28f0, 0x0000019aff8e5440, 0x0000019aff8e2dc0,
0x0000019aff8e3290, 0x0000019a9a5d8ad0, 0x0000019a9a5d2f60, 0x0000019a9a5d4c40,
0x0000019a9a5d8600, 0x0000019a9a5d3dd0, 0x0000019a9a5d5110, 0x0000019a9a5d7c60,
0x0000019a9a5d8130, 0x0000019a9a5d9940, 0x0000019a9a5d9e10, 0x0000019a9a5d6450,
0x0000019a9a5d8fa0, 0x0000019a9a5d55e0, 0x0000019a9a5d5ab0, 0x0000019a9a5d9470,
0x0000019a9a5d42a0, 0x0000019a9a5da2e0, 0x0000019a9a5d2a90, 0x0000019a9a5d4770,
0x0000019a9a5d3430, 0x0000019a9a5d3900, 0x0000019a9a5d5f80, 0x0000019a9a5d7790,
0x0000019a9a5d6920, 0x0000019a9a5d6df0, 0x0000019a9a5d72c0, 0x0000019affd16210,
0x0000019affd1a570, 0x0000019affd166e0, 0x0000019affd19700, 0x0000019affd14a00,
0x0000019affd16bb0, 0x0000019affd1af10, 0x0000019affd1b3e0, 0x0000019affd19230,
0x0000019affd17a20, 0x0000019affd1b8b0
}

Java Threads: ( => current thread )
  0x0000019afd7d82a0 JavaThread "main" [_thread_blocked, id=12616, stack(0x0000007085900000,0x0000007085a00000)]
  0x0000019aff419290 JavaThread "Reference Handler" daemon [_thread_blocked, id=24164, stack(0x0000007086000000,0x0000007086100000)]
  0x0000019aff41de50 JavaThread "Finalizer" daemon [_thread_blocked, id=20228, stack(0x0000007086100000,0x0000007086200000)]
  0x0000019aff423420 JavaThread "Signal Dispatcher" daemon [_thread_blocked, id=14128, stack(0x0000007086200000,0x0000007086300000)]
  0x0000019aff423ee0 JavaThread "Attach Listener" daemon [_thread_blocked, id=22676, stack(0x0000007086300000,0x0000007086400000)]
  0x0000019aff4250a0 JavaThread "Service Thread" daemon [_thread_blocked, id=5784, stack(0x0000007086400000,0x0000007086500000)]
  0x0000019aff462010 JavaThread "Monitor Deflation Thread" daemon [_thread_blocked, id=3888, stack(0x0000007086500000,0x0000007086600000)]
  0x0000019aff463c10 JavaThread "C2 CompilerThread0" daemon [_thread_blocked, id=9148, stack(0x0000007086600000,0x0000007086700000)]
  0x0000019aff469e30 JavaThread "C1 CompilerThread0" daemon [_thread_blocked, id=12796, stack(0x0000007086700000,0x0000007086800000)]
  0x0000019aff48aef0 JavaThread "Sweeper thread" daemon [_thread_blocked, id=3688, stack(0x0000007086800000,0x0000007086900000)]
  0x0000019aff5d8270 JavaThread "Common-Cleaner" daemon [_thread_blocked, id=13352, stack(0x0000007086900000,0x0000007086a00000)]
  0x0000019aff5da750 JavaThread "Notification Thread" daemon [_thread_blocked, id=22828, stack(0x0000007086a00000,0x0000007086b00000)]
  0x0000019a9a9b5800 JavaThread "Daemon health stats" [_thread_blocked, id=6796, stack(0x0000007087000000,0x0000007087100000)]
  0x0000019a9a21f9a0 JavaThread "Incoming local TCP Connector on port 56722" [_thread_in_native, id=4900, stack(0x0000007086c00000,0x0000007086d00000)]
  0x0000019a99045d80 JavaThread "Daemon periodic checks" [_thread_blocked, id=21648, stack(0x0000007087100000,0x0000007087200000)]
  0x0000019a9a2b0430 JavaThread "Daemon" [_thread_blocked, id=5152, stack(0x0000007087200000,0x0000007087300000)]
  0x0000019a9b050910 JavaThread "Handler for socket connection from /127.0.0.1:56722 to /127.0.0.1:56723" [_thread_in_native, id=20684, stack(0x0000007087300000,0x0000007087400000)]
  0x0000019a989bc010 JavaThread "Cancel handler" [_thread_blocked, id=7288, stack(0x0000007087400000,0x0000007087500000)]
  0x0000019a986defb0 JavaThread "Daemon worker" [_thread_blocked, id=23984, stack(0x0000007087500000,0x0000007087600000)]
  0x0000019a9a3a8f30 JavaThread "Asynchronous log dispatcher for DefaultDaemonConnection: socket connection from /127.0.0.1:56722 to /127.0.0.1:56723" [_thread_blocked, id=15920, stack(0x0000007087600000,0x0000007087700000)]
  0x0000019a9a3aa270 JavaThread "Stdin handler" [_thread_blocked, id=23456, stack(0x0000007087700000,0x0000007087800000)]
  0x0000019a9a3aa740 JavaThread "Daemon client event forwarder" [_thread_blocked, id=22704, stack(0x0000007087800000,0x0000007087900000)]
  0x0000019a9a3abf50 JavaThread "Cache worker for journal cache (C:\Users\lenovo\.gradle\caches\journal-1)" [_thread_blocked, id=22544, stack(0x0000007087900000,0x0000007087a00000)]
  0x0000019a9a3ac8f0 JavaThread "File lock request listener" [_thread_in_native, id=23932, stack(0x0000007087a00000,0x0000007087b00000)]
  0x0000019a9a3aac10 JavaThread "Cache worker for file hash cache (C:\Users\lenovo\.gradle\caches\8.0\fileHashes)" [_thread_blocked, id=13720, stack(0x0000007087b00000,0x0000007087c00000)]
  0x0000019a9a3a9da0 JavaThread "File watcher server" daemon [_thread_blocked, id=14516, stack(0x0000007087c00000,0x0000007087d00000)]
  0x0000019a9a3ab5b0 JavaThread "File watcher consumer" daemon [_thread_blocked, id=21940, stack(0x0000007087d00000,0x0000007087e00000)]
  0x0000019a9a3ab0e0 JavaThread "Cache worker for checksums cache (C:\MyData\Project\Adisti\.gradle\8.0\checksums)" [_thread_blocked, id=4120, stack(0x0000007087e00000,0x0000007087f00000)]
  0x0000019a9a3aba80 JavaThread "Cache worker for cache directory md-rule (C:\Users\lenovo\.gradle\caches\8.0\md-rule)" [_thread_blocked, id=11728, stack(0x0000007087f00000,0x0000007088000000)]
  0x0000019a9a3a98d0 JavaThread "Cache worker for file content cache (C:\Users\lenovo\.gradle\caches\8.0\fileContent)" [_thread_blocked, id=13492, stack(0x0000007088000000,0x0000007088100000)]
  0x0000019a9a3ac420 JavaThread "Cache worker for file hash cache (C:\MyData\Project\Adisti\.gradle\8.0\fileHashes)" [_thread_blocked, id=22032, stack(0x0000007088100000,0x0000007088200000)]
  0x0000019aff8e5de0 JavaThread "Cache worker for cache directory md-supplier (C:\Users\lenovo\.gradle\caches\8.0\md-supplier)" [_thread_blocked, id=20648, stack(0x0000007088200000,0x0000007088300000)]
  0x0000019aff8e5910 JavaThread "Cache worker for execution history cache (C:\Users\lenovo\.gradle\caches\8.0\executionHistory)" [_thread_blocked, id=22740, stack(0x0000007088300000,0x0000007088400000)]
  0x0000019aff8e4100 JavaThread "jar transforms" [_thread_blocked, id=3744, stack(0x0000007088400000,0x0000007088500000)]
  0x0000019aff8e2420 JavaThread "jar transforms Thread 2" [_thread_blocked, id=2132, stack(0x0000007088600000,0x0000007088700000)]
  0x0000019aff8e45d0 JavaThread "jar transforms Thread 3" [_thread_blocked, id=13772, stack(0x0000007088700000,0x0000007088800000)]
  0x0000019aff8e4aa0 JavaThread "jar transforms Thread 4" [_thread_blocked, id=23260, stack(0x0000007088800000,0x0000007088900000)]
  0x0000019aff8e75f0 JavaThread "Cache worker for dependencies-accessors (C:\MyData\Project\Adisti\.gradle\8.0\dependencies-accessors)" [_thread_blocked, id=7296, stack(0x0000007088900000,0x0000007088a00000)]
  0x0000019aff8e6c50 JavaThread "Cache worker for Build Output Cleanup Cache (C:\MyData\Project\Adisti\.gradle\buildOutputCleanup)" [_thread_blocked, id=21088, stack(0x0000007088a00000,0x0000007088b00000)]
  0x0000019aff8e8460 JavaThread "Unconstrained build operations" [_thread_blocked, id=22016, stack(0x0000007088b00000,0x0000007088c00000)]
  0x0000019aff8e8930 JavaThread "Unconstrained build operations Thread 2" [_thread_blocked, id=24508, stack(0x0000007088c00000,0x0000007088d00000)]
  0x0000019aff8e8e00 JavaThread "Unconstrained build operations Thread 3" [_thread_blocked, id=2172, stack(0x0000007088d00000,0x0000007088e00000)]
  0x0000019aff8e4f70 JavaThread "Unconstrained build operations Thread 4" [_thread_blocked, id=20608, stack(0x0000007088e00000,0x0000007088f00000)]
  0x0000019aff8e15b0 JavaThread "Unconstrained build operations Thread 5" [_thread_blocked, id=5280, stack(0x0000007088f00000,0x0000007089000000)]
  0x0000019aff8e1f50 JavaThread "Unconstrained build operations Thread 6" [_thread_blocked, id=17832, stack(0x0000007089000000,0x0000007089100000)]
  0x0000019aff8e28f0 JavaThread "Unconstrained build operations Thread 7" [_thread_blocked, id=19780, stack(0x0000007089100000,0x0000007089200000)]
  0x0000019aff8e5440 JavaThread "Unconstrained build operations Thread 8" [_thread_blocked, id=18008, stack(0x0000007089200000,0x0000007089300000)]
  0x0000019aff8e2dc0 JavaThread "Unconstrained build operations Thread 9" [_thread_blocked, id=23164, stack(0x0000007089300000,0x0000007089400000)]
  0x0000019aff8e3290 JavaThread "Unconstrained build operations Thread 10" [_thread_blocked, id=21096, stack(0x0000007089400000,0x0000007089500000)]
  0x0000019a9a5d8ad0 JavaThread "Unconstrained build operations Thread 11" [_thread_blocked, id=5560, stack(0x0000007089500000,0x0000007089600000)]
  0x0000019a9a5d2f60 JavaThread "Unconstrained build operations Thread 12" [_thread_blocked, id=18988, stack(0x0000007089600000,0x0000007089700000)]
  0x0000019a9a5d4c40 JavaThread "Unconstrained build operations Thread 13" [_thread_blocked, id=5288, stack(0x0000007089700000,0x0000007089800000)]
  0x0000019a9a5d8600 JavaThread "Unconstrained build operations Thread 14" [_thread_blocked, id=22964, stack(0x0000007089800000,0x0000007089900000)]
  0x0000019a9a5d3dd0 JavaThread "Unconstrained build operations Thread 15" [_thread_blocked, id=5932, stack(0x0000007089900000,0x0000007089a00000)]
  0x0000019a9a5d5110 JavaThread "Unconstrained build operations Thread 16" [_thread_blocked, id=14980, stack(0x0000007089a00000,0x0000007089b00000)]
  0x0000019a9a5d7c60 JavaThread "Unconstrained build operations Thread 17" [_thread_blocked, id=20240, stack(0x0000007089b00000,0x0000007089c00000)]
  0x0000019a9a5d8130 JavaThread "Unconstrained build operations Thread 18" [_thread_blocked, id=6508, stack(0x0000007089c00000,0x0000007089d00000)]
  0x0000019a9a5d9940 JavaThread "Unconstrained build operations Thread 19" [_thread_blocked, id=6120, stack(0x0000007089d00000,0x0000007089e00000)]
  0x0000019a9a5d9e10 JavaThread "Unconstrained build operations Thread 20" [_thread_blocked, id=4880, stack(0x0000007089e00000,0x0000007089f00000)]
  0x0000019a9a5d6450 JavaThread "Unconstrained build operations Thread 21" [_thread_blocked, id=17948, stack(0x0000007089f00000,0x000000708a000000)]
  0x0000019a9a5d8fa0 JavaThread "Unconstrained build operations Thread 22" [_thread_blocked, id=9460, stack(0x000000708a000000,0x000000708a100000)]
  0x0000019a9a5d55e0 JavaThread "Unconstrained build operations Thread 23" [_thread_blocked, id=19212, stack(0x000000708a100000,0x000000708a200000)]
  0x0000019a9a5d5ab0 JavaThread "Unconstrained build operations Thread 24" [_thread_blocked, id=24332, stack(0x000000708a200000,0x000000708a300000)]
  0x0000019a9a5d9470 JavaThread "Unconstrained build operations Thread 25" [_thread_blocked, id=13820, stack(0x000000708a300000,0x000000708a400000)]
  0x0000019a9a5d42a0 JavaThread "Unconstrained build operations Thread 26" [_thread_blocked, id=11884, stack(0x000000708a400000,0x000000708a500000)]
  0x0000019a9a5da2e0 JavaThread "Unconstrained build operations Thread 27" [_thread_blocked, id=21892, stack(0x000000708a500000,0x000000708a600000)]
  0x0000019a9a5d2a90 JavaThread "Unconstrained build operations Thread 28" [_thread_blocked, id=21712, stack(0x000000708a600000,0x000000708a700000)]
  0x0000019a9a5d4770 JavaThread "Unconstrained build operations Thread 29" [_thread_blocked, id=19604, stack(0x000000708a700000,0x000000708a800000)]
  0x0000019a9a5d3430 JavaThread "Unconstrained build operations Thread 30" [_thread_blocked, id=1508, stack(0x000000708a800000,0x000000708a900000)]
  0x0000019a9a5d3900 JavaThread "Unconstrained build operations Thread 31" [_thread_blocked, id=12936, stack(0x000000708a900000,0x000000708aa00000)]
  0x0000019a9a5d5f80 JavaThread "Unconstrained build operations Thread 32" [_thread_blocked, id=12880, stack(0x000000708aa00000,0x000000708ab00000)]
  0x0000019a9a5d7790 JavaThread "Unconstrained build operations Thread 33" [_thread_blocked, id=12132, stack(0x000000708ab00000,0x000000708ac00000)]
  0x0000019a9a5d6920 JavaThread "Unconstrained build operations Thread 34" [_thread_blocked, id=11780, stack(0x000000708ac00000,0x000000708ad00000)]
  0x0000019a9a5d6df0 JavaThread "Unconstrained build operations Thread 35" [_thread_blocked, id=5880, stack(0x000000708ad00000,0x000000708ae00000)]
  0x0000019a9a5d72c0 JavaThread "Unconstrained build operations Thread 36" [_thread_blocked, id=22028, stack(0x000000708ae00000,0x000000708af00000)]
  0x0000019affd16210 JavaThread "Unconstrained build operations Thread 37" [_thread_blocked, id=9896, stack(0x000000708af00000,0x000000708b000000)]
  0x0000019affd1a570 JavaThread "Unconstrained build operations Thread 38" [_thread_blocked, id=22076, stack(0x000000708b000000,0x000000708b100000)]
  0x0000019affd166e0 JavaThread "Unconstrained build operations Thread 39" [_thread_blocked, id=23584, stack(0x000000708b100000,0x000000708b200000)]
  0x0000019affd19700 JavaThread "Unconstrained build operations Thread 40" [_thread_blocked, id=12188, stack(0x000000708b200000,0x000000708b300000)]
  0x0000019affd14a00 JavaThread "build event listener" [_thread_blocked, id=23484, stack(0x000000708b500000,0x000000708b600000)]
  0x0000019affd16bb0 JavaThread "Memory manager" [_thread_blocked, id=14892, stack(0x000000708b600000,0x000000708b700000)]
  0x0000019affd1af10 JavaThread "included builds" [_thread_blocked, id=9172, stack(0x000000708b800000,0x000000708b900000)]
  0x0000019affd1b3e0 JavaThread "Execution worker" [_thread_blocked, id=20776, stack(0x000000708b900000,0x000000708ba00000)]
  0x0000019affd19230 JavaThread "Execution worker Thread 2" [_thread_blocked, id=17064, stack(0x000000708ba00000,0x000000708bb00000)]
  0x0000019affd17a20 JavaThread "Execution worker Thread 3" [_thread_blocked, id=19992, stack(0x000000708bb00000,0x000000708bc00000)]
  0x0000019affd1b8b0 JavaThread "Cache worker for execution history cache (C:\MyData\Project\Adisti\.gradle\8.0\executionHistory)" [_thread_blocked, id=20208, stack(0x000000708bc00000,0x000000708bd00000)]

Other Threads:
=>0x0000019afe9c56c0 VMThread "VM Thread" [stack: 0x0000007085f00000,0x0000007086000000] [id=8564]
  0x0000019afd8547a0 WatcherThread [stack: 0x0000007086b00000,0x0000007086c00000] [id=11796]
  0x0000019afd831890 GCTaskThread "GC Thread#0" [stack: 0x0000007085a00000,0x0000007085b00000] [id=14168]
  0x0000019affed4cf0 GCTaskThread "GC Thread#1" [stack: 0x0000007086d00000,0x0000007086e00000] [id=10192]
  0x0000019affb05390 GCTaskThread "GC Thread#2" [stack: 0x0000007086e00000,0x0000007086f00000] [id=19608]
  0x0000019a986fca00 GCTaskThread "GC Thread#3" [stack: 0x0000007086f00000,0x0000007087000000] [id=9116]
  0x0000019afd842930 ConcurrentGCThread "G1 Main Marker" [stack: 0x0000007085b00000,0x0000007085c00000] [id=21512]
  0x0000019afd843ae0 ConcurrentGCThread "G1 Conc#0" [stack: 0x0000007085c00000,0x0000007085d00000] [id=16192]
  0x0000019afd89ec30 ConcurrentGCThread "G1 Refine#0" [stack: 0x0000007085d00000,0x0000007085e00000] [id=21252]
  0x0000019a99f46630 ConcurrentGCThread "G1 Refine#1" [stack: 0x0000007088500000,0x0000007088600000] [id=22188]
  0x0000019afe82e7b0 ConcurrentGCThread "G1 Service" [stack: 0x0000007085e00000,0x0000007085f00000] [id=7356]

Threads with active compile tasks:

VM state: at safepoint (normal execution)

VM Mutex/Monitor currently owned by a thread:  ([mutex/lock_event])
[0x0000019afd7d29d0] Threads_lock - owner thread: 0x0000019afe9c56c0
[0x0000019afd7d1bc0] Heap_lock - owner thread: 0x0000019affd17a20

Heap address: 0x0000000080000000, size: 2048 MB, Compressed Oops mode: 32-bit

CDS archive(s) not mapped
Compressed class space mapped at: 0x0000000100000000-0x0000000140000000, reserved size: 1073741824
Narrow klass base: 0x0000000000000000, Narrow klass shift: 3, Narrow klass range: 0x140000000

GC Precious Log:
 CPUs: 4 total, 4 available
 Memory: 7991M
 Large Page Support: Disabled
 NUMA Support: Disabled
 Compressed Oops: Enabled (32-bit)
 Heap Region Size: 1M
 Heap Min Capacity: 8M
 Heap Initial Capacity: 126M
 Heap Max Capacity: 2G
 Pre-touch: Disabled
 Parallel Workers: 4
 Concurrent Workers: 1
 Concurrent Refinement Workers: 4
 Periodic GC: Disabled

Heap:
 garbage-first heap   total 186368K, used 130423K [0x0000000080000000, 0x0000000100000000)
  region size 1024K, 3 young (3072K), 3 survivors (3072K)
 Metaspace       used 91079K, committed 91776K, reserved 1130496K
  class space    used 12389K, committed 12736K, reserved 1048576K

Heap Regions: E=young(eden), S=young(survivor), O=old, HS=humongous(starts), HC=humongous(continues), CS=collection set, F=free, OA=open archive, CA=closed archive, TAMS=top-at-mark-start (previous, next)
|   0|0x0000000080000000, 0x0000000080100000, 0x0000000080100000|100%| O|  |TAMS 0x0000000080100000, 0x0000000080000000| Untracked 
|   1|0x0000000080100000, 0x0000000080200000, 0x0000000080200000|100%| O|  |TAMS 0x0000000080200000, 0x0000000080100000| Untracked 
|   2|0x0000000080200000, 0x0000000080300000, 0x0000000080300000|100%|HS|  |TAMS 0x0000000080300000, 0x0000000080200000| Complete 
|   3|0x0000000080300000, 0x0000000080400000, 0x0000000080400000|100%|HC|  |TAMS 0x0000000080400000, 0x0000000080300000| Complete 
|   4|0x0000000080400000, 0x0000000080500000, 0x0000000080500000|100%|HC|  |TAMS 0x0000000080500000, 0x0000000080400000| Complete 
|   5|0x0000000080500000, 0x0000000080600000, 0x0000000080600000|100%|HC|  |TAMS 0x0000000080600000, 0x0000000080500000| Complete 
|   6|0x0000000080600000, 0x0000000080700000, 0x0000000080700000|100%| O|  |TAMS 0x0000000080700000, 0x0000000080600000| Untracked 
|   7|0x0000000080700000, 0x0000000080800000, 0x0000000080800000|100%| O|  |TAMS 0x0000000080800000, 0x0000000080700000| Untracked 
|   8|0x0000000080800000, 0x0000000080900000, 0x0000000080900000|100%| O|  |TAMS 0x0000000080900000, 0x0000000080800000| Untracked 
|   9|0x0000000080900000, 0x0000000080a00000, 0x0000000080a00000|100%| O|  |TAMS 0x0000000080a00000, 0x0000000080900000| Untracked 
|  10|0x0000000080a00000, 0x0000000080b00000, 0x0000000080b00000|100%| O|  |TAMS 0x0000000080b00000, 0x0000000080a00000| Untracked 
|  11|0x0000000080b00000, 0x0000000080c00000, 0x0000000080c00000|100%| O|  |TAMS 0x0000000080c00000, 0x0000000080b00000| Untracked 
|  12|0x0000000080c00000, 0x0000000080d00000, 0x0000000080d00000|100%| O|  |TAMS 0x0000000080d00000, 0x0000000080c00000| Untracked 
|  13|0x0000000080d00000, 0x0000000080e00000, 0x0000000080e00000|100%| O|  |TAMS 0x0000000080e00000, 0x0000000080d00000| Untracked 
|  14|0x0000000080e00000, 0x0000000080f00000, 0x0000000080f00000|100%| O|  |TAMS 0x0000000080f00000, 0x0000000080e00000| Untracked 
|  15|0x0000000080f00000, 0x0000000081000000, 0x0000000081000000|100%| O|  |TAMS 0x0000000081000000, 0x0000000080f00000| Untracked 
|  16|0x0000000081000000, 0x0000000081100000, 0x0000000081100000|100%| O|  |TAMS 0x0000000081100000, 0x0000000081000000| Untracked 
|  17|0x0000000081100000, 0x0000000081200000, 0x0000000081200000|100%| O|  |TAMS 0x0000000081200000, 0x0000000081100000| Untracked 
|  18|0x0000000081200000, 0x0000000081300000, 0x0000000081300000|100%| O|  |TAMS 0x0000000081300000, 0x0000000081200000| Untracked 
|  19|0x0000000081300000, 0x0000000081400000, 0x0000000081400000|100%| O|  |TAMS 0x0000000081400000, 0x0000000081300000| Untracked 
|  20|0x0000000081400000, 0x0000000081500000, 0x0000000081500000|100%| O|  |TAMS 0x0000000081500000, 0x0000000081400000| Untracked 
|  21|0x0000000081500000, 0x0000000081600000, 0x0000000081600000|100%| O|  |TAMS 0x0000000081600000, 0x0000000081500000| Untracked 
|  22|0x0000000081600000, 0x0000000081700000, 0x0000000081700000|100%| O|  |TAMS 0x0000000081700000, 0x0000000081600000| Untracked 
|  23|0x0000000081700000, 0x0000000081800000, 0x0000000081800000|100%| O|  |TAMS 0x0000000081800000, 0x0000000081700000| Untracked 
|  24|0x0000000081800000, 0x0000000081900000, 0x0000000081900000|100%| O|  |TAMS 0x0000000081900000, 0x0000000081800000| Untracked 
|  25|0x0000000081900000, 0x0000000081a00000, 0x0000000081a00000|100%| O|  |TAMS 0x0000000081a00000, 0x0000000081900000| Untracked 
|  26|0x0000000081a00000, 0x0000000081b00000, 0x0000000081b00000|100%| O|  |TAMS 0x0000000081b00000, 0x0000000081a00000| Untracked 
|  27|0x0000000081b00000, 0x0000000081c00000, 0x0000000081c00000|100%| O|  |TAMS 0x0000000081c00000, 0x0000000081b00000| Untracked 
|  28|0x0000000081c00000, 0x0000000081d00000, 0x0000000081d00000|100%| O|  |TAMS 0x0000000081d00000, 0x0000000081c00000| Untracked 
|  29|0x0000000081d00000, 0x0000000081e00000, 0x0000000081e00000|100%| O|  |TAMS 0x0000000081e00000, 0x0000000081d00000| Untracked 
|  30|0x0000000081e00000, 0x0000000081f00000, 0x0000000081f00000|100%| O|  |TAMS 0x0000000081f00000, 0x0000000081e00000| Untracked 
|  31|0x0000000081f00000, 0x0000000082000000, 0x0000000082000000|100%| O|  |TAMS 0x0000000082000000, 0x0000000081f00000| Untracked 
|  32|0x0000000082000000, 0x0000000082100000, 0x0000000082100000|100%| O|  |TAMS 0x0000000082100000, 0x0000000082000000| Untracked 
|  33|0x0000000082100000, 0x0000000082200000, 0x0000000082200000|100%| O|  |TAMS 0x0000000082200000, 0x0000000082100000| Untracked 
|  34|0x0000000082200000, 0x0000000082300000, 0x0000000082300000|100%| O|  |TAMS 0x0000000082300000, 0x0000000082200000| Untracked 
|  35|0x0000000082300000, 0x0000000082400000, 0x0000000082400000|100%| O|  |TAMS 0x0000000082400000, 0x0000000082300000| Untracked 
|  36|0x0000000082400000, 0x0000000082500000, 0x0000000082500000|100%| O|  |TAMS 0x0000000082500000, 0x0000000082400000| Untracked 
|  37|0x0000000082500000, 0x0000000082600000, 0x0000000082600000|100%| O|  |TAMS 0x0000000082600000, 0x0000000082500000| Untracked 
|  38|0x0000000082600000, 0x0000000082700000, 0x0000000082700000|100%| O|  |TAMS 0x0000000082600000, 0x0000000082600000| Untracked 
|  39|0x0000000082700000, 0x0000000082800000, 0x0000000082800000|100%| O|  |TAMS 0x0000000082800000, 0x0000000082700000| Untracked 
|  40|0x0000000082800000, 0x0000000082900000, 0x0000000082900000|100%|HS|  |TAMS 0x0000000082900000, 0x0000000082800000| Complete 
|  41|0x0000000082900000, 0x0000000082a00000, 0x0000000082a00000|100%|HS|  |TAMS 0x0000000082a00000, 0x0000000082900000| Complete 
|  42|0x0000000082a00000, 0x0000000082b00000, 0x0000000082b00000|100%| O|  |TAMS 0x0000000082b00000, 0x0000000082a00000| Untracked 
|  43|0x0000000082b00000, 0x0000000082c00000, 0x0000000082c00000|100%| O|  |TAMS 0x0000000082c00000, 0x0000000082b00000| Untracked 
|  44|0x0000000082c00000, 0x0000000082d00000, 0x0000000082d00000|100%| O|  |TAMS 0x0000000082d00000, 0x0000000082c00000| Untracked 
|  45|0x0000000082d00000, 0x0000000082e00000, 0x0000000082e00000|100%| O|  |TAMS 0x0000000082e00000, 0x0000000082d00000| Untracked 
|  46|0x0000000082e00000, 0x0000000082f00000, 0x0000000082f00000|100%| O|  |TAMS 0x0000000082f00000, 0x0000000082e00000| Untracked 
|  47|0x0000000082f00000, 0x0000000083000000, 0x0000000083000000|100%| O|  |TAMS 0x0000000083000000, 0x0000000082f00000| Untracked 
|  48|0x0000000083000000, 0x0000000083100000, 0x0000000083100000|100%| O|  |TAMS 0x0000000083100000, 0x0000000083000000| Untracked 
|  49|0x0000000083100000, 0x0000000083200000, 0x0000000083200000|100%| O|  |TAMS 0x0000000083200000, 0x0000000083100000| Untracked 
|  50|0x0000000083200000, 0x0000000083300000, 0x0000000083300000|100%| O|  |TAMS 0x0000000083300000, 0x0000000083200000| Untracked 
|  51|0x0000000083300000, 0x0000000083400000, 0x0000000083400000|100%| O|  |TAMS 0x0000000083400000, 0x0000000083300000| Untracked 
|  52|0x0000000083400000, 0x0000000083500000, 0x0000000083500000|100%| O|  |TAMS 0x0000000083500000, 0x0000000083400000| Untracked 
|  53|0x0000000083500000, 0x0000000083600000, 0x0000000083600000|100%| O|  |TAMS 0x0000000083600000, 0x0000000083500000| Untracked 
|  54|0x0000000083600000, 0x0000000083700000, 0x0000000083700000|100%| O|  |TAMS 0x0000000083700000, 0x0000000083600000| Untracked 
|  55|0x0000000083700000, 0x0000000083800000, 0x0000000083800000|100%| O|  |TAMS 0x0000000083800000, 0x0000000083700000| Untracked 
|  56|0x0000000083800000, 0x0000000083900000, 0x0000000083900000|100%| O|  |TAMS 0x0000000083900000, 0x0000000083800000| Untracked 
|  57|0x0000000083900000, 0x0000000083a00000, 0x0000000083a00000|100%| O|  |TAMS 0x0000000083a00000, 0x0000000083900000| Untracked 
|  58|0x0000000083a00000, 0x0000000083b00000, 0x0000000083b00000|100%| O|  |TAMS 0x0000000083b00000, 0x0000000083a00000| Untracked 
|  59|0x0000000083b00000, 0x0000000083c00000, 0x0000000083c00000|100%| O|  |TAMS 0x0000000083c00000, 0x0000000083b00000| Untracked 
|  60|0x0000000083c00000, 0x0000000083d00000, 0x0000000083d00000|100%| O|  |TAMS 0x0000000083d00000, 0x0000000083c00000| Untracked 
|  61|0x0000000083d00000, 0x0000000083e00000, 0x0000000083e00000|100%| O|  |TAMS 0x0000000083e00000, 0x0000000083d00000| Untracked 
|  62|0x0000000083e00000, 0x0000000083f00000, 0x0000000083f00000|100%| O|  |TAMS 0x0000000083f00000, 0x0000000083e00000| Untracked 
|  63|0x0000000083f00000, 0x0000000084000000, 0x0000000084000000|100%| O|  |TAMS 0x0000000084000000, 0x0000000083f00000| Untracked 
|  64|0x0000000084000000, 0x0000000084100000, 0x0000000084100000|100%| O|  |TAMS 0x0000000084100000, 0x0000000084000000| Untracked 
|  65|0x0000000084100000, 0x0000000084200000, 0x0000000084200000|100%| O|  |TAMS 0x0000000084200000, 0x0000000084100000| Untracked 
|  66|0x0000000084200000, 0x0000000084300000, 0x0000000084300000|100%| O|  |TAMS 0x0000000084300000, 0x0000000084200000| Untracked 
|  67|0x0000000084300000, 0x0000000084400000, 0x0000000084400000|100%| O|  |TAMS 0x0000000084400000, 0x0000000084300000| Untracked 
|  68|0x0000000084400000, 0x0000000084500000, 0x0000000084500000|100%| O|  |TAMS 0x0000000084500000, 0x0000000084400000| Untracked 
|  69|0x0000000084500000, 0x0000000084600000, 0x0000000084600000|100%| O|  |TAMS 0x0000000084600000, 0x0000000084500000| Untracked 
|  70|0x0000000084600000, 0x0000000084700000, 0x0000000084700000|100%| O|  |TAMS 0x0000000084700000, 0x0000000084600000| Untracked 
|  71|0x0000000084700000, 0x0000000084800000, 0x0000000084800000|100%| O|  |TAMS 0x0000000084800000, 0x0000000084700000| Untracked 
|  72|0x0000000084800000, 0x0000000084900000, 0x0000000084900000|100%| O|  |TAMS 0x0000000084900000, 0x0000000084800000| Untracked 
|  73|0x0000000084900000, 0x0000000084a00000, 0x0000000084a00000|100%| O|  |TAMS 0x0000000084a00000, 0x0000000084900000| Untracked 
|  74|0x0000000084a00000, 0x0000000084b00000, 0x0000000084b00000|100%| O|  |TAMS 0x0000000084b00000, 0x0000000084a00000| Untracked 
|  75|0x0000000084b00000, 0x0000000084c00000, 0x0000000084c00000|100%| O|  |TAMS 0x0000000084c00000, 0x0000000084b00000| Untracked 
|  76|0x0000000084c00000, 0x0000000084d00000, 0x0000000084d00000|100%| O|  |TAMS 0x0000000084d00000, 0x0000000084c00000| Untracked 
|  77|0x0000000084d00000, 0x0000000084e00000, 0x0000000084e00000|100%| O|  |TAMS 0x0000000084e00000, 0x0000000084d00000| Untracked 
|  78|0x0000000084e00000, 0x0000000084f00000, 0x0000000084f00000|100%| O|  |TAMS 0x0000000084e00000, 0x0000000084e00000| Untracked 
|  79|0x0000000084f00000, 0x0000000085000000, 0x0000000085000000|100%| O|  |TAMS 0x0000000084f00000, 0x0000000084f00000| Untracked 
|  80|0x0000000085000000, 0x0000000085100000, 0x0000000085100000|100%| O|  |TAMS 0x0000000085000000, 0x0000000085000000| Untracked 
|  81|0x0000000085100000, 0x0000000085200000, 0x0000000085200000|100%| O|  |TAMS 0x0000000085100000, 0x0000000085100000| Untracked 
|  82|0x0000000085200000, 0x0000000085300000, 0x0000000085300000|100%| O|  |TAMS 0x0000000085200000, 0x0000000085200000| Untracked 
|  83|0x0000000085300000, 0x0000000085400000, 0x0000000085400000|100%| O|  |TAMS 0x0000000085400000, 0x0000000085300000| Untracked 
|  84|0x0000000085400000, 0x0000000085500000, 0x0000000085500000|100%| O|  |TAMS 0x0000000085500000, 0x0000000085400000| Untracked 
|  85|0x0000000085500000, 0x0000000085600000, 0x0000000085600000|100%| O|  |TAMS 0x0000000085600000, 0x0000000085500000| Untracked 
|  86|0x0000000085600000, 0x0000000085700000, 0x0000000085700000|100%| O|  |TAMS 0x0000000085648c00, 0x0000000085600000| Untracked 
|  87|0x0000000085700000, 0x0000000085800000, 0x0000000085800000|100%| O|  |TAMS 0x0000000085700000, 0x0000000085700000| Untracked 
|  88|0x0000000085800000, 0x0000000085900000, 0x0000000085900000|100%| O|  |TAMS 0x0000000085800000, 0x0000000085800000| Untracked 
|  89|0x0000000085900000, 0x0000000085a00000, 0x0000000085a00000|100%| O|  |TAMS 0x0000000085900000, 0x0000000085900000| Untracked 
|  90|0x0000000085a00000, 0x0000000085b00000, 0x0000000085b00000|100%| O|  |TAMS 0x0000000085a00000, 0x0000000085a00000| Untracked 
|  91|0x0000000085b00000, 0x0000000085c00000, 0x0000000085c00000|100%| O|  |TAMS 0x0000000085b00000, 0x0000000085b00000| Untracked 
|  92|0x0000000085c00000, 0x0000000085d00000, 0x0000000085d00000|100%| O|  |TAMS 0x0000000085c00000, 0x0000000085c00000| Untracked 
|  93|0x0000000085d00000, 0x0000000085e00000, 0x0000000085e00000|100%| O|  |TAMS 0x0000000085d00000, 0x0000000085d00000| Untracked 
|  94|0x0000000085e00000, 0x0000000085f00000, 0x0000000085f00000|100%| O|  |TAMS 0x0000000085e00000, 0x0000000085e00000| Untracked 
|  95|0x0000000085f00000, 0x0000000086000000, 0x0000000086000000|100%| O|  |TAMS 0x0000000085f00000, 0x0000000085f00000| Untracked 
|  96|0x0000000086000000, 0x0000000086100000, 0x0000000086100000|100%| O|  |TAMS 0x0000000086000000, 0x0000000086000000| Untracked 
|  97|0x0000000086100000, 0x0000000086200000, 0x0000000086200000|100%| O|  |TAMS 0x0000000086100000, 0x0000000086100000| Untracked 
|  98|0x0000000086200000, 0x0000000086300000, 0x0000000086300000|100%| O|  |TAMS 0x0000000086200000, 0x0000000086200000| Untracked 
|  99|0x0000000086300000, 0x0000000086400000, 0x0000000086400000|100%| O|  |TAMS 0x0000000086300000, 0x0000000086300000| Untracked 
| 100|0x0000000086400000, 0x0000000086500000, 0x0000000086500000|100%| O|  |TAMS 0x0000000086400000, 0x0000000086400000| Untracked 
| 101|0x0000000086500000, 0x0000000086600000, 0x0000000086600000|100%| O|  |TAMS 0x0000000086500000, 0x0000000086500000| Untracked 
| 102|0x0000000086600000, 0x0000000086700000, 0x0000000086700000|100%| O|  |TAMS 0x0000000086600000, 0x0000000086600000| Untracked 
| 103|0x0000000086700000, 0x0000000086800000, 0x0000000086800000|100%| O|  |TAMS 0x0000000086700000, 0x0000000086700000| Untracked 
| 104|0x0000000086800000, 0x0000000086900000, 0x0000000086900000|100%| O|  |TAMS 0x0000000086800000, 0x0000000086800000| Untracked 
| 105|0x0000000086900000, 0x0000000086a00000, 0x0000000086a00000|100%| O|  |TAMS 0x0000000086900000, 0x0000000086900000| Untracked 
| 106|0x0000000086a00000, 0x0000000086b00000, 0x0000000086b00000|100%| O|  |TAMS 0x0000000086a00000, 0x0000000086a00000| Untracked 
| 107|0x0000000086b00000, 0x0000000086c00000, 0x0000000086c00000|100%| O|  |TAMS 0x0000000086b00000, 0x0000000086b00000| Untracked 
| 108|0x0000000086c00000, 0x0000000086d00000, 0x0000000086d00000|100%| O|  |TAMS 0x0000000086c00000, 0x0000000086c00000| Untracked 
| 109|0x0000000086d00000, 0x0000000086e00000, 0x0000000086e00000|100%| O|  |TAMS 0x0000000086d00000, 0x0000000086d00000| Untracked 
| 110|0x0000000086e00000, 0x0000000086f00000, 0x0000000086f00000|100%| O|  |TAMS 0x0000000086e00000, 0x0000000086e00000| Untracked 
| 111|0x0000000086f00000, 0x0000000087000000, 0x0000000087000000|100%| O|  |TAMS 0x0000000086f00000, 0x0000000086f00000| Untracked 
| 112|0x0000000087000000, 0x0000000087100000, 0x0000000087100000|100%| O|  |TAMS 0x0000000087000000, 0x0000000087000000| Untracked 
| 113|0x0000000087100000, 0x0000000087200000, 0x0000000087200000|100%| O|  |TAMS 0x0000000087100000, 0x0000000087100000| Untracked 
| 114|0x0000000087200000, 0x0000000087300000, 0x0000000087300000|100%| O|  |TAMS 0x0000000087200000, 0x0000000087200000| Untracked 
| 115|0x0000000087300000, 0x0000000087400000, 0x0000000087400000|100%| O|  |TAMS 0x0000000087300000, 0x0000000087300000| Untracked 
| 116|0x0000000087400000, 0x0000000087500000, 0x0000000087500000|100%| O|  |TAMS 0x0000000087400000, 0x0000000087400000| Untracked 
| 117|0x0000000087500000, 0x0000000087600000, 0x0000000087600000|100%| O|  |TAMS 0x0000000087500000, 0x0000000087500000| Untracked 
| 118|0x0000000087600000, 0x0000000087700000, 0x0000000087700000|100%| O|  |TAMS 0x0000000087600000, 0x0000000087600000| Untracked 
| 119|0x0000000087700000, 0x00000000877d3600, 0x0000000087800000| 82%| O|  |TAMS 0x0000000087700000, 0x0000000087700000| Untracked 
| 120|0x0000000087800000, 0x0000000087800000, 0x0000000087900000|  0%| F|  |TAMS 0x0000000087800000, 0x0000000087800000| Untracked 
| 121|0x0000000087900000, 0x0000000087a00000, 0x0000000087a00000|100%|HS|  |TAMS 0x0000000087900000, 0x0000000087900000| Complete 
| 122|0x0000000087a00000, 0x0000000087b00000, 0x0000000087b00000|100%|HC|  |TAMS 0x0000000087a00000, 0x0000000087a00000| Complete 
| 123|0x0000000087b00000, 0x0000000087b00000, 0x0000000087c00000|  0%| F|  |TAMS 0x0000000087b00000, 0x0000000087b00000| Untracked 
| 124|0x0000000087c00000, 0x0000000087c00000, 0x0000000087d00000|  0%| F|  |TAMS 0x0000000087c00000, 0x0000000087c00000| Untracked 
| 125|0x0000000087d00000, 0x0000000087e00000, 0x0000000087e00000|100%| O|  |TAMS 0x0000000087d00000, 0x0000000087d00000| Untracked 
| 126|0x0000000087e00000, 0x0000000087f00000, 0x0000000087f00000|100%| O|  |TAMS 0x0000000087e00000, 0x0000000087e00000| Untracked 
| 127|0x0000000087f00000, 0x0000000088000000, 0x0000000088000000|100%| O|  |TAMS 0x0000000087f00000, 0x0000000087f00000| Untracked 
| 128|0x0000000088000000, 0x0000000088000000, 0x0000000088100000|  0%| F|  |TAMS 0x0000000088000000, 0x0000000088000000| Untracked 
| 129|0x0000000088100000, 0x0000000088100000, 0x0000000088200000|  0%| F|  |TAMS 0x0000000088100000, 0x0000000088100000| Untracked 
| 130|0x0000000088200000, 0x0000000088200000, 0x0000000088300000|  0%| F|  |TAMS 0x0000000088200000, 0x0000000088200000| Untracked 
| 131|0x0000000088300000, 0x0000000088300000, 0x0000000088400000|  0%| F|  |TAMS 0x0000000088300000, 0x0000000088300000| Untracked 
| 132|0x0000000088400000, 0x0000000088400000, 0x0000000088500000|  0%| F|  |TAMS 0x0000000088400000, 0x0000000088400000| Untracked 
| 133|0x0000000088500000, 0x0000000088500000, 0x0000000088600000|  0%| F|  |TAMS 0x0000000088500000, 0x0000000088500000| Untracked 
| 134|0x0000000088600000, 0x0000000088600000, 0x0000000088700000|  0%| F|  |TAMS 0x0000000088600000, 0x0000000088600000| Untracked 
| 135|0x0000000088700000, 0x0000000088700000, 0x0000000088800000|  0%| F|  |TAMS 0x0000000088700000, 0x0000000088700000| Untracked 
| 136|0x0000000088800000, 0x0000000088800000, 0x0000000088900000|  0%| F|  |TAMS 0x0000000088800000, 0x0000000088800000| Untracked 
| 137|0x0000000088900000, 0x0000000088900000, 0x0000000088a00000|  0%| F|  |TAMS 0x0000000088900000, 0x0000000088900000| Untracked 
| 138|0x0000000088a00000, 0x0000000088a00000, 0x0000000088b00000|  0%| F|  |TAMS 0x0000000088a00000, 0x0000000088a00000| Untracked 
| 139|0x0000000088b00000, 0x0000000088b00000, 0x0000000088c00000|  0%| F|  |TAMS 0x0000000088b00000, 0x0000000088b00000| Untracked 
| 140|0x0000000088c00000, 0x0000000088c00000, 0x0000000088d00000|  0%| F|  |TAMS 0x0000000088c00000, 0x0000000088c00000| Untracked 
| 141|0x0000000088d00000, 0x0000000088d00000, 0x0000000088e00000|  0%| F|  |TAMS 0x0000000088d00000, 0x0000000088d00000| Untracked 
| 142|0x0000000088e00000, 0x0000000088e00000, 0x0000000088f00000|  0%| F|  |TAMS 0x0000000088e00000, 0x0000000088e00000| Untracked 
| 143|0x0000000088f00000, 0x0000000088f00000, 0x0000000089000000|  0%| F|  |TAMS 0x0000000088f00000, 0x0000000088f00000| Untracked 
| 144|0x0000000089000000, 0x0000000089000000, 0x0000000089100000|  0%| F|  |TAMS 0x0000000089000000, 0x0000000089000000| Untracked 
| 145|0x0000000089100000, 0x0000000089100000, 0x0000000089200000|  0%| F|  |TAMS 0x0000000089100000, 0x0000000089100000| Untracked 
| 146|0x0000000089200000, 0x0000000089200000, 0x0000000089300000|  0%| F|  |TAMS 0x0000000089200000, 0x0000000089200000| Untracked 
| 147|0x0000000089300000, 0x0000000089300000, 0x0000000089400000|  0%| F|  |TAMS 0x0000000089300000, 0x0000000089300000| Untracked 
| 148|0x0000000089400000, 0x0000000089400000, 0x0000000089500000|  0%| F|  |TAMS 0x0000000089400000, 0x0000000089400000| Untracked 
| 149|0x0000000089500000, 0x0000000089500000, 0x0000000089600000|  0%| F|  |TAMS 0x0000000089500000, 0x0000000089500000| Untracked 
| 150|0x0000000089600000, 0x0000000089600000, 0x0000000089700000|  0%| F|  |TAMS 0x0000000089600000, 0x0000000089600000| Untracked 
| 151|0x0000000089700000, 0x0000000089700000, 0x0000000089800000|  0%| F|  |TAMS 0x0000000089700000, 0x0000000089700000| Untracked 
| 152|0x0000000089800000, 0x0000000089800000, 0x0000000089900000|  0%| F|  |TAMS 0x0000000089800000, 0x0000000089800000| Untracked 
| 153|0x0000000089900000, 0x0000000089900000, 0x0000000089a00000|  0%| F|  |TAMS 0x0000000089900000, 0x0000000089900000| Untracked 
| 154|0x0000000089a00000, 0x0000000089a00000, 0x0000000089b00000|  0%| F|  |TAMS 0x0000000089a00000, 0x0000000089a00000| Untracked 
| 155|0x0000000089b00000, 0x0000000089b00000, 0x0000000089c00000|  0%| F|  |TAMS 0x0000000089b00000, 0x0000000089b00000| Untracked 
| 156|0x0000000089c00000, 0x0000000089c00000, 0x0000000089d00000|  0%| F|  |TAMS 0x0000000089c00000, 0x0000000089c00000| Untracked 
| 157|0x0000000089d00000, 0x0000000089d00000, 0x0000000089e00000|  0%| F|  |TAMS 0x0000000089d00000, 0x0000000089d00000| Untracked 
| 158|0x0000000089e00000, 0x0000000089e00000, 0x0000000089f00000|  0%| F|  |TAMS 0x0000000089e00000, 0x0000000089e00000| Untracked 
| 159|0x0000000089f00000, 0x0000000089f8a820, 0x000000008a000000| 54%| S|CS|TAMS 0x0000000089f00000, 0x0000000089f00000| Complete 
| 160|0x000000008a000000, 0x000000008a100000, 0x000000008a100000|100%| S|CS|TAMS 0x000000008a000000, 0x000000008a000000| Complete 
| 161|0x000000008a100000, 0x000000008a200000, 0x000000008a200000|100%| S|CS|TAMS 0x000000008a100000, 0x000000008a100000| Complete 
| 162|0x000000008a200000, 0x000000008a200000, 0x000000008a300000|  0%| F|  |TAMS 0x000000008a200000, 0x000000008a200000| Untracked 
| 163|0x000000008a300000, 0x000000008a300000, 0x000000008a400000|  0%| F|  |TAMS 0x000000008a300000, 0x000000008a300000| Untracked 
| 164|0x000000008a400000, 0x000000008a400000, 0x000000008a500000|  0%| F|  |TAMS 0x000000008a400000, 0x000000008a400000| Untracked 
| 165|0x000000008a500000, 0x000000008a500000, 0x000000008a600000|  0%| F|  |TAMS 0x000000008a500000, 0x000000008a500000| Untracked 
| 166|0x000000008a600000, 0x000000008a600000, 0x000000008a700000|  0%| F|  |TAMS 0x000000008a600000, 0x000000008a600000| Untracked 
| 167|0x000000008a700000, 0x000000008a700000, 0x000000008a800000|  0%| F|  |TAMS 0x000000008a700000, 0x000000008a700000| Untracked 
| 168|0x000000008a800000, 0x000000008a800000, 0x000000008a900000|  0%| F|  |TAMS 0x000000008a800000, 0x000000008a800000| Untracked 
| 169|0x000000008a900000, 0x000000008a900000, 0x000000008aa00000|  0%| F|  |TAMS 0x000000008a900000, 0x000000008a900000| Untracked 
| 170|0x000000008aa00000, 0x000000008aa00000, 0x000000008ab00000|  0%| F|  |TAMS 0x000000008aa00000, 0x000000008aa00000| Untracked 
| 171|0x000000008ab00000, 0x000000008ab00000, 0x000000008ac00000|  0%| F|  |TAMS 0x000000008ab00000, 0x000000008ab00000| Untracked 
| 172|0x000000008ac00000, 0x000000008ac00000, 0x000000008ad00000|  0%| F|  |TAMS 0x000000008ac00000, 0x000000008ac00000| Untracked 
| 173|0x000000008ad00000, 0x000000008ad00000, 0x000000008ae00000|  0%| F|  |TAMS 0x000000008ad00000, 0x000000008ad00000| Untracked 
| 174|0x000000008ae00000, 0x000000008ae00000, 0x000000008af00000|  0%| F|  |TAMS 0x000000008ae00000, 0x000000008ae00000| Untracked 
| 175|0x000000008af00000, 0x000000008af00000, 0x000000008b000000|  0%| F|  |TAMS 0x000000008af00000, 0x000000008af00000| Untracked 
| 176|0x000000008b000000, 0x000000008b000000, 0x000000008b100000|  0%| F|  |TAMS 0x000000008b000000, 0x000000008b000000| Untracked 
| 177|0x000000008b100000, 0x000000008b100000, 0x000000008b200000|  0%| F|  |TAMS 0x000000008b100000, 0x000000008b100000| Untracked 
| 178|0x000000008b200000, 0x000000008b200000, 0x000000008b300000|  0%| F|  |TAMS 0x000000008b200000, 0x000000008b200000| Untracked 
| 179|0x000000008b300000, 0x000000008b300000, 0x000000008b400000|  0%| F|  |TAMS 0x000000008b300000, 0x000000008b300000| Untracked 
| 180|0x000000008b400000, 0x000000008b400000, 0x000000008b500000|  0%| F|  |TAMS 0x000000008b400000, 0x000000008b400000| Untracked 
| 181|0x000000008b500000, 0x000000008b500000, 0x000000008b600000|  0%| F|  |TAMS 0x000000008b500000, 0x000000008b500000| Untracked 

Card table byte_map: [0x0000019afdca0000,0x0000019afe0a0000] _byte_map_base: 0x0000019afd8a0000

Marking Bits (Prev, Next): (CMBitMap*) 0x0000019afd831ea0, (CMBitMap*) 0x0000019afd831ee0
 Prev Bits: [0x0000019a92400000, 0x0000019a94400000)
 Next Bits: [0x0000019a94400000, 0x0000019a96400000)

Polling page: 0x0000019afb970000

Metaspace:

Usage:
  Non-class:     76.85 MB used.
      Class:     12.10 MB used.
       Both:     88.94 MB used.

Virtual space:
  Non-class space:       80.00 MB reserved,      77.19 MB ( 96%) committed,  10 nodes.
      Class space:        1.00 GB reserved,      12.44 MB (  1%) committed,  1 nodes.
             Both:        1.08 GB reserved,      89.62 MB (  8%) committed. 

Chunk freelists:
   Non-Class:  2.39 MB
       Class:  3.53 MB
        Both:  5.92 MB

MaxMetaspaceSize: unlimited
CompressedClassSpaceSize: 1.00 GB
Initial GC threshold: 21.00 MB
Current GC threshold: 148.06 MB
CDS: off
MetaspaceReclaimPolicy: balanced
 - commit_granule_bytes: 65536.
 - commit_granule_words: 8192.
 - virtual_space_node_default_size: 1048576.
 - enlarge_chunks_in_place: 1.
 - new_chunks_are_fully_committed: 0.
 - uncommit_free_chunks: 1.
 - use_allocation_guard: 0.
 - handle_deallocations: 1.


Internal statistics:

num_allocs_failed_limit: 6.
num_arena_births: 902.
num_arena_deaths: 4.
num_vsnodes_births: 11.
num_vsnodes_deaths: 0.
num_space_committed: 1433.
num_space_uncommitted: 0.
num_chunks_returned_to_freelist: 12.
num_chunks_taken_from_freelist: 4232.
num_chunk_merges: 8.
num_chunk_splits: 2781.
num_chunks_enlarged: 1860.
num_purges: 2.
num_inconsistent_stats: 0.

CodeHeap 'non-profiled nmethods': size=120000Kb used=5937Kb max_used=5937Kb free=114062Kb
 bounds [0x0000019a8aed0000, 0x0000019a8b4a0000, 0x0000019a92400000]
CodeHeap 'profiled nmethods': size=120000Kb used=19093Kb max_used=19093Kb free=100907Kb
 bounds [0x0000019a83400000, 0x0000019a846b0000, 0x0000019a8a930000]
CodeHeap 'non-nmethods': size=5760Kb used=2386Kb max_used=2442Kb free=3373Kb
 bounds [0x0000019a8a930000, 0x0000019a8abb0000, 0x0000019a8aed0000]
 total_blobs=10622 nmethods=9712 adapters=822
 compilation: enabled
              stopped_count=0, restarted_count=0
 full_count=0

Compilation events (20 events):
Event: 57.883 Thread 0x0000019aff469e30 11193       3       com.android.ide.common.blame.SourceFilePosition::<init> (15 bytes)
Event: 57.883 Thread 0x0000019aff469e30 nmethod 11193 0x0000019a846a6790 code [0x0000019a846a6940, 0x0000019a846a6b58]
Event: 57.889 Thread 0x0000019aff463c10 11194       4       com.android.ide.common.blame.MergingLogPersistUtil::extractSourcePosition (248 bytes)
Event: 58.087 Thread 0x0000019aff463c10 nmethod 11194 0x0000019a8b492490 code [0x0000019a8b4929c0, 0x0000019a8b497428]
Event: 58.087 Thread 0x0000019aff463c10 11195       4       com.android.ide.common.blame.SourcePosition::<init> (38 bytes)
Event: 58.088 Thread 0x0000019aff463c10 nmethod 11195 0x0000019a8b499610 code [0x0000019a8b499780, 0x0000019a8b499818]
Event: 58.088 Thread 0x0000019aff463c10 11196       4       java.util.stream.Collectors$CollectorImpl::<init> (13 bytes)
Event: 58.097 Thread 0x0000019aff463c10 nmethod 11196 0x0000019a8b499910 code [0x0000019a8b499a80, 0x0000019a8b499f58]
Event: 58.124 Thread 0x0000019aff463c10 11197       4       com.google.gson.stream.JsonReader::peek (144 bytes)
Event: 58.125 Thread 0x0000019aff463c10 nmethod 11197 0x0000019a8b49a010 code [0x0000019a8b49a1a0, 0x0000019a8b49a2e8]
Event: 58.135 Thread 0x0000019aff463c10 11198       4       com.android.ide.common.blame.SourcePosition::hashCode (69 bytes)
Event: 58.148 Thread 0x0000019aff463c10 nmethod 11198 0x0000019a8b49a390 code [0x0000019a8b49a560, 0x0000019a8b49b0d8]
Event: 58.148 Thread 0x0000019aff463c10 11199       4       com.android.ide.common.blame.SourceFilePosition::<init> (15 bytes)
Event: 58.150 Thread 0x0000019aff463c10 nmethod 11199 0x0000019a8b49b390 code [0x0000019a8b49b500, 0x0000019a8b49b738]
Event: 58.150 Thread 0x0000019aff463c10 11200       4       com.google.gson.stream.JsonReader::nextString (198 bytes)
Event: 58.153 Thread 0x0000019aff463c10 nmethod 11200 0x0000019a8b49b790 code [0x0000019a8b49b920, 0x0000019a8b49ba78]
Event: 58.157 Thread 0x0000019aff463c10 11201       4       com.google.gson.stream.JsonReader::nextName (117 bytes)
Event: 58.159 Thread 0x0000019aff463c10 nmethod 11201 0x0000019a8b49bc10 code [0x0000019a8b49bda0, 0x0000019a8b49bfd8]
Event: 58.178 Thread 0x0000019aff463c10 11202       4       java.util.stream.Collectors$$Lambda$59/0x0000000100169a90::get (8 bytes)
Event: 58.179 Thread 0x0000019aff463c10 nmethod 11202 0x0000019a8b49c190 code [0x0000019a8b49c320, 0x0000019a8b49c3f8]

GC Heap History (20 events):
Event: 49.327 GC heap after
{Heap after GC invocations=54 (full 0):
 garbage-first heap   total 128000K, used 75134K [0x0000000080000000, 0x0000000100000000)
  region size 1024K, 5 young (5120K), 5 survivors (5120K)
 Metaspace       used 84917K, committed 85568K, reserved 1130496K
  class space    used 11605K, committed 11904K, reserved 1048576K
}
Event: 50.486 GC heap before
{Heap before GC invocations=54 (full 0):
 garbage-first heap   total 128000K, used 102782K [0x0000000080000000, 0x0000000100000000)
  region size 1024K, 33 young (33792K), 5 survivors (5120K)
 Metaspace       used 86508K, committed 87104K, reserved 1130496K
  class space    used 11889K, committed 12160K, reserved 1048576K
}
Event: 50.497 GC heap after
{Heap after GC invocations=55 (full 0):
 garbage-first heap   total 128000K, used 79986K [0x0000000080000000, 0x0000000100000000)
  region size 1024K, 5 young (5120K), 5 survivors (5120K)
 Metaspace       used 86508K, committed 87104K, reserved 1130496K
  class space    used 11889K, committed 12160K, reserved 1048576K
}
Event: 53.540 GC heap before
{Heap before GC invocations=55 (full 0):
 garbage-first heap   total 128000K, used 103538K [0x0000000080000000, 0x0000000100000000)
  region size 1024K, 29 young (29696K), 5 survivors (5120K)
 Metaspace       used 86674K, committed 87232K, reserved 1130496K
  class space    used 11892K, committed 12160K, reserved 1048576K
}
Event: 53.555 GC heap after
{Heap after GC invocations=56 (full 0):
 garbage-first heap   total 128000K, used 82125K [0x0000000080000000, 0x0000000100000000)
  region size 1024K, 4 young (4096K), 4 survivors (4096K)
 Metaspace       used 86674K, committed 87232K, reserved 1130496K
  class space    used 11892K, committed 12160K, reserved 1048576K
}
Event: 54.461 GC heap before
{Heap before GC invocations=56 (full 0):
 garbage-first heap   total 128000K, used 103629K [0x0000000080000000, 0x0000000100000000)
  region size 1024K, 26 young (26624K), 4 survivors (4096K)
 Metaspace       used 86796K, committed 87424K, reserved 1130496K
  class space    used 11894K, committed 12160K, reserved 1048576K
}
Event: 54.473 GC heap after
{Heap after GC invocations=57 (full 0):
 garbage-first heap   total 128000K, used 84262K [0x0000000080000000, 0x0000000100000000)
  region size 1024K, 4 young (4096K), 4 survivors (4096K)
 Metaspace       used 86796K, committed 87424K, reserved 1130496K
  class space    used 11894K, committed 12160K, reserved 1048576K
}
Event: 55.209 GC heap before
{Heap before GC invocations=57 (full 0):
 garbage-first heap   total 128000K, used 108838K [0x0000000080000000, 0x0000000100000000)
  region size 1024K, 25 young (25600K), 4 survivors (4096K)
 Metaspace       used 89462K, committed 90112K, reserved 1130496K
  class space    used 12216K, committed 12480K, reserved 1048576K
}
Event: 55.223 GC heap after
{Heap after GC invocations=58 (full 0):
 garbage-first heap   total 128000K, used 91028K [0x0000000080000000, 0x0000000100000000)
  region size 1024K, 4 young (4096K), 4 survivors (4096K)
 Metaspace       used 89462K, committed 90112K, reserved 1130496K
  class space    used 12216K, committed 12480K, reserved 1048576K
}
Event: 55.666 GC heap before
{Heap before GC invocations=58 (full 0):
 garbage-first heap   total 128000K, used 105364K [0x0000000080000000, 0x0000000100000000)
  region size 1024K, 18 young (18432K), 4 survivors (4096K)
 Metaspace       used 90295K, committed 90944K, reserved 1130496K
  class space    used 12308K, committed 12608K, reserved 1048576K
}
Event: 55.687 GC heap after
{Heap after GC invocations=59 (full 0):
 garbage-first heap   total 182272K, used 97980K [0x0000000080000000, 0x0000000100000000)
  region size 1024K, 3 young (3072K), 3 survivors (3072K)
 Metaspace       used 90295K, committed 90944K, reserved 1130496K
  class space    used 12308K, committed 12608K, reserved 1048576K
}
Event: 56.336 GC heap before
{Heap before GC invocations=60 (full 0):
 garbage-first heap   total 186368K, used 127676K [0x0000000080000000, 0x0000000100000000)
  region size 1024K, 32 young (32768K), 3 survivors (3072K)
 Metaspace       used 90417K, committed 91008K, reserved 1130496K
  class space    used 12325K, committed 12608K, reserved 1048576K
}
Event: 56.387 GC heap after
{Heap after GC invocations=61 (full 0):
 garbage-first heap   total 186368K, used 118784K [0x0000000080000000, 0x0000000100000000)
  region size 1024K, 4 young (4096K), 4 survivors (4096K)
 Metaspace       used 90417K, committed 91008K, reserved 1130496K
  class space    used 12325K, committed 12608K, reserved 1048576K
}
Event: 56.529 GC heap before
{Heap before GC invocations=61 (full 0):
 garbage-first heap   total 186368K, used 122880K [0x0000000080000000, 0x0000000100000000)
  region size 1024K, 9 young (9216K), 4 survivors (4096K)
 Metaspace       used 90706K, committed 91392K, reserved 1130496K
  class space    used 12358K, committed 12672K, reserved 1048576K
}
Event: 56.552 GC heap after
{Heap after GC invocations=62 (full 0):
 garbage-first heap   total 186368K, used 119234K [0x0000000080000000, 0x0000000100000000)
  region size 1024K, 1 young (1024K), 1 survivors (1024K)
 Metaspace       used 90706K, committed 91392K, reserved 1130496K
  class space    used 12358K, committed 12672K, reserved 1048576K
}
Event: 57.177 GC heap before
{Heap before GC invocations=62 (full 0):
 garbage-first heap   total 186368K, used 138690K [0x0000000080000000, 0x0000000100000000)
  region size 1024K, 20 young (20480K), 1 survivors (1024K)
 Metaspace       used 90940K, committed 91648K, reserved 1130496K
  class space    used 12377K, committed 12736K, reserved 1048576K
}
Event: 57.188 GC heap after
{Heap after GC invocations=63 (full 0):
 garbage-first heap   total 186368K, used 122601K [0x0000000080000000, 0x0000000100000000)
  region size 1024K, 3 young (3072K), 3 survivors (3072K)
 Metaspace       used 90940K, committed 91648K, reserved 1130496K
  class space    used 12377K, committed 12736K, reserved 1048576K
}
Event: 57.605 GC heap before
{Heap before GC invocations=63 (full 0):
 garbage-first heap   total 186368K, used 149225K [0x0000000080000000, 0x0000000100000000)
  region size 1024K, 22 young (22528K), 3 survivors (3072K)
 Metaspace       used 91079K, committed 91776K, reserved 1130496K
  class space    used 12389K, committed 12736K, reserved 1048576K
}
Event: 57.620 GC heap after
{Heap after GC invocations=64 (full 0):
 garbage-first heap   total 186368K, used 127877K [0x0000000080000000, 0x0000000100000000)
  region size 1024K, 3 young (3072K), 3 survivors (3072K)
 Metaspace       used 91079K, committed 91776K, reserved 1130496K
  class space    used 12389K, committed 12736K, reserved 1048576K
}
Event: 58.183 GC heap before
{Heap before GC invocations=64 (full 0):
 garbage-first heap   total 186368K, used 147333K [0x0000000080000000, 0x0000000100000000)
  region size 1024K, 22 young (22528K), 3 survivors (3072K)
 Metaspace       used 91079K, committed 91776K, reserved 1130496K
  class space    used 12389K, committed 12736K, reserved 1048576K
}

Dll operation events (2 events):
Event: 0.012 Loaded shared library C:\MyData\android-studio\jbr\bin\java.dll
Event: 0.701 Loaded shared library C:\MyData\android-studio\jbr\bin\verify.dll

Deoptimization events (20 events):
Event: 57.632 Thread 0x0000019affd17a20 DEOPT PACKING pc=0x0000019a84690b9c sp=0x000000708bbfa180
Event: 57.632 Thread 0x0000019affd17a20 DEOPT UNPACKING pc=0x0000019a8a98ace3 sp=0x000000708bbf9688 mode 0
Event: 57.633 Thread 0x0000019affd17a20 DEOPT PACKING pc=0x0000019a84690b9c sp=0x000000708bbfa180
Event: 57.633 Thread 0x0000019affd17a20 DEOPT UNPACKING pc=0x0000019a8a98ace3 sp=0x000000708bbf9688 mode 0
Event: 57.637 Thread 0x0000019affd17a20 DEOPT PACKING pc=0x0000019a84690b9c sp=0x000000708bbfa180
Event: 57.637 Thread 0x0000019affd17a20 DEOPT UNPACKING pc=0x0000019a8a98ace3 sp=0x000000708bbf9688 mode 0
Event: 57.638 Thread 0x0000019affd17a20 DEOPT PACKING pc=0x0000019a84690b9c sp=0x000000708bbfa180
Event: 57.638 Thread 0x0000019affd17a20 DEOPT UNPACKING pc=0x0000019a8a98ace3 sp=0x000000708bbf9688 mode 0
Event: 57.639 Thread 0x0000019affd17a20 DEOPT PACKING pc=0x0000019a84690b9c sp=0x000000708bbfa180
Event: 57.639 Thread 0x0000019affd17a20 DEOPT UNPACKING pc=0x0000019a8a98ace3 sp=0x000000708bbf9688 mode 0
Event: 57.640 Thread 0x0000019affd17a20 DEOPT PACKING pc=0x0000019a84690b9c sp=0x000000708bbfa180
Event: 57.640 Thread 0x0000019affd17a20 DEOPT UNPACKING pc=0x0000019a8a98ace3 sp=0x000000708bbf9688 mode 0
Event: 57.694 Thread 0x0000019affd17a20 DEOPT PACKING pc=0x0000019a84690b9c sp=0x000000708bbfa180
Event: 57.694 Thread 0x0000019affd17a20 DEOPT UNPACKING pc=0x0000019a8a98ace3 sp=0x000000708bbf9688 mode 0
Event: 57.783 Thread 0x0000019affd17a20 DEOPT PACKING pc=0x0000019a84351a59 sp=0x000000708bbfa160
Event: 57.783 Thread 0x0000019affd17a20 DEOPT UNPACKING pc=0x0000019a8a98ace3 sp=0x000000708bbf9618 mode 0
Event: 57.832 Thread 0x0000019affd17a20 Uncommon trap: trap_request=0xffffff45 fr.pc=0x0000019a8b479534 relative=0x00000000000006d4
Event: 57.832 Thread 0x0000019affd17a20 Uncommon trap: reason=unstable_if action=reinterpret pc=0x0000019a8b479534 method=java.lang.Integer.parseInt(Ljava/lang/String;I)I @ 119 c2
Event: 57.832 Thread 0x0000019affd17a20 DEOPT PACKING pc=0x0000019a8b479534 sp=0x000000708bbfa0f0
Event: 57.832 Thread 0x0000019affd17a20 DEOPT UNPACKING pc=0x0000019a8a98a1a3 sp=0x000000708bbfa058 mode 2

Classes unloaded (2 events):
Event: 55.945 Thread 0x0000019afe9c56c0 Unloading class 0x0000000100bd8000 'java/lang/invoke/LambdaForm$DMH+0x0000000100bd8000'
Event: 55.945 Thread 0x0000019afe9c56c0 Unloading class 0x0000000100bd8400 'java/lang/invoke/LambdaForm$DMH+0x0000000100bd8400'

Classes redefined (0 events):
No events

Internal exceptions (20 events):
Event: 49.547 Thread 0x0000019a9a3aa740 Exception <a 'java/lang/NoSuchMethodError'{0x00000000878f87f0}: static Lorg/gradle/internal/build/event/types/AbstractTaskResult;.<clinit>()V> (0x00000000878f87f0) 
thrown [s\src\hotspot\share\prims\jni.cpp, line 1108]
Event: 49.583 Thread 0x0000019affd17a20 Exception <a 'sun/nio/fs/WindowsException'{0x0000000087728fe0}> (0x0000000087728fe0) 
thrown [s\src\hotspot\share\prims\jni.cpp, line 517]
Event: 49.600 Thread 0x0000019a9a3aa740 Exception <a 'java/lang/NoSuchMethodError'{0x00000000877f5a70}: static Lorg/gradle/internal/build/event/types/DefaultTaskSkippedResult;.<clinit>()V> (0x00000000877f5a70) 
thrown [s\src\hotspot\share\prims\jni.cpp, line 1108]
Event: 49.607 Thread 0x0000019affd14a00 Exception <a 'java/lang/NoSuchMethodError'{0x000000008762d350}: static Lcom/android/buildanalyzer/common/AndroidGradlePluginAttributionData$BuildInfo;.<clinit>()V> (0x000000008762d350) 
thrown [s\src\hotspot\share\prims\jni.cpp, line 1108]
Event: 49.610 Thread 0x0000019affd14a00 Exception <a 'java/lang/NoSuchMethodError'{0x0000000087643da0}: static Lcom/android/buildanalyzer/common/AndroidGradlePluginAttributionData$JavaInfo;.<clinit>()V> (0x0000000087643da0) 
thrown [s\src\hotspot\share\prims\jni.cpp, line 1108]
Event: 49.612 Thread 0x0000019affd14a00 Exception <a 'java/lang/NoSuchMethodError'{0x0000000087665c78}: static [Ljava/lang/String;.<clinit>()V> (0x0000000087665c78) 
thrown [s\src\hotspot\share\prims\jni.cpp, line 1108]
Event: 49.613 Thread 0x0000019affd14a00 Exception <a 'java/lang/NoSuchMethodError'{0x00000000876744f0}: static Lcom/android/buildanalyzer/common/AndroidGradlePluginAttributionData$TaskInfo;.<clinit>()V> (0x00000000876744f0) 
thrown [s\src\hotspot\share\prims\jni.cpp, line 1108]
Event: 49.614 Thread 0x0000019affd14a00 Exception <a 'java/lang/NoSuchMethodError'{0x0000000087680e28}: static Lcom/android/buildanalyzer/common/AndroidGradlePluginAttributionData$TaskCategoryInfo;.<clinit>()V> (0x0000000087680e28) 
thrown [s\src\hotspot\share\prims\jni.cpp, line 1108]
Event: 50.215 Thread 0x0000019affd17a20 Exception <a 'java/lang/NoSuchMethodError'{0x0000000086e92698}: 'void java.lang.invoke.DirectMethodHandle$Holder.invokeStatic(java.lang.Object, java.lang.Object, java.lang.Object, java.lang.Object, int, java.lang.Object, java.lang.Object)'> (0x0000000086e92698) 
thrown [s\src\hotspot\share\interpreter\linkResolver.cpp, line 771]
Event: 50.255 Thread 0x0000019a9a5d6df0 Exception <a 'java/lang/NoSuchMethodError'{0x0000000086b58c18}: 'java.lang.Object java.lang.invoke.DirectMethodHandle$Holder.invokeSpecialIFC(java.lang.Object, java.lang.Object, java.lang.Object)'> (0x0000000086b58c18) 
thrown [s\src\hotspot\share\interpreter\linkResolver.cpp, line 771]
Event: 50.255 Thread 0x0000019aff8e1f50 Exception <a 'java/lang/NoSuchMethodError'{0x0000000086b65200}: 'java.lang.Object java.lang.invoke.DirectMethodHandle$Holder.invokeSpecialIFC(java.lang.Object, java.lang.Object, java.lang.Object)'> (0x0000000086b65200) 
thrown [s\src\hotspot\share\interpreter\linkResolver.cpp, line 771]
Event: 50.255 Thread 0x0000019affd17a20 Exception <a 'java/lang/NoSuchMethodError'{0x0000000086b35550}: 'java.lang.Object java.lang.invoke.DirectMethodHandle$Holder.invokeSpecialIFC(java.lang.Object, java.lang.Object, java.lang.Object)'> (0x0000000086b35550) 
thrown [s\src\hotspot\share\interpreter\linkResolver.cpp, line 771]
Event: 50.523 Thread 0x0000019a9a5d6df0 Implicit null exception at 0x0000019a8b44793b to 0x0000019a8b448298
Event: 50.523 Thread 0x0000019affd17a20 Implicit null exception at 0x0000019a8b44793b to 0x0000019a8b448298
Event: 50.544 Thread 0x0000019a9a5d6df0 Implicit null exception at 0x0000019a8b45775b to 0x0000019a8b4577e4
Event: 50.992 Thread 0x0000019a9a5d6df0 Exception <a 'java/lang/NoSuchMethodError'{0x00000000872db360}: 'void java.lang.invoke.DirectMethodHandle$Holder.invokeVirtual(java.lang.Object, java.lang.Object)'> (0x00000000872db360) 
thrown [s\src\hotspot\share\interpreter\linkResolver.cpp, line 771]
Event: 54.559 Thread 0x0000019affd17a20 Exception <a 'sun/nio/fs/WindowsException'{0x000000008794bc00}> (0x000000008794bc00) 
thrown [s\src\hotspot\share\prims\jni.cpp, line 517]
Event: 54.559 Thread 0x0000019affd17a20 Exception <a 'sun/nio/fs/WindowsException'{0x000000008794bf40}> (0x000000008794bf40) 
thrown [s\src\hotspot\share\prims\jni.cpp, line 517]
Event: 57.110 Thread 0x0000019affd17a20 Implicit null exception at 0x0000019a8b3cd643 to 0x0000019a8b3cdcac
Event: 57.193 Thread 0x0000019affd17a20 Implicit null exception at 0x0000019a8b3d10c1 to 0x0000019a8b3d1b60

VM Operations (20 events):
Event: 55.700 Executing VM operation: G1CollectForAllocation done
Event: 55.944 Executing VM operation: G1Concurrent
Event: 55.999 Executing VM operation: G1Concurrent done
Event: 56.133 Executing VM operation: HandshakeAllThreads
Event: 56.133 Executing VM operation: HandshakeAllThreads done
Event: 56.137 Executing VM operation: G1Concurrent
Event: 56.138 Executing VM operation: G1Concurrent done
Event: 56.336 Executing VM operation: G1CollectForAllocation
Event: 56.392 Executing VM operation: G1CollectForAllocation done
Event: 56.529 Executing VM operation: G1CollectForAllocation
Event: 56.552 Executing VM operation: G1CollectForAllocation done
Event: 56.585 Executing VM operation: HandshakeAllThreads
Event: 56.586 Executing VM operation: HandshakeAllThreads done
Event: 56.949 Executing VM operation: HandshakeAllThreads
Event: 56.950 Executing VM operation: HandshakeAllThreads done
Event: 57.176 Executing VM operation: G1CollectForAllocation
Event: 57.188 Executing VM operation: G1CollectForAllocation done
Event: 57.604 Executing VM operation: G1CollectForAllocation
Event: 57.620 Executing VM operation: G1CollectForAllocation done
Event: 58.183 Executing VM operation: G1CollectForAllocation

Events (20 events):
Event: 56.461 loading class org/xml/sax/ext/DeclHandler done
Event: 56.461 loading class org/xml/sax/ext/DefaultHandler2 done
Event: 56.469 loading class org/xml/sax/DocumentHandler
Event: 56.469 loading class org/xml/sax/DocumentHandler done
Event: 56.510 loading class java/util/concurrent/ConcurrentLinkedDeque
Event: 56.511 loading class java/util/concurrent/ConcurrentLinkedDeque done
Event: 56.511 loading class java/util/concurrent/ConcurrentLinkedDeque$Node
Event: 56.511 loading class java/util/concurrent/ConcurrentLinkedDeque$Node done
Event: 56.955 loading class org/w3c/dom/DOMImplementation
Event: 56.955 loading class org/w3c/dom/DOMImplementation done
Event: 56.956 loading class org/w3c/dom/ls/DOMImplementationLS
Event: 56.956 loading class org/w3c/dom/ls/DOMImplementationLS done
Event: 56.956 loading class org/w3c/dom/ls/LSParser
Event: 56.956 loading class org/w3c/dom/ls/LSParser done
Event: 56.956 loading class org/w3c/dom/ls/LSOutput
Event: 56.956 loading class org/w3c/dom/ls/LSOutput done
Event: 56.956 loading class org/w3c/dom/ls/LSInput
Event: 56.957 loading class org/w3c/dom/ls/LSInput done
Event: 56.957 loading class org/w3c/dom/ls/LSSerializer
Event: 56.957 loading class org/w3c/dom/ls/LSSerializer done


Dynamic libraries:
0x00007ff793ff0000 - 0x00007ff793ffa000 	C:\MyData\android-studio\jbr\bin\java.exe
0x00007fffbf970000 - 0x00007fffbfb84000 	C:\WINDOWS\SYSTEM32\ntdll.dll
0x00007fffbf4f0000 - 0x00007fffbf5b2000 	C:\WINDOWS\System32\KERNEL32.DLL
0x00007fffbd100000 - 0x00007fffbd49c000 	C:\WINDOWS\System32\KERNELBASE.dll
0x00007fffbd660000 - 0x00007fffbd771000 	C:\WINDOWS\System32\ucrtbase.dll
0x00007fffb7d90000 - 0x00007fffb7dab000 	C:\MyData\android-studio\jbr\bin\VCRUNTIME140.dll
0x00007fffa8280000 - 0x00007fffa8297000 	C:\MyData\android-studio\jbr\bin\jli.dll
0x00007fffbe490000 - 0x00007fffbe63b000 	C:\WINDOWS\System32\USER32.dll
0x00007fffa9330000 - 0x00007fffa95be000 	C:\WINDOWS\WinSxS\amd64_microsoft.windows.common-controls_6595b64144ccf1df_6.0.22621.608_none_a9444ca7c10bb01d\COMCTL32.dll
0x00007fffbcfe0000 - 0x00007fffbd006000 	C:\WINDOWS\System32\win32u.dll
0x00007fffbd9c0000 - 0x00007fffbda67000 	C:\WINDOWS\System32\msvcrt.dll
0x00007fffbd780000 - 0x00007fffbd7a9000 	C:\WINDOWS\System32\GDI32.dll
0x00007fffbd4a0000 - 0x00007fffbd5b3000 	C:\WINDOWS\System32\gdi32full.dll
0x00007fffbd5c0000 - 0x00007fffbd65a000 	C:\WINDOWS\System32\msvcp_win.dll
0x00007fffbe220000 - 0x00007fffbe251000 	C:\WINDOWS\System32\IMM32.DLL
0x00007fffb7df0000 - 0x00007fffb7dfc000 	C:\MyData\android-studio\jbr\bin\vcruntime140_1.dll
0x00007fffa2f70000 - 0x00007fffa2ffd000 	C:\MyData\android-studio\jbr\bin\msvcp140.dll
0x00007fff71580000 - 0x00007fff721ed000 	C:\MyData\android-studio\jbr\bin\server\jvm.dll
0x00007fffbd7b0000 - 0x00007fffbd85e000 	C:\WINDOWS\System32\ADVAPI32.dll
0x00007fffbd860000 - 0x00007fffbd904000 	C:\WINDOWS\System32\sechost.dll
0x00007fffbf810000 - 0x00007fffbf927000 	C:\WINDOWS\System32\RPCRT4.dll
0x00007fffa24e0000 - 0x00007fffa24e9000 	C:\WINDOWS\SYSTEM32\WSOCK32.dll
0x00007fffbe410000 - 0x00007fffbe481000 	C:\WINDOWS\System32\WS2_32.dll
0x00007fffb2d00000 - 0x00007fffb2d34000 	C:\WINDOWS\SYSTEM32\WINMM.dll
0x00007fffb1c80000 - 0x00007fffb1c8a000 	C:\WINDOWS\SYSTEM32\VERSION.dll
0x00007fffbbe70000 - 0x00007fffbbe88000 	C:\WINDOWS\SYSTEM32\kernel.appcore.dll
0x00007fffb9990000 - 0x00007fffb999a000 	C:\MyData\android-studio\jbr\bin\jimage.dll
0x00007fffba6d0000 - 0x00007fffba8fe000 	C:\WINDOWS\SYSTEM32\DBGHELP.DLL
0x00007fffbe680000 - 0x00007fffbea09000 	C:\WINDOWS\System32\combase.dll
0x00007fffbdac0000 - 0x00007fffbdb97000 	C:\WINDOWS\System32\OLEAUT32.dll
0x00007fff98750000 - 0x00007fff98782000 	C:\WINDOWS\SYSTEM32\dbgcore.DLL
0x00007fffbd080000 - 0x00007fffbd0fb000 	C:\WINDOWS\System32\bcryptPrimitives.dll
0x00007fffaecd0000 - 0x00007fffaecf5000 	C:\MyData\android-studio\jbr\bin\java.dll
0x00007fffb0670000 - 0x00007fffb0688000 	C:\MyData\android-studio\jbr\bin\zip.dll
0x00007fffbed00000 - 0x00007fffbf4f0000 	C:\WINDOWS\System32\SHELL32.dll
0x00007fffbadc0000 - 0x00007fffbb68d000 	C:\WINDOWS\SYSTEM32\windows.storage.dll
0x00007fffbac80000 - 0x00007fffbadbe000 	C:\WINDOWS\SYSTEM32\wintypes.dll
0x00007fffbeb80000 - 0x00007fffbec71000 	C:\WINDOWS\System32\SHCORE.dll
0x00007fffbea20000 - 0x00007fffbea7e000 	C:\WINDOWS\System32\shlwapi.dll
0x00007fffbcce0000 - 0x00007fffbcd01000 	C:\WINDOWS\SYSTEM32\profapi.dll
0x00007fffab270000 - 0x00007fffab289000 	C:\MyData\android-studio\jbr\bin\net.dll
0x00007fffb4c00000 - 0x00007fffb4d37000 	C:\WINDOWS\SYSTEM32\WINHTTP.dll
0x00007fffbc360000 - 0x00007fffbc3c9000 	C:\WINDOWS\system32\mswsock.dll
0x00007fffa82a0000 - 0x00007fffa82b6000 	C:\MyData\android-studio\jbr\bin\nio.dll
0x00007fffb7fe0000 - 0x00007fffb7ff0000 	C:\MyData\android-studio\jbr\bin\verify.dll
0x00007fffa8110000 - 0x00007fffa8137000 	C:\Users\lenovo\.gradle\native\68d5fa5c4cc2d200863cafc0d521ce42e7d3e7ee720ec0a83991735586a16f82\windows-amd64\native-platform.dll
0x00007fff7bd00000 - 0x00007fff7be44000 	C:\Users\lenovo\.gradle\native\e376f236ea51e6404a007f0833ffe2c6e607c4080706a723a18a27aeea778392\windows-amd64\native-platform-file-events.dll
0x00007fffb7dc0000 - 0x00007fffb7dc9000 	C:\MyData\android-studio\jbr\bin\management.dll
0x00007fffb7a50000 - 0x00007fffb7a5b000 	C:\MyData\android-studio\jbr\bin\management_ext.dll
0x00007fffbea10000 - 0x00007fffbea18000 	C:\WINDOWS\System32\PSAPI.DLL
0x00007fffbc5c0000 - 0x00007fffbc5db000 	C:\WINDOWS\SYSTEM32\CRYPTSP.dll
0x00007fffbbde0000 - 0x00007fffbbe15000 	C:\WINDOWS\system32\rsaenh.dll
0x00007fffbc460000 - 0x00007fffbc488000 	C:\WINDOWS\SYSTEM32\USERENV.dll
0x00007fffbc780000 - 0x00007fffbc7a8000 	C:\WINDOWS\SYSTEM32\bcrypt.dll
0x00007fffbc5e0000 - 0x00007fffbc5ec000 	C:\WINDOWS\SYSTEM32\CRYPTBASE.dll
0x00007fffbb920000 - 0x00007fffbb94d000 	C:\WINDOWS\SYSTEM32\IPHLPAPI.DLL
0x00007fffbe670000 - 0x00007fffbe679000 	C:\WINDOWS\System32\NSI.dll
0x00007fffb4930000 - 0x00007fffb4949000 	C:\WINDOWS\SYSTEM32\dhcpcsvc6.DLL
0x00007fffb4910000 - 0x00007fffb492f000 	C:\WINDOWS\SYSTEM32\dhcpcsvc.DLL
0x00007fffbb950000 - 0x00007fffbba43000 	C:\WINDOWS\SYSTEM32\DNSAPI.dll
0x00007fffb2cf0000 - 0x00007fffb2cf8000 	C:\WINDOWS\system32\wshunix.dll

dbghelp: loaded successfully - version: 4.0.5 - missing functions: none
symbol engine: initialized successfully - sym options: 0x614 - pdb path: .;C:\MyData\android-studio\jbr\bin;C:\WINDOWS\SYSTEM32;C:\WINDOWS\WinSxS\amd64_microsoft.windows.common-controls_6595b64144ccf1df_6.0.22621.608_none_a9444ca7c10bb01d;C:\MyData\android-studio\jbr\bin\server;C:\Users\lenovo\.gradle\native\68d5fa5c4cc2d200863cafc0d521ce42e7d3e7ee720ec0a83991735586a16f82\windows-amd64;C:\Users\lenovo\.gradle\native\e376f236ea51e6404a007f0833ffe2c6e607c4080706a723a18a27aeea778392\windows-amd64

VM Arguments:
jvm_args: --add-opens=java.base/java.util=ALL-UNNAMED --add-opens=java.base/java.lang=ALL-UNNAMED --add-opens=java.base/java.lang.invoke=ALL-UNNAMED --add-opens=java.prefs/java.util.prefs=ALL-UNNAMED --add-opens=java.base/java.nio.charset=ALL-UNNAMED --add-opens=java.base/java.net=ALL-UNNAMED --add-opens=java.base/java.util.concurrent.atomic=ALL-UNNAMED -Xmx2048m -Dfile.encoding=UTF-8 -Duser.country=US -Duser.language=en -Duser.variant 
java_command: org.gradle.launcher.daemon.bootstrap.GradleDaemon 8.0
java_class_path (initial): C:\Users\lenovo\.gradle\wrapper\dists\gradle-8.0-bin\ca5e32bp14vu59qr306oxotwh\gradle-8.0\lib\gradle-launcher-8.0.jar
Launcher Type: SUN_STANDARD

[Global flags]
     intx CICompilerCount                          = 3                                         {product} {ergonomic}
     uint ConcGCThreads                            = 1                                         {product} {ergonomic}
     uint G1ConcRefinementThreads                  = 4                                         {product} {ergonomic}
   size_t G1HeapRegionSize                         = 1048576                                   {product} {ergonomic}
    uintx GCDrainStackTargetSize                   = 64                                        {product} {ergonomic}
   size_t InitialHeapSize                          = 132120576                                 {product} {ergonomic}
   size_t MarkStackSize                            = 4194304                                   {product} {ergonomic}
   size_t MaxHeapSize                              = 2147483648                                {product} {command line}
   size_t MaxNewSize                               = 1287651328                                {product} {ergonomic}
   size_t MinHeapDeltaBytes                        = 1048576                                   {product} {ergonomic}
   size_t MinHeapSize                              = 8388608                                   {product} {ergonomic}
    uintx NonNMethodCodeHeapSize                   = 5832780                                {pd product} {ergonomic}
    uintx NonProfiledCodeHeapSize                  = 122912730                              {pd product} {ergonomic}
    uintx ProfiledCodeHeapSize                     = 122912730                              {pd product} {ergonomic}
    uintx ReservedCodeCacheSize                    = 251658240                              {pd product} {ergonomic}
     bool SegmentedCodeCache                       = true                                      {product} {ergonomic}
   size_t SoftMaxHeapSize                          = 2147483648                             {manageable} {ergonomic}
     bool UseCompressedClassPointers               = true                           {product lp64_product} {ergonomic}
     bool UseCompressedOops                        = true                           {product lp64_product} {ergonomic}
     bool UseG1GC                                  = true                                      {product} {ergonomic}
     bool UseLargePagesIndividualAllocation        = false                                  {pd product} {ergonomic}

Logging:
Log output configuration:
 #0: stdout all=warning uptime,level,tags
 #1: stderr all=off uptime,level,tags

Environment Variables:
PATH=C:\Program Files (x86)\Common Files\Oracle\Java\javapath;C:\WINDOWS\system32;C:\WINDOWS;C:\WINDOWS\System32\Wbem;C:\WINDOWS\System32\WindowsPowerShell\v1.0\;C:\WINDOWS\System32\OpenSSH\;C:\Program Files\Git\cmd;C:\xampp\mysql\bin;C:\Program Files\Cloudflare\Cloudflare WARP\;C:\Users\lenovo\AppData\Local\Microsoft\WindowsApps;;C:\Users\lenovo\AppData\Local\Programs\Microsoft VS Code\bin;C:\xampp\php;C:\Users\lenovo\AppData\Local\ComposerSetup\bin;C:\Users\lenovo\AppData\Roaming\Composer\vendor\bin
USERNAME=lenovo
OS=Windows_NT
PROCESSOR_IDENTIFIER=Intel64 Family 6 Model 140 Stepping 1, GenuineIntel
TMP=C:\Users\lenovo\AppData\Local\Temp
TEMP=C:\Users\lenovo\AppData\Local\Temp



---------------  S Y S T E M  ---------------

OS:
 Windows 11 , 64 bit Build 22621 (10.0.22621.1485)
OS uptime: 1 days 3:25 hours

CPU: total 4 (initial active 4) (2 cores per cpu, 2 threads per core) family 6 model 140 stepping 1 microcode 0x66, cx8, cmov, fxsr, ht, mmx, 3dnowpref, sse, sse2, sse3, ssse3, sse4.1, sse4.2, popcnt, lzcnt, tsc, tscinvbit, avx, avx2, aes, erms, clmul, bmi1, bmi2, adx, avx512f, avx512dq, avx512cd, avx512bw, avx512vl, sha, fma, vzeroupper, avx512_vpopcntdq, avx512_vpclmulqdq, avx512_vaes, avx512_vnni, clflush, clflushopt, clwb, avx512_vbmi2, avx512_vbmi

Memory: 4k page, system-wide physical 7991M (127M free)
TotalPageFile size 19991M (AvailPageFile size 85M)
current process WorkingSet (physical memory assigned to process): 361M, peak: 361M
current process commit charge ("private bytes"): 447M, peak: 629M

vm_info: OpenJDK 64-Bit Server VM (17.0.6+0-b2043.56-9746777) for windows-amd64 JRE (17.0.6+0-b2043.56-9746777), built on Mar 15 2023 02:37:40 by "androidbuild" with MS VC++ 16.10 / 16.11 (VS2019)

END.
